Epoch: [99][1/2]	Time  0.512 ( 0.539)	Data  0.029 ( 0.032)	Loss Source 9.0109e+00 (9.9365e+00)	Acc@1   0.00 (  0.02)	Loss Target 8.9489e+00 (9.9263e+00)	Acc@1   0.00 (  0.00)	Loss Sour-Tar CL 8.9489e+00 (9.9263e+00)	Acc@1   0.78 (  1.32)	Loss Sour-Tar Disc 6.9316e-01 (6.9372e-01)	Acc@1   0.46 (  0.50)	Loss Pred 1.6704e+00 (1.7338e+00)	Macro F1   0.10 (  0.08)	Loss TOTAL 5.1233e+00 (5.3797e+00)
VALIDATION RESULTS
Epoch: [99][1/1]	Time  0.000 ( 0.000)	Data  0.011 ( 0.011)	Loss Source 8.8885e+00 (8.8885e+00)	Acc@1   0.00 (  0.00)	Loss Target 8.8890e+00 (8.8890e+00)	Acc@1   0.00 (  0.00)	Loss Sour-Tar CL 8.8890e+00 (8.8890e+00)	Acc@1  12.20 ( 12.20)	Loss Sour-Tar Disc 6.9307e-01 (6.9307e-01)	Acc@1   0.51 (  0.51)	Loss Pred 1.6839e+00 (1.6839e+00)	Macro F1   0.08 (  0.08)	Loss TOTAL 4.8948e+00 (4.8948e+00)
VALIDATION SOURCE PREDICTIONS
Accuracy score is : 0.3415 
Macro F1 score is : 0.0848 
Weighted F1 score is : 0.1738 
Best model is updated!
VALIDATION TARGET PREDICTIONS
Accuracy score is : 0.3659 
Macro F1 score is : 0.0893 
Weighted F1 score is : 0.1960 
Epoch: [199][1/2]	Time  0.501 ( 0.516)	Data  0.030 ( 0.031)	Loss Source 8.9800e+00 (8.9479e+00)	Acc@1   0.00 (  0.02)	Loss Target 8.9299e+00 (8.9518e+00)	Acc@1   0.00 (  0.02)	Loss Sour-Tar CL 8.9299e+00 (8.9518e+00)	Acc@1   3.12 (  1.65)	Loss Sour-Tar Disc 6.9307e-01 (6.9317e-01)	Acc@1   0.50 (  0.50)	Loss Pred 1.5783e+00 (1.6201e+00)	Macro F1   0.17 (  0.12)	Loss TOTAL 5.0219e+00 (5.0658e+00)
VALIDATION RESULTS
Epoch: [199][1/1]	Time  0.000 ( 0.000)	Data  0.011 ( 0.011)	Loss Source 8.9100e+00 (8.9100e+00)	Acc@1   0.00 (  0.00)	Loss Target 8.8985e+00 (8.8985e+00)	Acc@1   0.00 (  0.00)	Loss Sour-Tar CL 8.8985e+00 (8.8985e+00)	Acc@1  17.07 ( 17.07)	Loss Sour-Tar Disc 6.9312e-01 (6.9312e-01)	Acc@1   0.56 (  0.56)	Loss Pred 1.5859e+00 (1.5859e+00)	Macro F1   0.18 (  0.18)	Loss TOTAL 4.7959e+00 (4.7959e+00)
VALIDATION SOURCE PREDICTIONS
Accuracy score is : 0.4634 
Macro F1 score is : 0.1786 
Weighted F1 score is : 0.3659 
Best model is updated!
VALIDATION TARGET PREDICTIONS
Accuracy score is : 0.5122 
Macro F1 score is : 0.2053 
Weighted F1 score is : 0.4198 
Epoch: [299][1/2]	Time  0.504 ( 0.524)	Data  0.029 ( 0.031)	Loss Source 8.8838e+00 (8.9365e+00)	Acc@1   0.00 (  0.05)	Loss Target 8.8786e+00 (8.9362e+00)	Acc@1   0.78 (  0.08)	Loss Sour-Tar CL 8.8786e+00 (8.9362e+00)	Acc@1   3.91 (  2.22)	Loss Sour-Tar Disc 6.9287e-01 (6.9313e-01)	Acc@1   0.49 (  0.50)	Loss Pred 1.5053e+00 (1.5291e+00)	Macro F1   0.23 (  0.21)	Loss TOTAL 4.9203e+00 (4.9642e+00)
VALIDATION RESULTS
Epoch: [299][1/1]	Time  0.000 ( 0.000)	Data  0.010 ( 0.010)	Loss Source 8.8540e+00 (8.8540e+00)	Acc@1   0.00 (  0.00)	Loss Target 8.8489e+00 (8.8489e+00)	Acc@1   0.00 (  0.00)	Loss Sour-Tar CL 8.8489e+00 (8.8489e+00)	Acc@1   9.76 (  9.76)	Loss Sour-Tar Disc 6.9318e-01 (6.9318e-01)	Acc@1   0.51 (  0.51)	Loss Pred 1.5324e+00 (1.5324e+00)	Macro F1   0.20 (  0.20)	Loss TOTAL 4.7179e+00 (4.7179e+00)
VALIDATION SOURCE PREDICTIONS
Accuracy score is : 0.5122 
Macro F1 score is : 0.2028 
Weighted F1 score is : 0.4155 
Best model is updated!
VALIDATION TARGET PREDICTIONS
Accuracy score is : 0.5366 
Macro F1 score is : 0.2126 
Weighted F1 score is : 0.4360 
Epoch: [399][1/2]	Time  0.506 ( 0.522)	Data  0.030 ( 0.031)	Loss Source 8.7433e+00 (8.8250e+00)	Acc@1   0.00 (  0.17)	Loss Target 8.7049e+00 (8.8314e+00)	Acc@1   0.00 (  0.14)	Loss Sour-Tar CL 8.7049e+00 (8.8314e+00)	Acc@1   7.81 (  3.57)	Loss Sour-Tar Disc 6.9346e-01 (6.9314e-01)	Acc@1   0.47 (  0.50)	Loss Pred 1.4450e+00 (1.4737e+00)	Macro F1   0.26 (  0.24)	Loss TOTAL 4.7700e+00 (4.8530e+00)
VALIDATION RESULTS
Epoch: [399][1/1]	Time  0.000 ( 0.000)	Data  0.010 ( 0.010)	Loss Source 8.5787e+00 (8.5787e+00)	Acc@1   0.00 (  0.00)	Loss Target 8.6201e+00 (8.6201e+00)	Acc@1   0.00 (  0.00)	Loss Sour-Tar CL 8.6201e+00 (8.6201e+00)	Acc@1   9.76 (  9.76)	Loss Sour-Tar Disc 6.9301e-01 (6.9301e-01)	Acc@1   0.57 (  0.57)	Loss Pred 1.4779e+00 (1.4779e+00)	Macro F1   0.24 (  0.24)	Loss TOTAL 4.5589e+00 (4.5589e+00)
VALIDATION SOURCE PREDICTIONS
Accuracy score is : 0.6098 
Macro F1 score is : 0.2448 
Weighted F1 score is : 0.5015 
Best model is updated!
VALIDATION TARGET PREDICTIONS
Accuracy score is : 0.6098 
Macro F1 score is : 0.2470 
Weighted F1 score is : 0.5031 
Epoch: [499][1/2]	Time  0.680 ( 0.526)	Data  0.039 ( 0.031)	Loss Source 8.6082e+00 (8.4678e+00)	Acc@1   0.00 (  0.14)	Loss Target 8.3226e+00 (8.5387e+00)	Acc@1   0.00 (  0.14)	Loss Sour-Tar CL 8.3226e+00 (8.5387e+00)	Acc@1  12.50 (  5.11)	Loss Sour-Tar Disc 6.9254e-01 (6.9269e-01)	Acc@1   0.55 (  0.54)	Loss Pred 1.3760e+00 (1.4006e+00)	Macro F1   0.25 (  0.26)	Loss TOTAL 4.6115e+00 (4.6688e+00)
VALIDATION RESULTS
Epoch: [499][1/1]	Time  0.000 ( 0.000)	Data  0.011 ( 0.011)	Loss Source 8.3604e+00 (8.3604e+00)	Acc@1   0.00 (  0.00)	Loss Target 8.3003e+00 (8.3003e+00)	Acc@1   0.00 (  0.00)	Loss Sour-Tar CL 8.3003e+00 (8.3003e+00)	Acc@1  21.95 ( 21.95)	Loss Sour-Tar Disc 6.9304e-01 (6.9304e-01)	Acc@1   0.51 (  0.51)	Loss Pred 1.4104e+00 (1.4104e+00)	Macro F1   0.23 (  0.23)	Loss TOTAL 4.3988e+00 (4.3988e+00)
VALIDATION SOURCE PREDICTIONS
Accuracy score is : 0.5854 
Macro F1 score is : 0.2323 
Weighted F1 score is : 0.4760 
VALIDATION TARGET PREDICTIONS
Accuracy score is : 0.6585 
Macro F1 score is : 0.2606 
Weighted F1 score is : 0.5343 
Epoch: [599][1/2]	Time  0.501 ( 0.511)	Data  0.031 ( 0.031)	Loss Source 8.1881e+00 (8.3304e+00)	Acc@1   0.00 (  0.29)	Loss Target 8.4400e+00 (8.3923e+00)	Acc@1   0.00 (  0.24)	Loss Sour-Tar CL 8.4400e+00 (8.3923e+00)	Acc@1   3.91 (  6.94)	Loss Sour-Tar Disc 6.8941e-01 (6.9115e-01)	Acc@1   0.57 (  0.57)	Loss Pred 1.2436e+00 (1.3129e+00)	Macro F1   0.26 (  0.26)	Loss TOTAL 4.4477e+00 (4.5270e+00)
VALIDATION RESULTS
Epoch: [599][1/1]	Time  0.000 ( 0.000)	Data  0.011 ( 0.011)	Loss Source 8.4478e+00 (8.4478e+00)	Acc@1   0.00 (  0.00)	Loss Target 8.2129e+00 (8.2129e+00)	Acc@1   0.00 (  0.00)	Loss Sour-Tar CL 8.2129e+00 (8.2129e+00)	Acc@1  12.20 ( 12.20)	Loss Sour-Tar Disc 6.9101e-01 (6.9101e-01)	Acc@1   0.57 (  0.57)	Loss Pred 1.3354e+00 (1.3354e+00)	Macro F1   0.24 (  0.24)	Loss TOTAL 4.3239e+00 (4.3239e+00)
VALIDATION SOURCE PREDICTIONS
Accuracy score is : 0.6098 
Macro F1 score is : 0.2424 
Weighted F1 score is : 0.4967 
VALIDATION TARGET PREDICTIONS
Accuracy score is : 0.5610 
Macro F1 score is : 0.2247 
Weighted F1 score is : 0.4585 
Epoch: [699][1/2]	Time  0.498 ( 0.513)	Data  0.030 ( 0.031)	Loss Source 8.1727e+00 (8.2641e+00)	Acc@1   0.00 (  0.38)	Loss Target 8.2153e+00 (8.2736e+00)	Acc@1   0.00 (  0.38)	Loss Sour-Tar CL 8.2153e+00 (8.2736e+00)	Acc@1   8.59 (  9.49)	Loss Sour-Tar Disc 6.8875e-01 (6.8812e-01)	Acc@1   0.56 (  0.57)	Loss Pred 1.2051e+00 (1.2104e+00)	Macro F1   0.26 (  0.26)	Loss TOTAL 4.3800e+00 (4.3898e+00)
VALIDATION RESULTS
Epoch: [699][1/1]	Time  0.000 ( 0.000)	Data  0.011 ( 0.011)	Loss Source 7.9414e+00 (7.9414e+00)	Acc@1   0.00 (  0.00)	Loss Target 8.5655e+00 (8.5655e+00)	Acc@1   0.00 (  0.00)	Loss Sour-Tar CL 8.5655e+00 (8.5655e+00)	Acc@1  26.83 ( 26.83)	Loss Sour-Tar Disc 6.9178e-01 (6.9178e-01)	Acc@1   0.50 (  0.50)	Loss Pred 1.2071e+00 (1.2071e+00)	Macro F1   0.26 (  0.26)	Loss TOTAL 4.2729e+00 (4.2729e+00)
VALIDATION SOURCE PREDICTIONS
Accuracy score is : 0.6341 
Macro F1 score is : 0.2556 
Weighted F1 score is : 0.5236 
Best model is updated!
VALIDATION TARGET PREDICTIONS
Accuracy score is : 0.5854 
Macro F1 score is : 0.2323 
Weighted F1 score is : 0.4753 
Epoch: [799][1/2]	Time  0.533 ( 0.525)	Data  0.031 ( 0.031)	Loss Source 8.0231e+00 (8.1564e+00)	Acc@1   0.00 (  0.36)	Loss Target 8.1049e+00 (8.1363e+00)	Acc@1   0.00 (  0.35)	Loss Sour-Tar CL 8.1049e+00 (8.1363e+00)	Acc@1  15.62 ( 10.68)	Loss Sour-Tar Disc 6.8110e-01 (6.8407e-01)	Acc@1   0.60 (  0.58)	Loss Pred 1.0701e+00 (1.1309e+00)	Macro F1   0.27 (  0.26)	Loss TOTAL 4.1823e+00 (4.2750e+00)
VALIDATION RESULTS
Epoch: [799][1/1]	Time  0.000 ( 0.000)	Data  0.010 ( 0.010)	Loss Source 7.9576e+00 (7.9576e+00)	Acc@1   0.00 (  0.00)	Loss Target 8.2415e+00 (8.2415e+00)	Acc@1   0.00 (  0.00)	Loss Sour-Tar CL 8.2415e+00 (8.2415e+00)	Acc@1  24.39 ( 24.39)	Loss Sour-Tar Disc 6.8598e-01 (6.8598e-01)	Acc@1   0.50 (  0.50)	Loss Pred 1.2060e+00 (1.2060e+00)	Macro F1   0.24 (  0.24)	Loss TOTAL 4.1260e+00 (4.1260e+00)
VALIDATION SOURCE PREDICTIONS
Accuracy score is : 0.6098 
Macro F1 score is : 0.2431 
Weighted F1 score is : 0.4981 
VALIDATION TARGET PREDICTIONS
Accuracy score is : 0.6098 
Macro F1 score is : 0.2469 
Weighted F1 score is : 0.5023 
Epoch: [899][1/2]	Time  0.560 ( 0.515)	Data  0.029 ( 0.031)	Loss Source 8.3334e+00 (8.1468e+00)	Acc@1   0.78 (  0.20)	Loss Target 8.0481e+00 (8.1065e+00)	Acc@1   0.78 (  0.22)	Loss Sour-Tar CL 8.0481e+00 (8.1065e+00)	Acc@1  15.62 ( 12.09)	Loss Sour-Tar Disc 6.8275e-01 (6.8014e-01)	Acc@1   0.59 (  0.61)	Loss Pred 1.0903e+00 (1.0643e+00)	Macro F1   0.25 (  0.26)	Loss TOTAL 4.2332e+00 (4.1930e+00)
VALIDATION RESULTS
Epoch: [899][1/1]	Time  0.000 ( 0.000)	Data  0.011 ( 0.011)	Loss Source 8.1461e+00 (8.1461e+00)	Acc@1   0.00 (  0.00)	Loss Target 8.0158e+00 (8.0158e+00)	Acc@1   0.00 (  0.00)	Loss Sour-Tar CL 8.0158e+00 (8.0158e+00)	Acc@1  41.46 ( 41.46)	Loss Sour-Tar Disc 6.8327e-01 (6.8327e-01)	Acc@1   0.60 (  0.60)	Loss Pred 1.1398e+00 (1.1398e+00)	Macro F1   0.24 (  0.24)	Loss TOTAL 4.0298e+00 (4.0298e+00)
VALIDATION SOURCE PREDICTIONS
Accuracy score is : 0.6098 
Macro F1 score is : 0.2431 
Weighted F1 score is : 0.4980 
VALIDATION TARGET PREDICTIONS
Accuracy score is : 0.6098 
Macro F1 score is : 0.2410 
Weighted F1 score is : 0.4942 
Epoch: [999][1/2]	Time  0.546 ( 0.514)	Data  0.029 ( 0.031)	Loss Source 8.1925e+00 (8.1302e+00)	Acc@1   0.00 (  0.27)	Loss Target 8.1066e+00 (8.0792e+00)	Acc@1   0.00 (  0.27)	Loss Sour-Tar CL 8.1066e+00 (8.0792e+00)	Acc@1  10.94 ( 12.64)	Loss Sour-Tar Disc 6.8011e-01 (6.7649e-01)	Acc@1   0.59 (  0.63)	Loss Pred 1.0905e+00 (1.0166e+00)	Macro F1   0.25 (  0.26)	Loss TOTAL 4.2190e+00 (4.1306e+00)
VALIDATION RESULTS
Epoch: [999][1/1]	Time  0.000 ( 0.000)	Data  0.011 ( 0.011)	Loss Source 8.0624e+00 (8.0624e+00)	Acc@1   0.00 (  0.00)	Loss Target 8.0413e+00 (8.0413e+00)	Acc@1   0.00 (  0.00)	Loss Sour-Tar CL 8.0413e+00 (8.0413e+00)	Acc@1  31.71 ( 31.71)	Loss Sour-Tar Disc 6.9094e-01 (6.9094e-01)	Acc@1   0.59 (  0.59)	Loss Pred 1.1836e+00 (1.1836e+00)	Macro F1   0.23 (  0.23)	Loss TOTAL 4.0869e+00 (4.0869e+00)
VALIDATION SOURCE PREDICTIONS
Accuracy score is : 0.5854 
Macro F1 score is : 0.2343 
Weighted F1 score is : 0.4800 
VALIDATION TARGET PREDICTIONS
Accuracy score is : 0.5610 
Macro F1 score is : 0.2235 
Weighted F1 score is : 0.4561 
Epoch: [1099][1/2]	Time  0.512 ( 0.523)	Data  0.031 ( 0.031)	Loss Source 8.1391e+00 (8.0788e+00)	Acc@1   0.00 (  0.16)	Loss Target 8.0300e+00 (8.0184e+00)	Acc@1   0.00 (  0.20)	Loss Sour-Tar CL 8.0300e+00 (8.0184e+00)	Acc@1   7.81 ( 13.35)	Loss Sour-Tar Disc 6.8151e-01 (6.7485e-01)	Acc@1   0.59 (  0.62)	Loss Pred 1.0353e+00 (9.8024e-01)	Macro F1   0.25 (  0.27)	Loss TOTAL 4.1455e+00 (4.0728e+00)
VALIDATION RESULTS
Epoch: [1099][1/1]	Time  0.000 ( 0.000)	Data  0.010 ( 0.010)	Loss Source 7.6904e+00 (7.6904e+00)	Acc@1   4.88 (  4.88)	Loss Target 7.7856e+00 (7.7856e+00)	Acc@1   0.00 (  0.00)	Loss Sour-Tar CL 7.7856e+00 (7.7856e+00)	Acc@1  46.34 ( 46.34)	Loss Sour-Tar Disc 6.8953e-01 (6.8953e-01)	Acc@1   0.55 (  0.55)	Loss Pred 1.0744e+00 (1.0744e+00)	Macro F1   0.26 (  0.26)	Loss TOTAL 3.8728e+00 (3.8728e+00)
VALIDATION SOURCE PREDICTIONS
Accuracy score is : 0.6341 
Macro F1 score is : 0.2556 
Weighted F1 score is : 0.5236 
VALIDATION TARGET PREDICTIONS
Accuracy score is : 0.6098 
Macro F1 score is : 0.2419 
Weighted F1 score is : 0.4952 
Epoch: [1199][1/2]	Time  0.503 ( 0.520)	Data  0.031 ( 0.031)	Loss Source 7.9623e+00 (8.0092e+00)	Acc@1   0.78 (  0.27)	Loss Target 8.0349e+00 (7.9626e+00)	Acc@1   0.78 (  0.19)	Loss Sour-Tar CL 8.0349e+00 (7.9626e+00)	Acc@1  17.19 ( 14.20)	Loss Sour-Tar Disc 6.6581e-01 (6.7416e-01)	Acc@1   0.64 (  0.62)	Loss Pred 9.5480e-01 (9.4595e-01)	Macro F1   0.26 (  0.27)	Loss TOTAL 4.0448e+00 (4.0166e+00)
VALIDATION RESULTS
Epoch: [1199][1/1]	Time  0.000 ( 0.000)	Data  0.010 ( 0.010)	Loss Source 7.4485e+00 (7.4485e+00)	Acc@1   0.00 (  0.00)	Loss Target 7.8581e+00 (7.8581e+00)	Acc@1   0.00 (  0.00)	Loss Sour-Tar CL 7.8581e+00 (7.8581e+00)	Acc@1  24.39 ( 24.39)	Loss Sour-Tar Disc 6.9089e-01 (6.9089e-01)	Acc@1   0.54 (  0.54)	Loss Pred 1.0661e+00 (1.0661e+00)	Macro F1   0.26 (  0.26)	Loss TOTAL 3.8978e+00 (3.8978e+00)
VALIDATION SOURCE PREDICTIONS
Accuracy score is : 0.6341 
Macro F1 score is : 0.2556 
Weighted F1 score is : 0.5236 
VALIDATION TARGET PREDICTIONS
Accuracy score is : 0.5610 
Macro F1 score is : 0.2216 
Weighted F1 score is : 0.4549 
Epoch: [1299][1/2]	Time  0.515 ( 0.517)	Data  0.030 ( 0.031)	Loss Source 7.9474e+00 (7.9874e+00)	Acc@1   0.00 (  0.26)	Loss Target 7.7695e+00 (7.8936e+00)	Acc@1   1.56 (  0.21)	Loss Sour-Tar CL 7.7695e+00 (7.8936e+00)	Acc@1  15.62 ( 14.81)	Loss Sour-Tar Disc 6.6674e-01 (6.7441e-01)	Acc@1   0.62 (  0.61)	Loss Pred 8.8855e-01 (9.1674e-01)	Macro F1   0.27 (  0.27)	Loss TOTAL 3.9044e+00 (3.9690e+00)
VALIDATION RESULTS
Epoch: [1299][1/1]	Time  0.000 ( 0.000)	Data  0.010 ( 0.010)	Loss Source 8.0436e+00 (8.0436e+00)	Acc@1   0.00 (  0.00)	Loss Target 7.8148e+00 (7.8148e+00)	Acc@1   0.00 (  0.00)	Loss Sour-Tar CL 7.8148e+00 (7.8148e+00)	Acc@1  29.27 ( 29.27)	Loss Sour-Tar Disc 6.7686e-01 (6.7686e-01)	Acc@1   0.59 (  0.59)	Loss Pred 9.8926e-01 (9.8926e-01)	Macro F1   0.26 (  0.26)	Loss TOTAL 3.8453e+00 (3.8453e+00)
VALIDATION SOURCE PREDICTIONS
Accuracy score is : 0.6585 
Macro F1 score is : 0.2646 
Weighted F1 score is : 0.5421 
Best model is updated!
VALIDATION TARGET PREDICTIONS
Accuracy score is : 0.5610 
Macro F1 score is : 0.2227 
Weighted F1 score is : 0.4553 
Epoch: [1399][1/2]	Time  0.523 ( 0.510)	Data  0.029 ( 0.030)	Loss Source 7.9497e+00 (7.9127e+00)	Acc@1   0.00 (  0.39)	Loss Target 7.8089e+00 (7.8324e+00)	Acc@1   0.00 (  0.30)	Loss Sour-Tar CL 7.8089e+00 (7.8324e+00)	Acc@1  18.75 ( 15.72)	Loss Sour-Tar Disc 6.8303e-01 (6.7483e-01)	Acc@1   0.58 (  0.61)	Loss Pred 8.4026e-01 (8.8059e-01)	Macro F1   0.27 (  0.27)	Loss TOTAL 3.8668e+00 (3.9138e+00)
VALIDATION RESULTS
Epoch: [1399][1/1]	Time  0.000 ( 0.000)	Data  0.013 ( 0.013)	Loss Source 7.4356e+00 (7.4356e+00)	Acc@1   7.32 (  7.32)	Loss Target 7.7143e+00 (7.7143e+00)	Acc@1   0.00 (  0.00)	Loss Sour-Tar CL 7.7143e+00 (7.7143e+00)	Acc@1  43.90 ( 43.90)	Loss Sour-Tar Disc 6.8255e-01 (6.8255e-01)	Acc@1   0.59 (  0.59)	Loss Pred 9.7062e-01 (9.7062e-01)	Macro F1   0.26 (  0.26)	Loss TOTAL 3.7301e+00 (3.7301e+00)
VALIDATION SOURCE PREDICTIONS
Accuracy score is : 0.6341 
Macro F1 score is : 0.2558 
Weighted F1 score is : 0.5241 
VALIDATION TARGET PREDICTIONS
Accuracy score is : 0.6341 
Macro F1 score is : 0.2517 
Weighted F1 score is : 0.5140 
Epoch: [1499][1/2]	Time  0.501 ( 0.524)	Data  0.029 ( 0.031)	Loss Source 7.9108e+00 (7.8870e+00)	Acc@1   0.78 (  0.27)	Loss Target 7.8595e+00 (7.7716e+00)	Acc@1   0.78 (  0.33)	Loss Sour-Tar CL 7.8595e+00 (7.7716e+00)	Acc@1  13.28 ( 15.94)	Loss Sour-Tar Disc 6.9262e-01 (6.7672e-01)	Acc@1   0.56 (  0.60)	Loss Pred 8.7947e-01 (8.5566e-01)	Macro F1   0.31 (  0.29)	Loss TOTAL 3.9391e+00 (3.8727e+00)
VALIDATION RESULTS
Epoch: [1499][1/1]	Time  0.000 ( 0.000)	Data  0.010 ( 0.010)	Loss Source 7.4308e+00 (7.4308e+00)	Acc@1   2.44 (  2.44)	Loss Target 7.6977e+00 (7.6977e+00)	Acc@1   2.44 (  2.44)	Loss Sour-Tar CL 7.6977e+00 (7.6977e+00)	Acc@1  39.02 ( 39.02)	Loss Sour-Tar Disc 6.7246e-01 (6.7246e-01)	Acc@1   0.59 (  0.59)	Loss Pred 9.5972e-01 (9.5972e-01)	Macro F1   0.28 (  0.28)	Loss TOTAL 3.7020e+00 (3.7020e+00)
VALIDATION SOURCE PREDICTIONS
Accuracy score is : 0.6829 
Macro F1 score is : 0.2752 
Weighted F1 score is : 0.5639 
Best model is updated!
VALIDATION TARGET PREDICTIONS
Accuracy score is : 0.5854 
Macro F1 score is : 0.2393 
Weighted F1 score is : 0.4878 
Epoch: [1599][1/2]	Time  0.511 ( 0.517)	Data  0.030 ( 0.030)	Loss Source 7.6954e+00 (7.8651e+00)	Acc@1   0.78 (  0.33)	Loss Target 7.7862e+00 (7.7557e+00)	Acc@1   0.00 (  0.36)	Loss Sour-Tar CL 7.7862e+00 (7.7557e+00)	Acc@1  11.72 ( 16.02)	Loss Sour-Tar Disc 6.8226e-01 (6.7870e-01)	Acc@1   0.60 (  0.60)	Loss Pred 7.8449e-01 (8.2566e-01)	Macro F1   0.37 (  0.33)	Loss TOTAL 3.7892e+00 (3.8409e+00)
VALIDATION RESULTS
Epoch: [1599][1/1]	Time  0.000 ( 0.000)	Data  0.010 ( 0.010)	Loss Source 7.1932e+00 (7.1932e+00)	Acc@1   4.88 (  4.88)	Loss Target 7.4867e+00 (7.4867e+00)	Acc@1   0.00 (  0.00)	Loss Sour-Tar CL 7.4867e+00 (7.4867e+00)	Acc@1  31.71 ( 31.71)	Loss Sour-Tar Disc 6.8615e-01 (6.8615e-01)	Acc@1   0.56 (  0.56)	Loss Pred 9.1310e-01 (9.1310e-01)	Macro F1   0.28 (  0.28)	Loss TOTAL 3.6214e+00 (3.6214e+00)
VALIDATION SOURCE PREDICTIONS
Accuracy score is : 0.6829 
Macro F1 score is : 0.2752 
Weighted F1 score is : 0.5639 
VALIDATION TARGET PREDICTIONS
Accuracy score is : 0.6098 
Macro F1 score is : 0.2556 
Weighted F1 score is : 0.5187 
Epoch: [1699][1/2]	Time  0.520 ( 0.531)	Data  0.029 ( 0.031)	Loss Source 7.7715e+00 (7.8305e+00)	Acc@1   0.00 (  0.23)	Loss Target 7.7704e+00 (7.7200e+00)	Acc@1   0.00 (  0.21)	Loss Sour-Tar CL 7.7704e+00 (7.7200e+00)	Acc@1  17.97 ( 16.17)	Loss Sour-Tar Disc 6.8507e-01 (6.7924e-01)	Acc@1   0.57 (  0.59)	Loss Pred 7.9899e-01 (7.9529e-01)	Macro F1   0.39 (  0.36)	Loss TOTAL 3.8031e+00 (3.7960e+00)
VALIDATION RESULTS
Epoch: [1699][1/1]	Time  0.000 ( 0.000)	Data  0.010 ( 0.010)	Loss Source 7.5135e+00 (7.5135e+00)	Acc@1   2.44 (  2.44)	Loss Target 7.4929e+00 (7.4929e+00)	Acc@1   0.00 (  0.00)	Loss Sour-Tar CL 7.4929e+00 (7.4929e+00)	Acc@1  39.02 ( 39.02)	Loss Sour-Tar Disc 6.8404e-01 (6.8404e-01)	Acc@1   0.56 (  0.56)	Loss Pred 8.7928e-01 (8.7928e-01)	Macro F1   0.33 (  0.33)	Loss TOTAL 3.5795e+00 (3.5795e+00)
VALIDATION SOURCE PREDICTIONS
Accuracy score is : 0.6829 
Macro F1 score is : 0.3343 
Weighted F1 score is : 0.5874 
Best model is updated!
VALIDATION TARGET PREDICTIONS
Accuracy score is : 0.5610 
Macro F1 score is : 0.2345 
Weighted F1 score is : 0.4778 
Epoch: [1799][1/2]	Time  0.498 ( 0.524)	Data  0.029 ( 0.030)	Loss Source 7.7981e+00 (7.8006e+00)	Acc@1   2.34 (  0.34)	Loss Target 7.6055e+00 (7.7000e+00)	Acc@1   0.00 (  0.27)	Loss Sour-Tar CL 7.6055e+00 (7.7000e+00)	Acc@1  22.66 ( 16.48)	Loss Sour-Tar Disc 6.7354e-01 (6.7949e-01)	Acc@1   0.60 (  0.59)	Loss Pred 7.3157e-01 (7.7044e-01)	Macro F1   0.40 (  0.38)	Loss TOTAL 3.7031e+00 (3.7634e+00)
VALIDATION RESULTS
Epoch: [1799][1/1]	Time  0.000 ( 0.000)	Data  0.010 ( 0.010)	Loss Source 7.6781e+00 (7.6781e+00)	Acc@1   0.00 (  0.00)	Loss Target 7.7680e+00 (7.7680e+00)	Acc@1   0.00 (  0.00)	Loss Sour-Tar CL 7.7680e+00 (7.7680e+00)	Acc@1  31.71 ( 31.71)	Loss Sour-Tar Disc 6.7872e-01 (6.7872e-01)	Acc@1   0.60 (  0.60)	Loss Pred 9.7699e-01 (9.7699e-01)	Macro F1   0.37 (  0.37)	Loss TOTAL 3.7862e+00 (3.7862e+00)
VALIDATION SOURCE PREDICTIONS
Accuracy score is : 0.6829 
Macro F1 score is : 0.3746 
Weighted F1 score is : 0.6048 
Best model is updated!
VALIDATION TARGET PREDICTIONS
Accuracy score is : 0.5366 
Macro F1 score is : 0.2308 
Weighted F1 score is : 0.4690 
Epoch: [1899][1/2]	Time  0.506 ( 0.532)	Data  0.031 ( 0.031)	Loss Source 7.9283e+00 (7.7830e+00)	Acc@1   0.78 (  0.30)	Loss Target 7.6361e+00 (7.6761e+00)	Acc@1   0.00 (  0.41)	Loss Sour-Tar CL 7.6361e+00 (7.6761e+00)	Acc@1  20.31 ( 16.51)	Loss Sour-Tar Disc 6.7734e-01 (6.7917e-01)	Acc@1   0.59 (  0.58)	Loss Pred 7.2979e-01 (7.4566e-01)	Macro F1   0.43 (  0.39)	Loss TOTAL 3.7157e+00 (3.7315e+00)
VALIDATION RESULTS
Epoch: [1899][1/1]	Time  0.000 ( 0.000)	Data  0.010 ( 0.010)	Loss Source 7.5446e+00 (7.5446e+00)	Acc@1   2.44 (  2.44)	Loss Target 7.6224e+00 (7.6224e+00)	Acc@1   0.00 (  0.00)	Loss Sour-Tar CL 7.6224e+00 (7.6224e+00)	Acc@1  21.95 ( 21.95)	Loss Sour-Tar Disc 6.6746e-01 (6.6746e-01)	Acc@1   0.57 (  0.57)	Loss Pred 7.7958e-01 (7.7958e-01)	Macro F1   0.43 (  0.43)	Loss TOTAL 3.5214e+00 (3.5214e+00)
VALIDATION SOURCE PREDICTIONS
Accuracy score is : 0.7561 
Macro F1 score is : 0.4280 
Weighted F1 score is : 0.6679 
Best model is updated!
VALIDATION TARGET PREDICTIONS
Accuracy score is : 0.5854 
Macro F1 score is : 0.3576 
Weighted F1 score is : 0.5613 
Epoch: [1999][1/2]	Time  0.497 ( 0.523)	Data  0.031 ( 0.032)	Loss Source 7.7735e+00 (7.7468e+00)	Acc@1   0.00 (  0.31)	Loss Target 7.8355e+00 (7.6608e+00)	Acc@1   0.78 (  0.34)	Loss Sour-Tar CL 7.8355e+00 (7.6608e+00)	Acc@1   9.38 ( 16.10)	Loss Sour-Tar Disc 6.8309e-01 (6.7886e-01)	Acc@1   0.54 (  0.58)	Loss Pred 7.1891e-01 (7.2105e-01)	Macro F1   0.39 (  0.40)	Loss TOTAL 3.7551e+00 (3.7021e+00)
VALIDATION RESULTS
Epoch: [1999][1/1]	Time  0.000 ( 0.000)	Data  0.010 ( 0.010)	Loss Source 7.1922e+00 (7.1922e+00)	Acc@1   7.32 (  7.32)	Loss Target 7.2934e+00 (7.2934e+00)	Acc@1   2.44 (  2.44)	Loss Sour-Tar CL 7.2934e+00 (7.2934e+00)	Acc@1  39.02 ( 39.02)	Loss Sour-Tar Disc 6.7372e-01 (6.7372e-01)	Acc@1   0.59 (  0.59)	Loss Pred 8.1779e-01 (8.1779e-01)	Macro F1   0.37 (  0.37)	Loss TOTAL 3.4660e+00 (3.4660e+00)
VALIDATION SOURCE PREDICTIONS
Accuracy score is : 0.7073 
Macro F1 score is : 0.3733 
Weighted F1 score is : 0.6254 
VALIDATION TARGET PREDICTIONS
Accuracy score is : 0.5854 
Macro F1 score is : 0.2814 
Weighted F1 score is : 0.5292 
Epoch: [2099][1/2]	Time  0.506 ( 0.529)	Data  0.031 ( 0.032)	Loss Source 7.8595e+00 (7.7143e+00)	Acc@1   0.78 (  0.39)	Loss Target 7.6994e+00 (7.6318e+00)	Acc@1   0.00 (  0.47)	Loss Sour-Tar CL 7.6994e+00 (7.6318e+00)	Acc@1  23.44 ( 16.76)	Loss Sour-Tar Disc 6.7217e-01 (6.7753e-01)	Acc@1   0.61 (  0.58)	Loss Pred 7.3978e-01 (7.0682e-01)	Macro F1   0.44 (  0.41)	Loss TOTAL 3.7338e+00 (3.6751e+00)
VALIDATION RESULTS
Epoch: [2099][1/1]	Time  0.000 ( 0.000)	Data  0.010 ( 0.010)	Loss Source 7.1660e+00 (7.1660e+00)	Acc@1   9.76 (  9.76)	Loss Target 7.5758e+00 (7.5758e+00)	Acc@1   0.00 (  0.00)	Loss Sour-Tar CL 7.5758e+00 (7.5758e+00)	Acc@1  19.51 ( 19.51)	Loss Sour-Tar Disc 6.8122e-01 (6.8122e-01)	Acc@1   0.55 (  0.55)	Loss Pred 8.5426e-01 (8.5426e-01)	Macro F1   0.40 (  0.40)	Loss TOTAL 3.5602e+00 (3.5602e+00)
VALIDATION SOURCE PREDICTIONS
Accuracy score is : 0.7073 
Macro F1 score is : 0.4002 
Weighted F1 score is : 0.6370 
VALIDATION TARGET PREDICTIONS
Accuracy score is : 0.5854 
Macro F1 score is : 0.3468 
Weighted F1 score is : 0.5698 
Epoch: [2199][1/2]	Time  0.516 ( 0.535)	Data  0.031 ( 0.032)	Loss Source 7.5661e+00 (7.7126e+00)	Acc@1   0.78 (  0.30)	Loss Target 7.4243e+00 (7.6123e+00)	Acc@1   0.00 (  0.37)	Loss Sour-Tar CL 7.4243e+00 (7.6123e+00)	Acc@1  22.66 ( 17.30)	Loss Sour-Tar Disc 6.6866e-01 (6.7624e-01)	Acc@1   0.61 (  0.58)	Loss Pred 7.2237e-01 (6.8879e-01)	Macro F1   0.42 (  0.42)	Loss TOTAL 3.6205e+00 (3.6501e+00)
VALIDATION RESULTS
Epoch: [2199][1/1]	Time  0.000 ( 0.000)	Data  0.011 ( 0.011)	Loss Source 7.2526e+00 (7.2526e+00)	Acc@1   4.88 (  4.88)	Loss Target 7.0067e+00 (7.0067e+00)	Acc@1   4.88 (  4.88)	Loss Sour-Tar CL 7.0067e+00 (7.0067e+00)	Acc@1  46.34 ( 46.34)	Loss Sour-Tar Disc 6.7740e-01 (6.7740e-01)	Acc@1   0.56 (  0.56)	Loss Pred 6.8034e-01 (6.8034e-01)	Macro F1   0.42 (  0.42)	Loss TOTAL 3.2692e+00 (3.2692e+00)
VALIDATION SOURCE PREDICTIONS
Accuracy score is : 0.7561 
Macro F1 score is : 0.4155 
Weighted F1 score is : 0.6684 
VALIDATION TARGET PREDICTIONS
Accuracy score is : 0.5854 
Macro F1 score is : 0.3025 
Weighted F1 score is : 0.5423 
Epoch: [2299][1/2]	Time  0.552 ( 0.525)	Data  0.030 ( 0.031)	Loss Source 7.5974e+00 (7.6822e+00)	Acc@1   1.56 (  0.30)	Loss Target 7.7900e+00 (7.6149e+00)	Acc@1   0.78 (  0.43)	Loss Sour-Tar CL 7.7900e+00 (7.6149e+00)	Acc@1  14.06 ( 16.26)	Loss Sour-Tar Disc 6.7777e-01 (6.7553e-01)	Acc@1   0.58 (  0.59)	Loss Pred 6.0789e-01 (6.5942e-01)	Macro F1   0.43 (  0.43)	Loss TOTAL 3.6075e+00 (3.6198e+00)
VALIDATION RESULTS
Epoch: [2299][1/1]	Time  0.000 ( 0.000)	Data  0.010 ( 0.010)	Loss Source 7.0814e+00 (7.0814e+00)	Acc@1   7.32 (  7.32)	Loss Target 7.4516e+00 (7.4516e+00)	Acc@1   0.00 (  0.00)	Loss Sour-Tar CL 7.4516e+00 (7.4516e+00)	Acc@1  26.83 ( 26.83)	Loss Sour-Tar Disc 6.8343e-01 (6.8343e-01)	Acc@1   0.54 (  0.54)	Loss Pred 6.9856e-01 (6.9856e-01)	Macro F1   0.38 (  0.38)	Loss TOTAL 3.3758e+00 (3.3758e+00)
VALIDATION SOURCE PREDICTIONS
Accuracy score is : 0.7317 
Macro F1 score is : 0.3823 
Weighted F1 score is : 0.6438 
VALIDATION TARGET PREDICTIONS
Accuracy score is : 0.6585 
Macro F1 score is : 0.3773 
Weighted F1 score is : 0.6254 
Epoch: [2399][1/2]	Time  0.503 ( 0.531)	Data  0.030 ( 0.031)	Loss Source 7.8028e+00 (7.6586e+00)	Acc@1   0.00 (  0.38)	Loss Target 7.7256e+00 (7.6071e+00)	Acc@1   0.00 (  0.30)	Loss Sour-Tar CL 7.7256e+00 (7.6071e+00)	Acc@1  10.16 ( 16.92)	Loss Sour-Tar Disc 6.6930e-01 (6.7507e-01)	Acc@1   0.62 (  0.59)	Loss Pred 6.2387e-01 (6.3237e-01)	Macro F1   0.40 (  0.44)	Loss TOTAL 3.6181e+00 (3.5897e+00)
VALIDATION RESULTS
Epoch: [2399][1/1]	Time  0.000 ( 0.000)	Data  0.010 ( 0.010)	Loss Source 6.7138e+00 (6.7138e+00)	Acc@1   9.76 (  9.76)	Loss Target 7.6551e+00 (7.6551e+00)	Acc@1   2.44 (  2.44)	Loss Sour-Tar CL 7.6551e+00 (7.6551e+00)	Acc@1  34.15 ( 34.15)	Loss Sour-Tar Disc 6.7954e-01 (6.7954e-01)	Acc@1   0.50 (  0.50)	Loss Pred 8.9191e-01 (8.9191e-01)	Macro F1   0.43 (  0.43)	Loss TOTAL 3.5655e+00 (3.5655e+00)
VALIDATION SOURCE PREDICTIONS
Accuracy score is : 0.6829 
Macro F1 score is : 0.4322 
Weighted F1 score is : 0.6329 
Best model is updated!
VALIDATION TARGET PREDICTIONS
Accuracy score is : 0.7073 
Macro F1 score is : 0.4343 
Weighted F1 score is : 0.6680 
Epoch: [2499][1/2]	Time  0.519 ( 0.521)	Data  0.031 ( 0.031)	Loss Source 7.6664e+00 (7.6356e+00)	Acc@1   0.00 (  0.35)	Loss Target 7.5519e+00 (7.5864e+00)	Acc@1   0.78 (  0.35)	Loss Sour-Tar CL 7.5519e+00 (7.5864e+00)	Acc@1  14.84 ( 16.97)	Loss Sour-Tar Disc 6.6806e-01 (6.7426e-01)	Acc@1   0.61 (  0.59)	Loss Pred 5.5202e-01 (6.0694e-01)	Macro F1   0.44 (  0.46)	Loss TOTAL 3.4797e+00 (3.5559e+00)
VALIDATION RESULTS
Epoch: [2499][1/1]	Time  0.000 ( 0.000)	Data  0.011 ( 0.011)	Loss Source 7.1763e+00 (7.1763e+00)	Acc@1   9.76 (  9.76)	Loss Target 7.6509e+00 (7.6509e+00)	Acc@1   2.44 (  2.44)	Loss Sour-Tar CL 7.6509e+00 (7.6509e+00)	Acc@1  31.71 ( 31.71)	Loss Sour-Tar Disc 6.7271e-01 (6.7271e-01)	Acc@1   0.59 (  0.59)	Loss Pred 6.9626e-01 (6.9626e-01)	Macro F1   0.45 (  0.45)	Loss TOTAL 3.4376e+00 (3.4376e+00)
VALIDATION SOURCE PREDICTIONS
Accuracy score is : 0.7317 
Macro F1 score is : 0.4476 
Weighted F1 score is : 0.6730 
Best model is updated!
VALIDATION TARGET PREDICTIONS
Accuracy score is : 0.7073 
Macro F1 score is : 0.4721 
Weighted F1 score is : 0.6765 
Epoch: [2599][1/2]	Time  0.506 ( 0.520)	Data  0.029 ( 0.031)	Loss Source 7.5676e+00 (7.6341e+00)	Acc@1   0.00 (  0.29)	Loss Target 7.5068e+00 (7.5497e+00)	Acc@1   1.56 (  0.48)	Loss Sour-Tar CL 7.5068e+00 (7.5497e+00)	Acc@1  14.06 ( 17.26)	Loss Sour-Tar Disc 6.6990e-01 (6.7463e-01)	Acc@1   0.59 (  0.58)	Loss Pred 6.0691e-01 (5.8453e-01)	Macro F1   0.43 (  0.47)	Loss TOTAL 3.5200e+00 (3.5279e+00)
VALIDATION RESULTS
Epoch: [2599][1/1]	Time  0.000 ( 0.000)	Data  0.010 ( 0.010)	Loss Source 7.2516e+00 (7.2516e+00)	Acc@1  12.20 ( 12.20)	Loss Target 7.7874e+00 (7.7874e+00)	Acc@1   0.00 (  0.00)	Loss Sour-Tar CL 7.7874e+00 (7.7874e+00)	Acc@1  41.46 ( 41.46)	Loss Sour-Tar Disc 6.7002e-01 (6.7002e-01)	Acc@1   0.57 (  0.57)	Loss Pred 5.9014e-01 (5.9014e-01)	Macro F1   0.47 (  0.47)	Loss TOTAL 3.3038e+00 (3.3038e+00)
VALIDATION SOURCE PREDICTIONS
Accuracy score is : 0.7561 
Macro F1 score is : 0.4661 
Weighted F1 score is : 0.6949 
Best model is updated!
VALIDATION TARGET PREDICTIONS
Accuracy score is : 0.5854 
Macro F1 score is : 0.3234 
Weighted F1 score is : 0.5736 
Epoch: [2699][1/2]	Time  0.546 ( 0.521)	Data  0.031 ( 0.031)	Loss Source 7.6217e+00 (7.6368e+00)	Acc@1   0.00 (  0.36)	Loss Target 7.3330e+00 (7.5664e+00)	Acc@1   0.00 (  0.38)	Loss Sour-Tar CL 7.3330e+00 (7.5664e+00)	Acc@1  12.50 ( 16.70)	Loss Sour-Tar Disc 6.7448e-01 (6.7599e-01)	Acc@1   0.59 (  0.58)	Loss Pred 4.9576e-01 (5.6256e-01)	Macro F1   0.47 (  0.47)	Loss TOTAL 3.3942e+00 (3.5101e+00)
VALIDATION RESULTS
Epoch: [2699][1/1]	Time  0.000 ( 0.000)	Data  0.010 ( 0.010)	Loss Source 7.4060e+00 (7.4060e+00)	Acc@1   4.88 (  4.88)	Loss Target 7.0715e+00 (7.0715e+00)	Acc@1   2.44 (  2.44)	Loss Sour-Tar CL 7.0715e+00 (7.0715e+00)	Acc@1  51.22 ( 51.22)	Loss Sour-Tar Disc 6.7281e-01 (6.7281e-01)	Acc@1   0.54 (  0.54)	Loss Pred 7.6221e-01 (7.6221e-01)	Macro F1   0.36 (  0.36)	Loss TOTAL 3.3840e+00 (3.3840e+00)
VALIDATION SOURCE PREDICTIONS
Accuracy score is : 0.6341 
Macro F1 score is : 0.3605 
Weighted F1 score is : 0.5923 
VALIDATION TARGET PREDICTIONS
Accuracy score is : 0.7073 
Macro F1 score is : 0.4436 
Weighted F1 score is : 0.6662 
Epoch: [2799][1/2]	Time  0.562 ( 0.522)	Data  0.030 ( 0.031)	Loss Source 7.6506e+00 (7.6206e+00)	Acc@1   0.00 (  0.37)	Loss Target 7.7541e+00 (7.5588e+00)	Acc@1   0.00 (  0.40)	Loss Sour-Tar CL 7.7541e+00 (7.5588e+00)	Acc@1  16.41 ( 17.03)	Loss Sour-Tar Disc 6.8071e-01 (6.7838e-01)	Acc@1   0.54 (  0.57)	Loss Pred 4.9406e-01 (5.4197e-01)	Macro F1   0.59 (  0.52)	Loss TOTAL 3.4932e+00 (3.4906e+00)
VALIDATION RESULTS
Epoch: [2799][1/1]	Time  0.000 ( 0.000)	Data  0.010 ( 0.010)	Loss Source 6.6500e+00 (6.6500e+00)	Acc@1   4.88 (  4.88)	Loss Target 7.2755e+00 (7.2755e+00)	Acc@1   2.44 (  2.44)	Loss Sour-Tar CL 7.2755e+00 (7.2755e+00)	Acc@1  29.27 ( 29.27)	Loss Sour-Tar Disc 6.6205e-01 (6.6205e-01)	Acc@1   0.60 (  0.60)	Loss Pred 4.4940e-01 (4.4940e-01)	Macro F1   0.53 (  0.53)	Loss TOTAL 3.0327e+00 (3.0327e+00)
VALIDATION SOURCE PREDICTIONS
Accuracy score is : 0.8049 
Macro F1 score is : 0.5279 
Weighted F1 score is : 0.7305 
Best model is updated!
VALIDATION TARGET PREDICTIONS
Accuracy score is : 0.6829 
Macro F1 score is : 0.4004 
Weighted F1 score is : 0.6351 
Epoch: [2899][1/2]	Time  0.502 ( 0.513)	Data  0.030 ( 0.031)	Loss Source 7.4713e+00 (7.6130e+00)	Acc@1   0.78 (  0.27)	Loss Target 7.5916e+00 (7.5340e+00)	Acc@1   0.78 (  0.45)	Loss Sour-Tar CL 7.5916e+00 (7.5340e+00)	Acc@1  17.97 ( 17.04)	Loss Sour-Tar Disc 6.8083e-01 (6.7924e-01)	Acc@1   0.56 (  0.57)	Loss Pred 4.5241e-01 (5.0752e-01)	Macro F1   0.67 (  0.58)	Loss TOTAL 3.4127e+00 (3.4517e+00)
VALIDATION RESULTS
Epoch: [2899][1/1]	Time  0.000 ( 0.000)	Data  0.011 ( 0.011)	Loss Source 6.9438e+00 (6.9438e+00)	Acc@1   7.32 (  7.32)	Loss Target 7.5097e+00 (7.5097e+00)	Acc@1   0.00 (  0.00)	Loss Sour-Tar CL 7.5097e+00 (7.5097e+00)	Acc@1  36.59 ( 36.59)	Loss Sour-Tar Disc 6.8436e-01 (6.8436e-01)	Acc@1   0.54 (  0.54)	Loss Pred 6.3556e-01 (6.3556e-01)	Macro F1   0.60 (  0.60)	Loss TOTAL 3.3012e+00 (3.3012e+00)
VALIDATION SOURCE PREDICTIONS
Accuracy score is : 0.8049 
Macro F1 score is : 0.5952 
Weighted F1 score is : 0.7772 
Best model is updated!
VALIDATION TARGET PREDICTIONS
Accuracy score is : 0.7805 
Macro F1 score is : 0.4925 
Weighted F1 score is : 0.7344 
Epoch: [2999][1/2]	Time  0.604 ( 0.519)	Data  0.029 ( 0.030)	Loss Source 7.5835e+00 (7.5687e+00)	Acc@1   0.00 (  0.35)	Loss Target 7.1870e+00 (7.5410e+00)	Acc@1   0.78 (  0.41)	Loss Sour-Tar CL 7.1870e+00 (7.5410e+00)	Acc@1  14.06 ( 16.47)	Loss Sour-Tar Disc 6.8837e-01 (6.7899e-01)	Acc@1   0.55 (  0.57)	Loss Pred 4.3683e-01 (4.8078e-01)	Macro F1   0.57 (  0.62)	Loss TOTAL 3.3118e+00 (3.4206e+00)
VALIDATION RESULTS
Epoch: [2999][1/1]	Time  0.000 ( 0.000)	Data  0.013 ( 0.013)	Loss Source 7.0842e+00 (7.0842e+00)	Acc@1   4.88 (  4.88)	Loss Target 7.2916e+00 (7.2916e+00)	Acc@1   0.00 (  0.00)	Loss Sour-Tar CL 7.2916e+00 (7.2916e+00)	Acc@1  36.59 ( 36.59)	Loss Sour-Tar Disc 6.7239e-01 (6.7239e-01)	Acc@1   0.56 (  0.56)	Loss Pred 5.6401e-01 (5.6401e-01)	Macro F1   0.60 (  0.60)	Loss TOTAL 3.2016e+00 (3.2016e+00)
VALIDATION SOURCE PREDICTIONS
Accuracy score is : 0.7805 
Macro F1 score is : 0.5951 
Weighted F1 score is : 0.7537 
VALIDATION TARGET PREDICTIONS
Accuracy score is : 0.7073 
Macro F1 score is : 0.4317 
Weighted F1 score is : 0.6902 
Epoch: [3099][1/2]	Time  0.509 ( 0.526)	Data  0.030 ( 0.031)	Loss Source 7.5095e+00 (7.5989e+00)	Acc@1   0.00 (  0.30)	Loss Target 7.7557e+00 (7.5244e+00)	Acc@1   0.00 (  0.29)	Loss Sour-Tar CL 7.7557e+00 (7.5244e+00)	Acc@1  10.94 ( 17.50)	Loss Sour-Tar Disc 6.7296e-01 (6.7905e-01)	Acc@1   0.63 (  0.57)	Loss Pred 4.1731e-01 (4.5100e-01)	Macro F1   0.71 (  0.68)	Loss TOTAL 3.3951e+00 (3.3890e+00)
VALIDATION RESULTS
Epoch: [3099][1/1]	Time  0.000 ( 0.000)	Data  0.011 ( 0.011)	Loss Source 7.6081e+00 (7.6081e+00)	Acc@1   0.00 (  0.00)	Loss Target 6.9466e+00 (6.9466e+00)	Acc@1   0.00 (  0.00)	Loss Sour-Tar CL 6.9466e+00 (6.9466e+00)	Acc@1  41.46 ( 41.46)	Loss Sour-Tar Disc 6.6629e-01 (6.6629e-01)	Acc@1   0.59 (  0.59)	Loss Pred 6.8327e-01 (6.8327e-01)	Macro F1   0.73 (  0.73)	Loss TOTAL 3.2968e+00 (3.2968e+00)
VALIDATION SOURCE PREDICTIONS
Accuracy score is : 0.8049 
Macro F1 score is : 0.7256 
Weighted F1 score is : 0.7939 
Best model is updated!
VALIDATION TARGET PREDICTIONS
Accuracy score is : 0.7805 
Macro F1 score is : 0.5784 
Weighted F1 score is : 0.7679 
Epoch: [3199][1/2]	Time  0.508 ( 0.522)	Data  0.030 ( 0.031)	Loss Source 7.4707e+00 (7.5482e+00)	Acc@1   0.78 (  0.45)	Loss Target 7.6736e+00 (7.5307e+00)	Acc@1   0.78 (  0.38)	Loss Sour-Tar CL 7.6736e+00 (7.5307e+00)	Acc@1  12.50 ( 16.05)	Loss Sour-Tar Disc 6.8042e-01 (6.7742e-01)	Acc@1   0.57 (  0.57)	Loss Pred 4.4802e-01 (4.2831e-01)	Macro F1   0.77 (  0.77)	Loss TOTAL 3.4275e+00 (3.3597e+00)
VALIDATION RESULTS
Epoch: [3199][1/1]	Time  0.000 ( 0.000)	Data  0.011 ( 0.011)	Loss Source 7.4509e+00 (7.4509e+00)	Acc@1   4.88 (  4.88)	Loss Target 7.2480e+00 (7.2480e+00)	Acc@1   4.88 (  4.88)	Loss Sour-Tar CL 7.2480e+00 (7.2480e+00)	Acc@1  53.66 ( 53.66)	Loss Sour-Tar Disc 6.7264e-01 (6.7264e-01)	Acc@1   0.55 (  0.55)	Loss Pred 4.7465e-01 (4.7465e-01)	Macro F1   0.87 (  0.87)	Loss TOTAL 3.1145e+00 (3.1145e+00)
VALIDATION SOURCE PREDICTIONS
Accuracy score is : 0.9268 
Macro F1 score is : 0.8671 
Weighted F1 score is : 0.9245 
Best model is updated!
VALIDATION TARGET PREDICTIONS
Accuracy score is : 0.7805 
Macro F1 score is : 0.6105 
Weighted F1 score is : 0.7590 
Epoch: [3299][1/2]	Time  0.503 ( 0.522)	Data  0.031 ( 0.031)	Loss Source 7.4181e+00 (7.5542e+00)	Acc@1   0.00 (  0.30)	Loss Target 7.4769e+00 (7.4953e+00)	Acc@1   0.00 (  0.46)	Loss Sour-Tar CL 7.4769e+00 (7.4953e+00)	Acc@1  16.41 ( 16.75)	Loss Sour-Tar Disc 6.8038e-01 (6.7751e-01)	Acc@1   0.56 (  0.58)	Loss Pred 3.4241e-01 (4.0727e-01)	Macro F1   0.90 (  0.79)	Loss TOTAL 3.2519e+00 (3.3307e+00)
VALIDATION RESULTS
Epoch: [3299][1/1]	Time  0.000 ( 0.000)	Data  0.011 ( 0.011)	Loss Source 7.1298e+00 (7.1298e+00)	Acc@1   7.32 (  7.32)	Loss Target 7.4527e+00 (7.4527e+00)	Acc@1   7.32 (  7.32)	Loss Sour-Tar CL 7.4527e+00 (7.4527e+00)	Acc@1  41.46 ( 41.46)	Loss Sour-Tar Disc 6.7176e-01 (6.7176e-01)	Acc@1   0.61 (  0.61)	Loss Pred 4.7914e-01 (4.7914e-01)	Macro F1   0.81 (  0.81)	Loss TOTAL 3.1678e+00 (3.1678e+00)
VALIDATION SOURCE PREDICTIONS
Accuracy score is : 0.8537 
Macro F1 score is : 0.8147 
Weighted F1 score is : 0.8446 
VALIDATION TARGET PREDICTIONS
Accuracy score is : 0.7561 
Macro F1 score is : 0.5784 
Weighted F1 score is : 0.7382 
Epoch: [3399][1/2]	Time  0.515 ( 0.525)	Data  0.030 ( 0.031)	Loss Source 7.7206e+00 (7.5468e+00)	Acc@1   0.78 (  0.30)	Loss Target 7.5602e+00 (7.4983e+00)	Acc@1   0.00 (  0.35)	Loss Sour-Tar CL 7.5602e+00 (7.4983e+00)	Acc@1  17.97 ( 16.48)	Loss Sour-Tar Disc 6.7938e-01 (6.7600e-01)	Acc@1   0.59 (  0.59)	Loss Pred 3.6808e-01 (3.9297e-01)	Macro F1   0.78 (  0.80)	Loss TOTAL 3.3157e+00 (3.3135e+00)
VALIDATION RESULTS
Epoch: [3399][1/1]	Time  0.000 ( 0.000)	Data  0.010 ( 0.010)	Loss Source 6.7381e+00 (6.7381e+00)	Acc@1   4.88 (  4.88)	Loss Target 6.9659e+00 (6.9659e+00)	Acc@1   2.44 (  2.44)	Loss Sour-Tar CL 6.9659e+00 (6.9659e+00)	Acc@1  51.22 ( 51.22)	Loss Sour-Tar Disc 6.6666e-01 (6.6666e-01)	Acc@1   0.57 (  0.57)	Loss Pred 3.7879e-01 (3.7879e-01)	Macro F1   0.88 (  0.88)	Loss TOTAL 2.8992e+00 (2.8992e+00)
VALIDATION SOURCE PREDICTIONS
Accuracy score is : 0.9024 
Macro F1 score is : 0.8825 
Weighted F1 score is : 0.8987 
Best model is updated!
VALIDATION TARGET PREDICTIONS
Accuracy score is : 0.7317 
Macro F1 score is : 0.5815 
Weighted F1 score is : 0.7406 
Epoch: [3499][1/2]	Time  0.507 ( 0.537)	Data  0.031 ( 0.031)	Loss Source 7.5484e+00 (7.5311e+00)	Acc@1   0.00 (  0.36)	Loss Target 7.4809e+00 (7.4737e+00)	Acc@1   1.56 (  0.42)	Loss Sour-Tar CL 7.4809e+00 (7.4737e+00)	Acc@1  17.19 ( 16.77)	Loss Sour-Tar Disc 6.7251e-01 (6.7398e-01)	Acc@1   0.59 (  0.60)	Loss Pred 3.3180e-01 (3.8165e-01)	Macro F1   0.76 (  0.81)	Loss TOTAL 3.2356e+00 (3.2950e+00)
VALIDATION RESULTS
Epoch: [3499][1/1]	Time  0.000 ( 0.000)	Data  0.011 ( 0.011)	Loss Source 7.2159e+00 (7.2159e+00)	Acc@1   4.88 (  4.88)	Loss Target 7.2805e+00 (7.2805e+00)	Acc@1   4.88 (  4.88)	Loss Sour-Tar CL 7.2805e+00 (7.2805e+00)	Acc@1  51.22 ( 51.22)	Loss Sour-Tar Disc 6.6592e-01 (6.6592e-01)	Acc@1   0.61 (  0.61)	Loss Pred 4.5748e-01 (4.5748e-01)	Macro F1   0.85 (  0.85)	Loss TOTAL 3.0722e+00 (3.0722e+00)
VALIDATION SOURCE PREDICTIONS
Accuracy score is : 0.8780 
Macro F1 score is : 0.8467 
Weighted F1 score is : 0.8776 
VALIDATION TARGET PREDICTIONS
Accuracy score is : 0.7561 
Macro F1 score is : 0.5714 
Weighted F1 score is : 0.7605 
Epoch: [3599][1/2]	Time  0.533 ( 0.524)	Data  0.030 ( 0.031)	Loss Source 7.4387e+00 (7.5159e+00)	Acc@1   0.00 (  0.27)	Loss Target 7.2880e+00 (7.4589e+00)	Acc@1   0.78 (  0.38)	Loss Sour-Tar CL 7.2880e+00 (7.4589e+00)	Acc@1  20.31 ( 16.68)	Loss Sour-Tar Disc 6.7561e-01 (6.7346e-01)	Acc@1   0.59 (  0.60)	Loss Pred 4.0238e-01 (3.5841e-01)	Macro F1   0.78 (  0.82)	Loss TOTAL 3.2493e+00 (3.2644e+00)
VALIDATION RESULTS
Epoch: [3599][1/1]	Time  0.000 ( 0.000)	Data  0.010 ( 0.010)	Loss Source 7.3081e+00 (7.3081e+00)	Acc@1   2.44 (  2.44)	Loss Target 7.4084e+00 (7.4084e+00)	Acc@1   2.44 (  2.44)	Loss Sour-Tar CL 7.4084e+00 (7.4084e+00)	Acc@1  51.22 ( 51.22)	Loss Sour-Tar Disc 6.7144e-01 (6.7144e-01)	Acc@1   0.57 (  0.57)	Loss Pred 5.8544e-01 (5.8544e-01)	Macro F1   0.83 (  0.83)	Loss TOTAL 3.2345e+00 (3.2345e+00)
VALIDATION SOURCE PREDICTIONS
Accuracy score is : 0.8780 
Macro F1 score is : 0.8259 
Weighted F1 score is : 0.8726 
VALIDATION TARGET PREDICTIONS
Accuracy score is : 0.7805 
Macro F1 score is : 0.5548 
Weighted F1 score is : 0.7228 
Epoch: [3699][1/2]	Time  0.505 ( 0.529)	Data  0.036 ( 0.031)	Loss Source 7.2785e+00 (7.4916e+00)	Acc@1   0.00 (  0.37)	Loss Target 7.4030e+00 (7.4649e+00)	Acc@1   0.00 (  0.45)	Loss Sour-Tar CL 7.4030e+00 (7.4649e+00)	Acc@1  15.62 ( 16.29)	Loss Sour-Tar Disc 6.7539e-01 (6.7228e-01)	Acc@1   0.59 (  0.60)	Loss Pred 2.6082e-01 (3.4966e-01)	Macro F1   0.89 (  0.82)	Loss TOTAL 3.1435e+00 (3.2555e+00)
VALIDATION RESULTS
Epoch: [3699][1/1]	Time  0.000 ( 0.000)	Data  0.010 ( 0.010)	Loss Source 6.8329e+00 (6.8329e+00)	Acc@1  12.20 ( 12.20)	Loss Target 7.1560e+00 (7.1560e+00)	Acc@1   4.88 (  4.88)	Loss Sour-Tar CL 7.1560e+00 (7.1560e+00)	Acc@1  34.15 ( 34.15)	Loss Sour-Tar Disc 6.6837e-01 (6.6837e-01)	Acc@1   0.56 (  0.56)	Loss Pred 3.8027e-01 (3.8027e-01)	Macro F1   0.75 (  0.75)	Loss TOTAL 2.9763e+00 (2.9763e+00)
VALIDATION SOURCE PREDICTIONS
Accuracy score is : 0.8780 
Macro F1 score is : 0.7464 
Weighted F1 score is : 0.8780 
VALIDATION TARGET PREDICTIONS
Accuracy score is : 0.7561 
Macro F1 score is : 0.5548 
Weighted F1 score is : 0.7416 
Epoch: [3799][1/2]	Time  0.502 ( 0.522)	Data  0.030 ( 0.031)	Loss Source 7.5643e+00 (7.5074e+00)	Acc@1   0.78 (  0.34)	Loss Target 7.3875e+00 (7.4556e+00)	Acc@1   0.00 (  0.45)	Loss Sour-Tar CL 7.3875e+00 (7.4556e+00)	Acc@1  16.41 ( 16.45)	Loss Sour-Tar Disc 6.6350e-01 (6.7134e-01)	Acc@1   0.60 (  0.60)	Loss Pred 2.8813e-01 (3.3821e-01)	Macro F1   0.92 (  0.83)	Loss TOTAL 3.1673e+00 (3.2407e+00)
VALIDATION RESULTS
Epoch: [3799][1/1]	Time  0.000 ( 0.000)	Data  0.011 ( 0.011)	Loss Source 6.9266e+00 (6.9266e+00)	Acc@1   2.44 (  2.44)	Loss Target 6.9322e+00 (6.9322e+00)	Acc@1   4.88 (  4.88)	Loss Sour-Tar CL 6.9322e+00 (6.9322e+00)	Acc@1  51.22 ( 51.22)	Loss Sour-Tar Disc 6.6590e-01 (6.6590e-01)	Acc@1   0.61 (  0.61)	Loss Pred 3.9747e-01 (3.9747e-01)	Macro F1   0.84 (  0.84)	Loss TOTAL 2.9196e+00 (2.9196e+00)
VALIDATION SOURCE PREDICTIONS
Accuracy score is : 0.8780 
Macro F1 score is : 0.8375 
Weighted F1 score is : 0.8833 
VALIDATION TARGET PREDICTIONS
Accuracy score is : 0.8049 
Macro F1 score is : 0.6550 
Weighted F1 score is : 0.7972 
Epoch: [3899][1/2]	Time  0.522 ( 0.514)	Data  0.034 ( 0.031)	Loss Source 7.2646e+00 (7.4873e+00)	Acc@1   0.00 (  0.39)	Loss Target 7.5588e+00 (7.4345e+00)	Acc@1   0.78 (  0.48)	Loss Sour-Tar CL 7.5588e+00 (7.4345e+00)	Acc@1  14.06 ( 16.82)	Loss Sour-Tar Disc 6.6575e-01 (6.6996e-01)	Acc@1   0.62 (  0.60)	Loss Pred 3.1274e-01 (3.2090e-01)	Macro F1   0.86 (  0.84)	Loss TOTAL 3.2077e+00 (3.2120e+00)
VALIDATION RESULTS
Epoch: [3899][1/1]	Time  0.000 ( 0.000)	Data  0.010 ( 0.010)	Loss Source 7.1382e+00 (7.1382e+00)	Acc@1   4.88 (  4.88)	Loss Target 6.9071e+00 (6.9071e+00)	Acc@1   2.44 (  2.44)	Loss Sour-Tar CL 6.9071e+00 (6.9071e+00)	Acc@1  51.22 ( 51.22)	Loss Sour-Tar Disc 6.6441e-01 (6.6441e-01)	Acc@1   0.56 (  0.56)	Loss Pred 7.7510e-01 (7.7510e-01)	Macro F1   0.78 (  0.78)	Loss TOTAL 3.3051e+00 (3.3051e+00)
VALIDATION SOURCE PREDICTIONS
Accuracy score is : 0.8049 
Macro F1 score is : 0.7824 
Weighted F1 score is : 0.8100 
VALIDATION TARGET PREDICTIONS
Accuracy score is : 0.8293 
Macro F1 score is : 0.6292 
Weighted F1 score is : 0.8057 
Epoch: [3999][1/2]	Time  0.504 ( 0.519)	Data  0.031 ( 0.031)	Loss Source 7.3280e+00 (7.4533e+00)	Acc@1   0.78 (  0.34)	Loss Target 7.4752e+00 (7.4222e+00)	Acc@1   0.00 (  0.34)	Loss Sour-Tar CL 7.4752e+00 (7.4222e+00)	Acc@1  20.31 ( 16.14)	Loss Sour-Tar Disc 6.7412e-01 (6.6959e-01)	Acc@1   0.58 (  0.60)	Loss Pred 2.9413e-01 (3.1642e-01)	Macro F1   0.78 (  0.84)	Loss TOTAL 3.1793e+00 (3.2028e+00)
VALIDATION RESULTS
Epoch: [3999][1/1]	Time  0.000 ( 0.000)	Data  0.011 ( 0.011)	Loss Source 7.1867e+00 (7.1867e+00)	Acc@1   4.88 (  4.88)	Loss Target 7.2953e+00 (7.2953e+00)	Acc@1   4.88 (  4.88)	Loss Sour-Tar CL 7.2953e+00 (7.2953e+00)	Acc@1  48.78 ( 48.78)	Loss Sour-Tar Disc 6.6872e-01 (6.6872e-01)	Acc@1   0.56 (  0.56)	Loss Pred 5.4020e-01 (5.4020e-01)	Macro F1   0.80 (  0.80)	Loss TOTAL 3.1841e+00 (3.1841e+00)
VALIDATION SOURCE PREDICTIONS
Accuracy score is : 0.8049 
Macro F1 score is : 0.8005 
Weighted F1 score is : 0.8066 
VALIDATION TARGET PREDICTIONS
Accuracy score is : 0.8049 
Macro F1 score is : 0.6243 
Weighted F1 score is : 0.7786 
Epoch: [4099][1/2]	Time  0.500 ( 0.524)	Data  0.029 ( 0.031)	Loss Source 7.4558e+00 (7.4771e+00)	Acc@1   0.00 (  0.34)	Loss Target 7.5278e+00 (7.4134e+00)	Acc@1   0.78 (  0.44)	Loss Sour-Tar CL 7.5278e+00 (7.4134e+00)	Acc@1  16.41 ( 16.02)	Loss Sour-Tar Disc 6.6739e-01 (6.6965e-01)	Acc@1   0.62 (  0.60)	Loss Pred 2.6226e-01 (3.0863e-01)	Macro F1   0.85 (  0.84)	Loss TOTAL 3.1809e+00 (3.1956e+00)
VALIDATION RESULTS
Epoch: [4099][1/1]	Time  0.000 ( 0.000)	Data  0.010 ( 0.010)	Loss Source 6.6347e+00 (6.6347e+00)	Acc@1  12.20 ( 12.20)	Loss Target 7.5697e+00 (7.5697e+00)	Acc@1   2.44 (  2.44)	Loss Sour-Tar CL 7.5697e+00 (7.5697e+00)	Acc@1  39.02 ( 39.02)	Loss Sour-Tar Disc 6.6100e-01 (6.6100e-01)	Acc@1   0.57 (  0.57)	Loss Pred 4.0485e-01 (4.0485e-01)	Macro F1   0.80 (  0.80)	Loss TOTAL 3.0386e+00 (3.0386e+00)
VALIDATION SOURCE PREDICTIONS
Accuracy score is : 0.8537 
Macro F1 score is : 0.8017 
Weighted F1 score is : 0.8578 
VALIDATION TARGET PREDICTIONS
Accuracy score is : 0.7805 
Macro F1 score is : 0.6432 
Weighted F1 score is : 0.7849 
Epoch: [4199][1/2]	Time  0.505 ( 0.516)	Data  0.032 ( 0.031)	Loss Source 7.4783e+00 (7.4604e+00)	Acc@1   0.00 (  0.36)	Loss Target 7.3639e+00 (7.4006e+00)	Acc@1   0.00 (  0.47)	Loss Sour-Tar CL 7.3639e+00 (7.4006e+00)	Acc@1  17.19 ( 16.88)	Loss Sour-Tar Disc 6.7731e-01 (6.6810e-01)	Acc@1   0.60 (  0.61)	Loss Pred 2.8074e-01 (3.0236e-01)	Macro F1   0.89 (  0.84)	Loss TOTAL 3.1772e+00 (3.1828e+00)
VALIDATION RESULTS
Epoch: [4199][1/1]	Time  0.000 ( 0.000)	Data  0.011 ( 0.011)	Loss Source 6.9156e+00 (6.9156e+00)	Acc@1   7.32 (  7.32)	Loss Target 7.0774e+00 (7.0774e+00)	Acc@1   2.44 (  2.44)	Loss Sour-Tar CL 7.0774e+00 (7.0774e+00)	Acc@1  43.90 ( 43.90)	Loss Sour-Tar Disc 6.6190e-01 (6.6190e-01)	Acc@1   0.59 (  0.59)	Loss Pred 6.0875e-01 (6.0875e-01)	Macro F1   0.64 (  0.64)	Loss TOTAL 3.1709e+00 (3.1709e+00)
VALIDATION SOURCE PREDICTIONS
Accuracy score is : 0.7561 
Macro F1 score is : 0.6436 
Weighted F1 score is : 0.7631 
VALIDATION TARGET PREDICTIONS
Accuracy score is : 0.8293 
Macro F1 score is : 0.6795 
Weighted F1 score is : 0.8179 
Epoch: [4299][1/2]	Time  0.506 ( 0.523)	Data  0.031 ( 0.031)	Loss Source 7.4637e+00 (7.4541e+00)	Acc@1   0.00 (  0.34)	Loss Target 7.4013e+00 (7.3969e+00)	Acc@1   0.00 (  0.38)	Loss Sour-Tar CL 7.4013e+00 (7.3969e+00)	Acc@1  16.41 ( 16.70)	Loss Sour-Tar Disc 6.6931e-01 (6.6808e-01)	Acc@1   0.61 (  0.60)	Loss Pred 2.9701e-01 (2.9531e-01)	Macro F1   0.87 (  0.85)	Loss TOTAL 3.1570e+00 (3.1719e+00)
VALIDATION RESULTS
Epoch: [4299][1/1]	Time  0.000 ( 0.000)	Data  0.011 ( 0.011)	Loss Source 7.1379e+00 (7.1379e+00)	Acc@1  12.20 ( 12.20)	Loss Target 7.0454e+00 (7.0454e+00)	Acc@1   2.44 (  2.44)	Loss Sour-Tar CL 7.0454e+00 (7.0454e+00)	Acc@1  56.10 ( 56.10)	Loss Sour-Tar Disc 6.6289e-01 (6.6289e-01)	Acc@1   0.55 (  0.55)	Loss Pred 5.2143e-01 (5.2143e-01)	Macro F1   0.83 (  0.83)	Loss TOTAL 3.0892e+00 (3.0892e+00)
VALIDATION SOURCE PREDICTIONS
Accuracy score is : 0.8780 
Macro F1 score is : 0.8333 
Weighted F1 score is : 0.8746 
VALIDATION TARGET PREDICTIONS
Accuracy score is : 0.8293 
Macro F1 score is : 0.6192 
Weighted F1 score is : 0.8091 
Epoch: [4399][1/2]	Time  0.506 ( 0.517)	Data  0.029 ( 0.031)	Loss Source 7.5060e+00 (7.4395e+00)	Acc@1   0.00 (  0.34)	Loss Target 7.4289e+00 (7.4145e+00)	Acc@1   0.00 (  0.39)	Loss Sour-Tar CL 7.4289e+00 (7.4145e+00)	Acc@1  18.75 ( 16.38)	Loss Sour-Tar Disc 6.5663e-01 (6.6744e-01)	Acc@1   0.65 (  0.61)	Loss Pred 2.6795e-01 (2.9186e-01)	Macro F1   0.78 (  0.85)	Loss TOTAL 3.1396e+00 (3.1706e+00)
VALIDATION RESULTS
Epoch: [4399][1/1]	Time  0.000 ( 0.000)	Data  0.010 ( 0.010)	Loss Source 6.9350e+00 (6.9350e+00)	Acc@1  14.63 ( 14.63)	Loss Target 7.1137e+00 (7.1137e+00)	Acc@1   4.88 (  4.88)	Loss Sour-Tar CL 7.1137e+00 (7.1137e+00)	Acc@1  41.46 ( 41.46)	Loss Sour-Tar Disc 6.6707e-01 (6.6707e-01)	Acc@1   0.59 (  0.59)	Loss Pred 2.4057e-01 (2.4057e-01)	Macro F1   0.87 (  0.87)	Loss TOTAL 2.8232e+00 (2.8232e+00)
VALIDATION SOURCE PREDICTIONS
Accuracy score is : 0.9268 
Macro F1 score is : 0.8746 
Weighted F1 score is : 0.9250 
VALIDATION TARGET PREDICTIONS
Accuracy score is : 0.7317 
Macro F1 score is : 0.5856 
Weighted F1 score is : 0.7327 
Epoch: [4499][1/2]	Time  0.499 ( 0.519)	Data  0.031 ( 0.031)	Loss Source 7.2296e+00 (7.4269e+00)	Acc@1   0.00 (  0.41)	Loss Target 7.4029e+00 (7.3721e+00)	Acc@1   0.00 (  0.44)	Loss Sour-Tar CL 7.4029e+00 (7.3721e+00)	Acc@1   8.59 ( 16.87)	Loss Sour-Tar Disc 6.6962e-01 (6.6727e-01)	Acc@1   0.59 (  0.61)	Loss Pred 2.8328e-01 (2.7753e-01)	Macro F1   0.84 (  0.86)	Loss TOTAL 3.1392e+00 (3.1455e+00)
VALIDATION RESULTS
Epoch: [4499][1/1]	Time  0.000 ( 0.000)	Data  0.011 ( 0.011)	Loss Source 6.7541e+00 (6.7541e+00)	Acc@1   9.76 (  9.76)	Loss Target 7.2499e+00 (7.2499e+00)	Acc@1   2.44 (  2.44)	Loss Sour-Tar CL 7.2499e+00 (7.2499e+00)	Acc@1  41.46 ( 41.46)	Loss Sour-Tar Disc 6.6495e-01 (6.6495e-01)	Acc@1   0.57 (  0.57)	Loss Pred 3.7538e-01 (3.7538e-01)	Macro F1   0.90 (  0.90)	Loss TOTAL 2.9743e+00 (2.9743e+00)
VALIDATION SOURCE PREDICTIONS
Accuracy score is : 0.9024 
Macro F1 score is : 0.8972 
Weighted F1 score is : 0.9056 
Best model is updated!
VALIDATION TARGET PREDICTIONS
Accuracy score is : 0.7805 
Macro F1 score is : 0.6065 
Weighted F1 score is : 0.7751 
Epoch: [4599][1/2]	Time  0.501 ( 0.521)	Data  0.030 ( 0.031)	Loss Source 7.4463e+00 (7.4094e+00)	Acc@1   0.78 (  0.27)	Loss Target 7.3550e+00 (7.4089e+00)	Acc@1   0.00 (  0.45)	Loss Sour-Tar CL 7.3550e+00 (7.4089e+00)	Acc@1  18.75 ( 16.90)	Loss Sour-Tar Disc 6.5663e-01 (6.6790e-01)	Acc@1   0.67 (  0.60)	Loss Pred 2.9945e-01 (2.6847e-01)	Macro F1   0.81 (  0.87)	Loss TOTAL 3.1419e+00 (3.1421e+00)
VALIDATION RESULTS
Epoch: [4599][1/1]	Time  0.000 ( 0.000)	Data  0.011 ( 0.011)	Loss Source 6.9512e+00 (6.9512e+00)	Acc@1   4.88 (  4.88)	Loss Target 7.1416e+00 (7.1416e+00)	Acc@1   0.00 (  0.00)	Loss Sour-Tar CL 7.1416e+00 (7.1416e+00)	Acc@1  31.71 ( 31.71)	Loss Sour-Tar Disc 6.6825e-01 (6.6825e-01)	Acc@1   0.59 (  0.59)	Loss Pred 4.3445e-01 (4.3445e-01)	Macro F1   0.73 (  0.73)	Loss TOTAL 3.0062e+00 (3.0062e+00)
VALIDATION SOURCE PREDICTIONS
Accuracy score is : 0.8293 
Macro F1 score is : 0.7327 
Weighted F1 score is : 0.8294 
VALIDATION TARGET PREDICTIONS
Accuracy score is : 0.8049 
Macro F1 score is : 0.6214 
Weighted F1 score is : 0.8129 
Epoch: [4699][1/2]	Time  0.511 ( 0.517)	Data  0.031 ( 0.031)	Loss Source 7.3895e+00 (7.4133e+00)	Acc@1   0.00 (  0.32)	Loss Target 7.3440e+00 (7.3562e+00)	Acc@1   0.78 (  0.41)	Loss Sour-Tar CL 7.3440e+00 (7.3562e+00)	Acc@1  20.31 ( 17.63)	Loss Sour-Tar Disc 6.7755e-01 (6.6638e-01)	Acc@1   0.57 (  0.61)	Loss Pred 2.8036e-01 (2.6397e-01)	Macro F1   0.88 (  0.86)	Loss TOTAL 3.1563e+00 (3.1234e+00)
VALIDATION RESULTS
Epoch: [4699][1/1]	Time  0.000 ( 0.000)	Data  0.011 ( 0.011)	Loss Source 7.0398e+00 (7.0398e+00)	Acc@1   7.32 (  7.32)	Loss Target 6.7960e+00 (6.7960e+00)	Acc@1   9.76 (  9.76)	Loss Sour-Tar CL 6.7960e+00 (6.7960e+00)	Acc@1  36.59 ( 36.59)	Loss Sour-Tar Disc 6.6587e-01 (6.6587e-01)	Acc@1   0.60 (  0.60)	Loss Pred 4.6367e-01 (4.6367e-01)	Macro F1   0.72 (  0.72)	Loss TOTAL 2.9668e+00 (2.9668e+00)
VALIDATION SOURCE PREDICTIONS
Accuracy score is : 0.8049 
Macro F1 score is : 0.7249 
Weighted F1 score is : 0.8091 
VALIDATION TARGET PREDICTIONS
Accuracy score is : 0.7805 
Macro F1 score is : 0.5542 
Weighted F1 score is : 0.7601 
Epoch: [4799][1/2]	Time  0.531 ( 0.515)	Data  0.031 ( 0.031)	Loss Source 7.2384e+00 (7.4033e+00)	Acc@1   0.00 (  0.41)	Loss Target 7.4090e+00 (7.3797e+00)	Acc@1   0.00 (  0.49)	Loss Sour-Tar CL 7.4090e+00 (7.3797e+00)	Acc@1  18.75 ( 16.60)	Loss Sour-Tar Disc 6.6162e-01 (6.6809e-01)	Acc@1   0.61 (  0.60)	Loss Pred 2.3014e-01 (2.5958e-01)	Macro F1   0.88 (  0.87)	Loss TOTAL 3.0637e+00 (3.1260e+00)
VALIDATION RESULTS
Epoch: [4799][1/1]	Time  0.000 ( 0.000)	Data  0.014 ( 0.014)	Loss Source 7.1532e+00 (7.1532e+00)	Acc@1   4.88 (  4.88)	Loss Target 7.0218e+00 (7.0218e+00)	Acc@1   4.88 (  4.88)	Loss Sour-Tar CL 7.0218e+00 (7.0218e+00)	Acc@1  43.90 ( 43.90)	Loss Sour-Tar Disc 6.6018e-01 (6.6018e-01)	Acc@1   0.61 (  0.61)	Loss Pred 3.4316e-01 (3.4316e-01)	Macro F1   0.93 (  0.93)	Loss TOTAL 2.8844e+00 (2.8844e+00)
VALIDATION SOURCE PREDICTIONS
Accuracy score is : 0.9512 
Macro F1 score is : 0.9288 
Weighted F1 score is : 0.9499 
Best model is updated!
VALIDATION TARGET PREDICTIONS
Accuracy score is : 0.8537 
Macro F1 score is : 0.6656 
Weighted F1 score is : 0.8189 
Epoch: [4899][1/2]	Time  0.685 ( 0.523)	Data  0.040 ( 0.031)	Loss Source 7.5659e+00 (7.4054e+00)	Acc@1   2.34 (  0.36)	Loss Target 7.3069e+00 (7.3523e+00)	Acc@1   0.78 (  0.54)	Loss Sour-Tar CL 7.3069e+00 (7.3523e+00)	Acc@1  14.84 ( 16.72)	Loss Sour-Tar Disc 6.7692e-01 (6.6653e-01)	Acc@1   0.59 (  0.61)	Loss Pred 3.8107e-01 (2.6292e-01)	Macro F1   0.80 (  0.86)	Loss TOTAL 3.2591e+00 (3.1207e+00)
VALIDATION RESULTS
Epoch: [4899][1/1]	Time  0.000 ( 0.000)	Data  0.013 ( 0.013)	Loss Source 6.8915e+00 (6.8915e+00)	Acc@1   4.88 (  4.88)	Loss Target 7.0176e+00 (7.0176e+00)	Acc@1   0.00 (  0.00)	Loss Sour-Tar CL 7.0176e+00 (7.0176e+00)	Acc@1  41.46 ( 41.46)	Loss Sour-Tar Disc 6.6535e-01 (6.6535e-01)	Acc@1   0.56 (  0.56)	Loss Pred 2.9748e-01 (2.9748e-01)	Macro F1   0.89 (  0.89)	Loss TOTAL 2.8592e+00 (2.8592e+00)
VALIDATION SOURCE PREDICTIONS
Accuracy score is : 0.9024 
Macro F1 score is : 0.8929 
Weighted F1 score is : 0.9024 
VALIDATION TARGET PREDICTIONS
Accuracy score is : 0.7561 
Macro F1 score is : 0.5760 
Weighted F1 score is : 0.7592 
Epoch: [4999][1/2]	Time  0.502 ( 0.520)	Data  0.031 ( 0.032)	Loss Source 7.4924e+00 (7.3818e+00)	Acc@1   0.00 (  0.35)	Loss Target 7.6074e+00 (7.3515e+00)	Acc@1   0.00 (  0.35)	Loss Sour-Tar CL 7.6074e+00 (7.3515e+00)	Acc@1  14.06 ( 17.20)	Loss Sour-Tar Disc 6.7101e-01 (6.6692e-01)	Acc@1   0.59 (  0.61)	Loss Pred 3.5904e-01 (2.5189e-01)	Macro F1   0.82 (  0.88)	Loss TOTAL 3.2847e+00 (3.1053e+00)
VALIDATION RESULTS
Epoch: [4999][1/1]	Time  0.000 ( 0.000)	Data  0.010 ( 0.010)	Loss Source 6.8345e+00 (6.8345e+00)	Acc@1   4.88 (  4.88)	Loss Target 7.4212e+00 (7.4212e+00)	Acc@1   0.00 (  0.00)	Loss Sour-Tar CL 7.4212e+00 (7.4212e+00)	Acc@1  34.15 ( 34.15)	Loss Sour-Tar Disc 6.5947e-01 (6.5947e-01)	Acc@1   0.59 (  0.59)	Loss Pred 3.1630e-01 (3.1630e-01)	Macro F1   0.78 (  0.78)	Loss TOTAL 2.9216e+00 (2.9216e+00)
VALIDATION SOURCE PREDICTIONS
Accuracy score is : 0.8537 
Macro F1 score is : 0.7844 
Weighted F1 score is : 0.8534 
VALIDATION TARGET PREDICTIONS
Accuracy score is : 0.9268 
Macro F1 score is : 0.7708 
Weighted F1 score is : 0.9060 
