Epoch: [99][1/2]	Time  0.963 ( 0.940)	Data  0.007 ( 0.007)	Loss Source 9.1224e+00 (9.1464e+00)	Acc@1   0.00 (  0.00)	Loss Target 9.1467e+00 (9.1274e+00)	Acc@1   0.00 (  0.00)	Loss Sour-Tar CL 9.1467e+00 (9.1274e+00)	Acc@1   2.34 (  1.51)	Loss Sour-Tar Disc 6.9339e-01 (6.9315e-01)	Acc@1   0.45 (  0.50)	Loss Pred 1.7237e+00 (1.7766e+00)	Macro F1   0.08 (  0.05)	Loss TOTAL 5.2041e+00 (5.2621e+00)
VALIDATION RESULTS
Epoch: [99][1/1]	Time  0.000 ( 0.000)	Data  0.003 ( 0.003)	Loss Source 9.0684e+00 (9.0684e+00)	Acc@1   0.00 (  0.00)	Loss Target 9.0629e+00 (9.0629e+00)	Acc@1   0.00 (  0.00)	Loss Sour-Tar CL 9.0629e+00 (9.0629e+00)	Acc@1   0.00 (  0.00)	Loss Sour-Tar Disc 6.9304e-01 (6.9304e-01)	Acc@1   0.53 (  0.53)	Loss Pred 1.7214e+00 (1.7214e+00)	Macro F1   0.08 (  0.08)	Loss TOTAL 4.9837e+00 (4.9837e+00)
VALIDATION SOURCE PREDICTIONS
Accuracy score is : 0.3409 
Macro F1 score is : 0.0847 
Weighted F1 score is : 0.1733 
Best model is updated!
VALIDATION TARGET PREDICTIONS
Accuracy score is : 0.3171 
Macro F1 score is : 0.0802 
Weighted F1 score is : 0.1527 
Epoch: [199][1/2]	Time  0.922 ( 0.939)	Data  0.007 ( 0.007)	Loss Source 8.9802e+00 (9.0207e+00)	Acc@1   0.00 (  0.02)	Loss Target 8.9234e+00 (9.0197e+00)	Acc@1   0.00 (  0.02)	Loss Sour-Tar CL 8.9234e+00 (9.0197e+00)	Acc@1   0.78 (  1.53)	Loss Sour-Tar Disc 6.9324e-01 (6.9315e-01)	Acc@1   0.48 (  0.50)	Loss Pred 1.6504e+00 (1.6750e+00)	Macro F1   0.08 (  0.08)	Loss TOTAL 5.0962e+00 (5.1357e+00)
VALIDATION RESULTS
Epoch: [199][1/1]	Time  0.000 ( 0.000)	Data  0.003 ( 0.003)	Loss Source 8.8743e+00 (8.8743e+00)	Acc@1   0.00 (  0.00)	Loss Target 8.8864e+00 (8.8864e+00)	Acc@1   0.00 (  0.00)	Loss Sour-Tar CL 8.8864e+00 (8.8864e+00)	Acc@1   9.76 (  9.76)	Loss Sour-Tar Disc 6.9302e-01 (6.9302e-01)	Acc@1   0.55 (  0.55)	Loss Pred 1.6298e+00 (1.6298e+00)	Macro F1   0.08 (  0.08)	Loss TOTAL 4.8535e+00 (4.8535e+00)
VALIDATION SOURCE PREDICTIONS
Accuracy score is : 0.3409 
Macro F1 score is : 0.0847 
Weighted F1 score is : 0.1733 
VALIDATION TARGET PREDICTIONS
Accuracy score is : 0.3171 
Macro F1 score is : 0.0802 
Weighted F1 score is : 0.1527 
Epoch: [299][1/2]	Time  0.966 ( 0.966)	Data  0.007 ( 0.007)	Loss Source 8.8715e+00 (8.8805e+00)	Acc@1   0.00 (  0.07)	Loss Target 8.8229e+00 (8.8826e+00)	Acc@1   0.00 (  0.11)	Loss Sour-Tar CL 8.8229e+00 (8.8826e+00)	Acc@1   0.78 (  1.73)	Loss Sour-Tar Disc 6.9331e-01 (6.9315e-01)	Acc@1   0.47 (  0.50)	Loss Pred 1.5772e+00 (1.5959e+00)	Macro F1   0.08 (  0.08)	Loss TOTAL 5.0068e+00 (5.0288e+00)
VALIDATION RESULTS
Epoch: [299][1/1]	Time  0.000 ( 0.000)	Data  0.003 ( 0.003)	Loss Source 8.7785e+00 (8.7785e+00)	Acc@1   0.00 (  0.00)	Loss Target 8.7846e+00 (8.7846e+00)	Acc@1   0.00 (  0.00)	Loss Sour-Tar CL 8.7846e+00 (8.7846e+00)	Acc@1   4.88 (  4.88)	Loss Sour-Tar Disc 6.9281e-01 (6.9281e-01)	Acc@1   0.62 (  0.62)	Loss Pred 1.5768e+00 (1.5768e+00)	Macro F1   0.08 (  0.08)	Loss TOTAL 4.7788e+00 (4.7788e+00)
VALIDATION SOURCE PREDICTIONS
Accuracy score is : 0.3409 
Macro F1 score is : 0.0847 
Weighted F1 score is : 0.1733 
VALIDATION TARGET PREDICTIONS
Accuracy score is : 0.3171 
Macro F1 score is : 0.0802 
Weighted F1 score is : 0.1527 
Epoch: [399][1/2]	Time  0.922 ( 0.962)	Data  0.007 ( 0.007)	Loss Source 8.9416e+00 (8.8511e+00)	Acc@1   0.00 (  0.12)	Loss Target 8.9043e+00 (8.8511e+00)	Acc@1   0.00 (  0.09)	Loss Sour-Tar CL 8.9043e+00 (8.8511e+00)	Acc@1   3.91 (  1.70)	Loss Sour-Tar Disc 6.9288e-01 (6.9317e-01)	Acc@1   0.46 (  0.50)	Loss Pred 1.5346e+00 (1.5590e+00)	Macro F1   0.09 (  0.08)	Loss TOTAL 4.9725e+00 (4.9829e+00)
VALIDATION RESULTS
Epoch: [399][1/1]	Time  0.000 ( 0.000)	Data  0.003 ( 0.003)	Loss Source 8.8276e+00 (8.8276e+00)	Acc@1   0.00 (  0.00)	Loss Target 8.8481e+00 (8.8481e+00)	Acc@1   0.00 (  0.00)	Loss Sour-Tar CL 8.8481e+00 (8.8481e+00)	Acc@1  12.20 ( 12.20)	Loss Sour-Tar Disc 6.9296e-01 (6.9296e-01)	Acc@1   0.55 (  0.55)	Loss Pred 1.5548e+00 (1.5548e+00)	Macro F1   0.08 (  0.08)	Loss TOTAL 4.7650e+00 (4.7650e+00)
VALIDATION SOURCE PREDICTIONS
Accuracy score is : 0.3409 
Macro F1 score is : 0.0847 
Weighted F1 score is : 0.1733 
VALIDATION TARGET PREDICTIONS
Accuracy score is : 0.3171 
Macro F1 score is : 0.0802 
Weighted F1 score is : 0.1527 
Epoch: [499][1/2]	Time  0.960 ( 0.939)	Data  0.007 ( 0.007)	Loss Source 8.9220e+00 (8.9086e+00)	Acc@1   0.00 (  0.05)	Loss Target 8.8666e+00 (8.9131e+00)	Acc@1   0.00 (  0.05)	Loss Sour-Tar CL 8.8666e+00 (8.9131e+00)	Acc@1   0.78 (  1.97)	Loss Sour-Tar Disc 6.9292e-01 (6.9311e-01)	Acc@1   0.52 (  0.50)	Loss Pred 1.5360e+00 (1.5450e+00)	Macro F1   0.14 (  0.09)	Loss TOTAL 4.9605e+00 (4.9734e+00)
VALIDATION RESULTS
Epoch: [499][1/1]	Time  0.000 ( 0.000)	Data  0.003 ( 0.003)	Loss Source 8.7861e+00 (8.7861e+00)	Acc@1   0.00 (  0.00)	Loss Target 8.7891e+00 (8.7891e+00)	Acc@1   0.00 (  0.00)	Loss Sour-Tar CL 8.7891e+00 (8.7891e+00)	Acc@1  14.63 ( 14.63)	Loss Sour-Tar Disc 6.9290e-01 (6.9290e-01)	Acc@1   0.52 (  0.52)	Loss Pred 1.5451e+00 (1.5451e+00)	Macro F1   0.16 (  0.16)	Loss TOTAL 4.7347e+00 (4.7347e+00)
VALIDATION SOURCE PREDICTIONS
Accuracy score is : 0.4091 
Macro F1 score is : 0.1626 
Weighted F1 score is : 0.3233 
Best model is updated!
VALIDATION TARGET PREDICTIONS
Accuracy score is : 0.4146 
Macro F1 score is : 0.1638 
Weighted F1 score is : 0.3352 
Epoch: [599][1/2]	Time  0.927 ( 0.964)	Data  0.007 ( 0.007)	Loss Source 8.7322e+00 (8.7960e+00)	Acc@1   0.00 (  0.23)	Loss Target 8.7341e+00 (8.7979e+00)	Acc@1   0.00 (  0.09)	Loss Sour-Tar CL 8.7341e+00 (8.7979e+00)	Acc@1   3.12 (  2.86)	Loss Sour-Tar Disc 6.9224e-01 (6.9293e-01)	Acc@1   0.53 (  0.50)	Loss Pred 1.5165e+00 (1.5199e+00)	Macro F1   0.21 (  0.15)	Loss TOTAL 4.8724e+00 (4.9064e+00)
VALIDATION RESULTS
Epoch: [599][1/1]	Time  0.000 ( 0.000)	Data  0.003 ( 0.003)	Loss Source 8.6180e+00 (8.6180e+00)	Acc@1   0.00 (  0.00)	Loss Target 8.6187e+00 (8.6187e+00)	Acc@1   0.00 (  0.00)	Loss Sour-Tar CL 8.6187e+00 (8.6187e+00)	Acc@1  14.63 ( 14.63)	Loss Sour-Tar Disc 6.9260e-01 (6.9260e-01)	Acc@1   0.47 (  0.47)	Loss Pred 1.5026e+00 (1.5026e+00)	Macro F1   0.23 (  0.23)	Loss TOTAL 4.6153e+00 (4.6153e+00)
VALIDATION SOURCE PREDICTIONS
Accuracy score is : 0.5455 
Macro F1 score is : 0.2271 
Weighted F1 score is : 0.4526 
Best model is updated!
VALIDATION TARGET PREDICTIONS
Accuracy score is : 0.4634 
Macro F1 score is : 0.1838 
Weighted F1 score is : 0.3747 
Epoch: [699][1/2]	Time  0.968 ( 0.949)	Data  0.007 ( 0.007)	Loss Source 8.3791e+00 (8.5604e+00)	Acc@1   0.78 (  0.16)	Loss Target 8.5716e+00 (8.6272e+00)	Acc@1   0.00 (  0.12)	Loss Sour-Tar CL 8.5716e+00 (8.6272e+00)	Acc@1   5.47 (  3.95)	Loss Sour-Tar Disc 6.9160e-01 (6.9223e-01)	Acc@1   0.51 (  0.50)	Loss Pred 1.4511e+00 (1.4593e+00)	Macro F1   0.21 (  0.21)	Loss TOTAL 4.7387e+00 (4.7766e+00)
VALIDATION RESULTS
Epoch: [699][1/1]	Time  0.000 ( 0.000)	Data  0.003 ( 0.003)	Loss Source 8.2747e+00 (8.2747e+00)	Acc@1   0.00 (  0.00)	Loss Target 8.4704e+00 (8.4704e+00)	Acc@1   0.00 (  0.00)	Loss Sour-Tar CL 8.4704e+00 (8.4704e+00)	Acc@1   0.00 (  0.00)	Loss Sour-Tar Disc 6.9122e-01 (6.9122e-01)	Acc@1   0.46 (  0.46)	Loss Pred 1.4108e+00 (1.4108e+00)	Macro F1   0.23 (  0.23)	Loss TOTAL 4.4678e+00 (4.4678e+00)
VALIDATION SOURCE PREDICTIONS
Accuracy score is : 0.5682 
Macro F1 score is : 0.2313 
Weighted F1 score is : 0.4602 
Best model is updated!
VALIDATION TARGET PREDICTIONS
Accuracy score is : 0.5854 
Macro F1 score is : 0.2359 
Weighted F1 score is : 0.4788 
Epoch: [799][1/2]	Time  0.939 ( 0.968)	Data  0.007 ( 0.007)	Loss Source 8.2534e+00 (8.3557e+00)	Acc@1   0.00 (  0.26)	Loss Target 8.4630e+00 (8.5205e+00)	Acc@1   0.00 (  0.21)	Loss Sour-Tar CL 8.4630e+00 (8.5205e+00)	Acc@1   3.12 (  5.38)	Loss Sour-Tar Disc 6.8870e-01 (6.9099e-01)	Acc@1   0.53 (  0.50)	Loss Pred 1.2987e+00 (1.3574e+00)	Macro F1   0.23 (  0.23)	Loss TOTAL 4.5360e+00 (4.6252e+00)
VALIDATION RESULTS
Epoch: [799][1/1]	Time  0.000 ( 0.000)	Data  0.003 ( 0.003)	Loss Source 8.2170e+00 (8.2170e+00)	Acc@1   0.00 (  0.00)	Loss Target 8.4123e+00 (8.4123e+00)	Acc@1   0.00 (  0.00)	Loss Sour-Tar CL 8.4123e+00 (8.4123e+00)	Acc@1  14.63 ( 14.63)	Loss Sour-Tar Disc 6.8648e-01 (6.8648e-01)	Acc@1   0.58 (  0.58)	Loss Pred 1.2737e+00 (1.2737e+00)	Macro F1   0.26 (  0.26)	Loss TOTAL 4.3073e+00 (4.3073e+00)
VALIDATION SOURCE PREDICTIONS
Accuracy score is : 0.6364 
Macro F1 score is : 0.2645 
Weighted F1 score is : 0.5269 
Best model is updated!
VALIDATION TARGET PREDICTIONS
Accuracy score is : 0.5366 
Macro F1 score is : 0.2149 
Weighted F1 score is : 0.4382 
Epoch: [899][1/2]	Time  0.939 ( 0.964)	Data  0.007 ( 0.007)	Loss Source 8.4281e+00 (8.3369e+00)	Acc@1   0.00 (  0.13)	Loss Target 8.4636e+00 (8.4468e+00)	Acc@1   0.00 (  0.18)	Loss Sour-Tar CL 8.4636e+00 (8.4468e+00)	Acc@1   7.03 (  5.91)	Loss Sour-Tar Disc 6.8738e-01 (6.8953e-01)	Acc@1   0.54 (  0.52)	Loss Pred 1.1806e+00 (1.2443e+00)	Macro F1   0.24 (  0.25)	Loss TOTAL 4.4329e+00 (4.4907e+00)
VALIDATION RESULTS
Epoch: [899][1/1]	Time  0.000 ( 0.000)	Data  0.003 ( 0.003)	Loss Source 8.1900e+00 (8.1900e+00)	Acc@1   0.00 (  0.00)	Loss Target 8.1747e+00 (8.1747e+00)	Acc@1   0.00 (  0.00)	Loss Sour-Tar CL 8.1747e+00 (8.1747e+00)	Acc@1  19.51 ( 19.51)	Loss Sour-Tar Disc 6.8539e-01 (6.8539e-01)	Acc@1   0.54 (  0.54)	Loss Pred 1.1863e+00 (1.1863e+00)	Macro F1   0.27 (  0.27)	Loss TOTAL 4.1481e+00 (4.1481e+00)
VALIDATION SOURCE PREDICTIONS
Accuracy score is : 0.6364 
Macro F1 score is : 0.2670 
Weighted F1 score is : 0.5316 
Best model is updated!
VALIDATION TARGET PREDICTIONS
Accuracy score is : 0.5854 
Macro F1 score is : 0.2348 
Weighted F1 score is : 0.4783 
Epoch: [999][1/2]	Time  0.944 ( 0.972)	Data  0.006 ( 0.007)	Loss Source 8.3391e+00 (8.3247e+00)	Acc@1   0.00 (  0.14)	Loss Target 8.4205e+00 (8.4078e+00)	Acc@1   0.00 (  0.14)	Loss Sour-Tar CL 8.4205e+00 (8.4078e+00)	Acc@1   4.69 (  6.53)	Loss Sour-Tar Disc 6.8809e-01 (6.8812e-01)	Acc@1   0.54 (  0.54)	Loss Pred 1.1402e+00 (1.1556e+00)	Macro F1   0.26 (  0.25)	Loss TOTAL 4.3812e+00 (4.3887e+00)
VALIDATION RESULTS
Epoch: [999][1/1]	Time  0.000 ( 0.000)	Data  0.003 ( 0.003)	Loss Source 8.1525e+00 (8.1525e+00)	Acc@1   0.00 (  0.00)	Loss Target 8.0317e+00 (8.0317e+00)	Acc@1   0.00 (  0.00)	Loss Sour-Tar CL 8.0317e+00 (8.0317e+00)	Acc@1  26.83 ( 26.83)	Loss Sour-Tar Disc 6.8637e-01 (6.8637e-01)	Acc@1   0.56 (  0.56)	Loss Pred 1.1496e+00 (1.1496e+00)	Macro F1   0.26 (  0.26)	Loss TOTAL 4.0763e+00 (4.0763e+00)
VALIDATION SOURCE PREDICTIONS
Accuracy score is : 0.6136 
Macro F1 score is : 0.2585 
Weighted F1 score is : 0.5145 
VALIDATION TARGET PREDICTIONS
Accuracy score is : 0.6585 
Macro F1 score is : 0.2672 
Weighted F1 score is : 0.5432 
Epoch: [1099][1/2]	Time  0.921 ( 0.964)	Data  0.007 ( 0.007)	Loss Source 8.2543e+00 (8.2848e+00)	Acc@1   0.00 (  0.16)	Loss Target 8.2677e+00 (8.3285e+00)	Acc@1   0.00 (  0.27)	Loss Sour-Tar CL 8.2677e+00 (8.3285e+00)	Acc@1   8.59 (  6.82)	Loss Sour-Tar Disc 6.8585e-01 (6.8719e-01)	Acc@1   0.57 (  0.56)	Loss Pred 1.0443e+00 (1.0839e+00)	Macro F1   0.25 (  0.26)	Loss TOTAL 4.2438e+00 (4.2940e+00)
VALIDATION RESULTS
Epoch: [1099][1/1]	Time  0.000 ( 0.000)	Data  0.002 ( 0.002)	Loss Source 8.2470e+00 (8.2470e+00)	Acc@1   0.00 (  0.00)	Loss Target 7.9662e+00 (7.9662e+00)	Acc@1   0.00 (  0.00)	Loss Sour-Tar CL 7.9662e+00 (7.9662e+00)	Acc@1  19.51 ( 19.51)	Loss Sour-Tar Disc 6.8397e-01 (6.8397e-01)	Acc@1   0.54 (  0.54)	Loss Pred 1.0484e+00 (1.0484e+00)	Macro F1   0.27 (  0.27)	Loss TOTAL 3.9524e+00 (3.9524e+00)
VALIDATION SOURCE PREDICTIONS
Accuracy score is : 0.6364 
Macro F1 score is : 0.2670 
Weighted F1 score is : 0.5316 
VALIDATION TARGET PREDICTIONS
Accuracy score is : 0.6829 
Macro F1 score is : 0.2744 
Weighted F1 score is : 0.5587 
Epoch: [1199][1/2]	Time  0.947 ( 0.951)	Data  0.007 ( 0.007)	Loss Source 8.1678e+00 (8.2378e+00)	Acc@1   0.00 (  0.15)	Loss Target 8.2862e+00 (8.2737e+00)	Acc@1   0.78 (  0.16)	Loss Sour-Tar CL 8.2862e+00 (8.2737e+00)	Acc@1   8.59 (  6.90)	Loss Sour-Tar Disc 6.9020e-01 (6.8690e-01)	Acc@1   0.54 (  0.57)	Loss Pred 1.0417e+00 (1.0391e+00)	Macro F1   0.25 (  0.26)	Loss TOTAL 4.2272e+00 (4.2344e+00)
VALIDATION RESULTS
Epoch: [1199][1/1]	Time  0.000 ( 0.000)	Data  0.003 ( 0.003)	Loss Source 7.8140e+00 (7.8140e+00)	Acc@1   0.00 (  0.00)	Loss Target 7.7385e+00 (7.7385e+00)	Acc@1   0.00 (  0.00)	Loss Sour-Tar CL 7.7385e+00 (7.7385e+00)	Acc@1  17.07 ( 17.07)	Loss Sour-Tar Disc 6.8749e-01 (6.8749e-01)	Acc@1   0.59 (  0.59)	Loss Pred 9.7135e-01 (9.7135e-01)	Macro F1   0.28 (  0.28)	Loss TOTAL 3.7847e+00 (3.7847e+00)
VALIDATION SOURCE PREDICTIONS
Accuracy score is : 0.6591 
Macro F1 score is : 0.2752 
Weighted F1 score is : 0.5481 
Best model is updated!
VALIDATION TARGET PREDICTIONS
Accuracy score is : 0.6829 
Macro F1 score is : 0.2744 
Weighted F1 score is : 0.5587 
Epoch: [1299][1/2]	Time  0.942 ( 0.965)	Data  0.007 ( 0.007)	Loss Source 8.2841e+00 (8.1692e+00)	Acc@1   0.00 (  0.23)	Loss Target 8.2106e+00 (8.1997e+00)	Acc@1   0.00 (  0.18)	Loss Sour-Tar CL 8.2106e+00 (8.1997e+00)	Acc@1   6.25 (  6.56)	Loss Sour-Tar Disc 6.8309e-01 (6.8622e-01)	Acc@1   0.59 (  0.57)	Loss Pred 9.8111e-01 (9.7797e-01)	Macro F1   0.25 (  0.26)	Loss TOTAL 4.1757e+00 (4.1500e+00)
VALIDATION RESULTS
Epoch: [1299][1/1]	Time  0.000 ( 0.000)	Data  0.003 ( 0.003)	Loss Source 7.7223e+00 (7.7223e+00)	Acc@1   0.00 (  0.00)	Loss Target 7.8162e+00 (7.8162e+00)	Acc@1   0.00 (  0.00)	Loss Sour-Tar CL 7.8162e+00 (7.8162e+00)	Acc@1  21.95 ( 21.95)	Loss Sour-Tar Disc 6.8939e-01 (6.8939e-01)	Acc@1   0.53 (  0.53)	Loss Pred 9.5751e-01 (9.5751e-01)	Macro F1   0.27 (  0.27)	Loss TOTAL 3.8075e+00 (3.8075e+00)
VALIDATION SOURCE PREDICTIONS
Accuracy score is : 0.6364 
Macro F1 score is : 0.2670 
Weighted F1 score is : 0.5316 
VALIDATION TARGET PREDICTIONS
Accuracy score is : 0.6829 
Macro F1 score is : 0.2767 
Weighted F1 score is : 0.5621 
Epoch: [1399][1/2]	Time  0.987 ( 0.966)	Data  0.007 ( 0.007)	Loss Source 7.9221e+00 (8.1351e+00)	Acc@1   0.00 (  0.21)	Loss Target 8.1668e+00 (8.1529e+00)	Acc@1   0.78 (  0.23)	Loss Sour-Tar CL 8.1668e+00 (8.1529e+00)	Acc@1   7.81 (  7.31)	Loss Sour-Tar Disc 6.8445e-01 (6.8718e-01)	Acc@1   0.60 (  0.56)	Loss Pred 8.9976e-01 (9.3335e-01)	Macro F1   0.25 (  0.26)	Loss TOTAL 4.0426e+00 (4.0910e+00)
VALIDATION RESULTS
Epoch: [1399][1/1]	Time  0.000 ( 0.000)	Data  0.003 ( 0.003)	Loss Source 7.8891e+00 (7.8891e+00)	Acc@1   0.00 (  0.00)	Loss Target 7.9732e+00 (7.9732e+00)	Acc@1   2.44 (  2.44)	Loss Sour-Tar CL 7.9732e+00 (7.9732e+00)	Acc@1  24.39 ( 24.39)	Loss Sour-Tar Disc 6.9123e-01 (6.9123e-01)	Acc@1   0.48 (  0.48)	Loss Pred 1.0484e+00 (1.0484e+00)	Macro F1   0.25 (  0.25)	Loss TOTAL 3.9450e+00 (3.9450e+00)
VALIDATION SOURCE PREDICTIONS
Accuracy score is : 0.5909 
Macro F1 score is : 0.2496 
Weighted F1 score is : 0.4967 
VALIDATION TARGET PREDICTIONS
Accuracy score is : 0.6585 
Macro F1 score is : 0.2648 
Weighted F1 score is : 0.5395 
Epoch: [1499][1/2]	Time  0.942 ( 0.963)	Data  0.007 ( 0.007)	Loss Source 8.0338e+00 (8.1137e+00)	Acc@1   0.00 (  0.22)	Loss Target 8.3261e+00 (8.1349e+00)	Acc@1   0.00 (  0.27)	Loss Sour-Tar CL 8.3261e+00 (8.1349e+00)	Acc@1   9.38 (  7.26)	Loss Sour-Tar Disc 6.8733e-01 (6.8672e-01)	Acc@1   0.54 (  0.56)	Loss Pred 8.4920e-01 (8.9689e-01)	Macro F1   0.28 (  0.28)	Loss TOTAL 4.0472e+00 (4.0447e+00)
VALIDATION RESULTS
Epoch: [1499][1/1]	Time  0.000 ( 0.000)	Data  0.003 ( 0.003)	Loss Source 7.7487e+00 (7.7487e+00)	Acc@1   0.00 (  0.00)	Loss Target 7.6264e+00 (7.6264e+00)	Acc@1   0.00 (  0.00)	Loss Sour-Tar CL 7.6264e+00 (7.6264e+00)	Acc@1  29.27 ( 29.27)	Loss Sour-Tar Disc 6.7646e-01 (6.7646e-01)	Acc@1   0.59 (  0.59)	Loss Pred 8.0380e-01 (8.0380e-01)	Macro F1   0.35 (  0.35)	Loss TOTAL 3.5964e+00 (3.5964e+00)
VALIDATION SOURCE PREDICTIONS
Accuracy score is : 0.7045 
Macro F1 score is : 0.3519 
Weighted F1 score is : 0.6263 
Best model is updated!
VALIDATION TARGET PREDICTIONS
Accuracy score is : 0.6585 
Macro F1 score is : 0.2828 
Weighted F1 score is : 0.5770 
Epoch: [1599][1/2]	Time  0.929 ( 0.956)	Data  0.007 ( 0.007)	Loss Source 8.1678e+00 (8.1158e+00)	Acc@1   0.00 (  0.23)	Loss Target 8.2273e+00 (8.1209e+00)	Acc@1   1.56 (  0.24)	Loss Sour-Tar CL 8.2273e+00 (8.1209e+00)	Acc@1   7.81 (  7.41)	Loss Sour-Tar Disc 6.8762e-01 (6.8707e-01)	Acc@1   0.55 (  0.56)	Loss Pred 8.7256e-01 (8.5890e-01)	Macro F1   0.31 (  0.31)	Loss TOTAL 4.0582e+00 (4.0020e+00)
VALIDATION RESULTS
Epoch: [1599][1/1]	Time  0.000 ( 0.000)	Data  0.003 ( 0.003)	Loss Source 7.8354e+00 (7.8354e+00)	Acc@1   0.00 (  0.00)	Loss Target 7.7113e+00 (7.7113e+00)	Acc@1   0.00 (  0.00)	Loss Sour-Tar CL 7.7113e+00 (7.7113e+00)	Acc@1  31.71 ( 31.71)	Loss Sour-Tar Disc 6.8965e-01 (6.8965e-01)	Acc@1   0.51 (  0.51)	Loss Pred 8.7249e-01 (8.7249e-01)	Macro F1   0.27 (  0.27)	Loss TOTAL 3.7092e+00 (3.7092e+00)
VALIDATION SOURCE PREDICTIONS
Accuracy score is : 0.5909 
Macro F1 score is : 0.2714 
Weighted F1 score is : 0.5409 
VALIDATION TARGET PREDICTIONS
Accuracy score is : 0.6585 
Macro F1 score is : 0.2910 
Weighted F1 score is : 0.5954 
Epoch: [1699][1/2]	Time  0.933 ( 0.939)	Data  0.007 ( 0.007)	Loss Source 8.2046e+00 (8.0996e+00)	Acc@1   0.00 (  0.23)	Loss Target 8.2324e+00 (8.0810e+00)	Acc@1   0.00 (  0.18)	Loss Sour-Tar CL 8.2324e+00 (8.0810e+00)	Acc@1   8.59 (  7.51)	Loss Sour-Tar Disc 6.8244e-01 (6.8622e-01)	Acc@1   0.60 (  0.56)	Loss Pred 8.8340e-01 (8.3351e-01)	Macro F1   0.31 (  0.32)	Loss TOTAL 4.0563e+00 (3.9622e+00)
VALIDATION RESULTS
Epoch: [1699][1/1]	Time  0.000 ( 0.000)	Data  0.003 ( 0.003)	Loss Source 7.8376e+00 (7.8376e+00)	Acc@1   0.00 (  0.00)	Loss Target 7.8627e+00 (7.8627e+00)	Acc@1   0.00 (  0.00)	Loss Sour-Tar CL 7.8627e+00 (7.8627e+00)	Acc@1  29.27 ( 29.27)	Loss Sour-Tar Disc 6.9035e-01 (6.9035e-01)	Acc@1   0.58 (  0.58)	Loss Pred 7.8187e-01 (7.8187e-01)	Macro F1   0.34 (  0.34)	Loss TOTAL 3.6485e+00 (3.6485e+00)
VALIDATION SOURCE PREDICTIONS
Accuracy score is : 0.6818 
Macro F1 score is : 0.3419 
Weighted F1 score is : 0.6162 
VALIDATION TARGET PREDICTIONS
Accuracy score is : 0.6341 
Macro F1 score is : 0.2918 
Weighted F1 score is : 0.5936 
Epoch: [1799][1/2]	Time  0.944 ( 0.958)	Data  0.007 ( 0.007)	Loss Source 8.0391e+00 (8.0630e+00)	Acc@1   0.00 (  0.17)	Loss Target 8.1763e+00 (8.0572e+00)	Acc@1   0.00 (  0.13)	Loss Sour-Tar CL 8.1763e+00 (8.0572e+00)	Acc@1   7.81 (  7.85)	Loss Sour-Tar Disc 6.8604e-01 (6.8613e-01)	Acc@1   0.55 (  0.56)	Loss Pred 7.8898e-01 (8.1139e-01)	Macro F1   0.32 (  0.33)	Loss TOTAL 3.9332e+00 (3.9289e+00)
VALIDATION RESULTS
Epoch: [1799][1/1]	Time  0.000 ( 0.000)	Data  0.003 ( 0.003)	Loss Source 7.6567e+00 (7.6567e+00)	Acc@1   0.00 (  0.00)	Loss Target 7.9842e+00 (7.9842e+00)	Acc@1   2.44 (  2.44)	Loss Sour-Tar CL 7.9842e+00 (7.9842e+00)	Acc@1  24.39 ( 24.39)	Loss Sour-Tar Disc 6.9017e-01 (6.9017e-01)	Acc@1   0.58 (  0.58)	Loss Pred 7.9195e-01 (7.9195e-01)	Macro F1   0.32 (  0.32)	Loss TOTAL 3.6881e+00 (3.6881e+00)
VALIDATION SOURCE PREDICTIONS
Accuracy score is : 0.6364 
Macro F1 score is : 0.3232 
Weighted F1 score is : 0.5751 
VALIDATION TARGET PREDICTIONS
Accuracy score is : 0.5610 
Macro F1 score is : 0.2622 
Weighted F1 score is : 0.5344 
Epoch: [1899][1/2]	Time  1.006 ( 0.976)	Data  0.007 ( 0.007)	Loss Source 7.9332e+00 (8.0424e+00)	Acc@1   0.00 (  0.15)	Loss Target 8.1956e+00 (8.0285e+00)	Acc@1   0.00 (  0.20)	Loss Sour-Tar CL 8.1956e+00 (8.0285e+00)	Acc@1   6.25 (  8.60)	Loss Sour-Tar Disc 6.8259e-01 (6.8488e-01)	Acc@1   0.57 (  0.56)	Loss Pred 8.1615e-01 (7.8721e-01)	Macro F1   0.35 (  0.33)	Loss TOTAL 3.9609e+00 (3.8952e+00)
VALIDATION RESULTS
Epoch: [1899][1/1]	Time  0.000 ( 0.000)	Data  0.003 ( 0.003)	Loss Source 7.7308e+00 (7.7308e+00)	Acc@1   0.00 (  0.00)	Loss Target 7.2972e+00 (7.2972e+00)	Acc@1   0.00 (  0.00)	Loss Sour-Tar CL 7.2972e+00 (7.2972e+00)	Acc@1  41.46 ( 41.46)	Loss Sour-Tar Disc 6.9580e-01 (6.9580e-01)	Acc@1   0.47 (  0.47)	Loss Pred 7.4971e-01 (7.4971e-01)	Macro F1   0.29 (  0.29)	Loss TOTAL 3.4737e+00 (3.4737e+00)
VALIDATION SOURCE PREDICTIONS
Accuracy score is : 0.6136 
Macro F1 score is : 0.2944 
Weighted F1 score is : 0.5492 
VALIDATION TARGET PREDICTIONS
Accuracy score is : 0.5854 
Macro F1 score is : 0.2731 
Weighted F1 score is : 0.5562 
Epoch: [1999][1/2]	Time  0.972 ( 1.011)	Data  0.007 ( 0.007)	Loss Source 7.9838e+00 (8.0209e+00)	Acc@1   0.00 (  0.21)	Loss Target 8.0035e+00 (8.0013e+00)	Acc@1   0.00 (  0.28)	Loss Sour-Tar CL 8.0035e+00 (8.0013e+00)	Acc@1  12.50 (  8.47)	Loss Sour-Tar Disc 6.8254e-01 (6.8414e-01)	Acc@1   0.59 (  0.57)	Loss Pred 7.6118e-01 (7.6559e-01)	Macro F1   0.39 (  0.35)	Loss TOTAL 3.8427e+00 (3.8657e+00)
VALIDATION RESULTS
Epoch: [1999][1/1]	Time  0.000 ( 0.000)	Data  0.003 ( 0.003)	Loss Source 7.6871e+00 (7.6871e+00)	Acc@1   0.00 (  0.00)	Loss Target 7.8790e+00 (7.8790e+00)	Acc@1   2.44 (  2.44)	Loss Sour-Tar CL 7.8790e+00 (7.8790e+00)	Acc@1  17.07 ( 17.07)	Loss Sour-Tar Disc 6.7701e-01 (6.7701e-01)	Acc@1   0.61 (  0.61)	Loss Pred 9.0219e-01 (9.0219e-01)	Macro F1   0.37 (  0.37)	Loss TOTAL 3.7782e+00 (3.7782e+00)
VALIDATION SOURCE PREDICTIONS
Accuracy score is : 0.5682 
Macro F1 score is : 0.3727 
Weighted F1 score is : 0.5612 
Best model is updated!
VALIDATION TARGET PREDICTIONS
Accuracy score is : 0.5610 
Macro F1 score is : 0.2622 
Weighted F1 score is : 0.5344 
Epoch: [2099][1/2]	Time  0.919 ( 0.945)	Data  0.007 ( 0.007)	Loss Source 7.8243e+00 (7.9829e+00)	Acc@1   0.00 (  0.16)	Loss Target 7.8446e+00 (7.9530e+00)	Acc@1   0.00 (  0.17)	Loss Sour-Tar CL 7.8446e+00 (7.9530e+00)	Acc@1   7.03 (  8.77)	Loss Sour-Tar Disc 6.7855e-01 (6.8391e-01)	Acc@1   0.60 (  0.57)	Loss Pred 6.9808e-01 (7.4614e-01)	Macro F1   0.46 (  0.42)	Loss TOTAL 3.7264e+00 (3.8274e+00)
VALIDATION RESULTS
Epoch: [2099][1/1]	Time  0.000 ( 0.000)	Data  0.003 ( 0.003)	Loss Source 7.9588e+00 (7.9588e+00)	Acc@1   0.00 (  0.00)	Loss Target 7.7675e+00 (7.7675e+00)	Acc@1   2.44 (  2.44)	Loss Sour-Tar CL 7.7675e+00 (7.7675e+00)	Acc@1  21.95 ( 21.95)	Loss Sour-Tar Disc 6.8846e-01 (6.8846e-01)	Acc@1   0.51 (  0.51)	Loss Pred 8.4032e-01 (8.4032e-01)	Macro F1   0.43 (  0.43)	Loss TOTAL 3.6633e+00 (3.6633e+00)
VALIDATION SOURCE PREDICTIONS
Accuracy score is : 0.6591 
Macro F1 score is : 0.4295 
Weighted F1 score is : 0.6025 
Best model is updated!
VALIDATION TARGET PREDICTIONS
Accuracy score is : 0.6585 
Macro F1 score is : 0.3924 
Weighted F1 score is : 0.6050 
Epoch: [2199][1/2]	Time  0.910 ( 0.944)	Data  0.007 ( 0.007)	Loss Source 7.9093e+00 (7.9653e+00)	Acc@1   0.00 (  0.16)	Loss Target 8.1015e+00 (7.9594e+00)	Acc@1   0.00 (  0.20)	Loss Sour-Tar CL 8.1015e+00 (7.9594e+00)	Acc@1   7.03 (  8.72)	Loss Sour-Tar Disc 6.7795e-01 (6.8375e-01)	Acc@1   0.61 (  0.57)	Loss Pred 7.2897e-01 (7.2644e-01)	Macro F1   0.48 (  0.45)	Loss TOTAL 3.8315e+00 (3.8056e+00)
VALIDATION RESULTS
Epoch: [2199][1/1]	Time  0.000 ( 0.000)	Data  0.003 ( 0.003)	Loss Source 7.4538e+00 (7.4538e+00)	Acc@1   0.00 (  0.00)	Loss Target 7.2858e+00 (7.2858e+00)	Acc@1   4.88 (  4.88)	Loss Sour-Tar CL 7.2858e+00 (7.2858e+00)	Acc@1  31.71 ( 31.71)	Loss Sour-Tar Disc 6.8485e-01 (6.8485e-01)	Acc@1   0.58 (  0.58)	Loss Pred 7.5847e-01 (7.5847e-01)	Macro F1   0.54 (  0.54)	Loss TOTAL 3.4487e+00 (3.4487e+00)
VALIDATION SOURCE PREDICTIONS
Accuracy score is : 0.7727 
Macro F1 score is : 0.5445 
Weighted F1 score is : 0.7108 
Best model is updated!
VALIDATION TARGET PREDICTIONS
Accuracy score is : 0.6829 
Macro F1 score is : 0.4003 
Weighted F1 score is : 0.6236 
Epoch: [2299][1/2]	Time  0.929 ( 0.936)	Data  0.007 ( 0.007)	Loss Source 7.8853e+00 (7.9371e+00)	Acc@1   0.00 (  0.18)	Loss Target 7.9669e+00 (7.9216e+00)	Acc@1   0.00 (  0.21)	Loss Sour-Tar CL 7.9669e+00 (7.9216e+00)	Acc@1   7.81 (  9.42)	Loss Sour-Tar Disc 6.8392e-01 (6.8441e-01)	Acc@1   0.57 (  0.56)	Loss Pred 6.4587e-01 (7.0245e-01)	Macro F1   0.51 (  0.46)	Loss TOTAL 3.7184e+00 (3.7698e+00)
VALIDATION RESULTS
Epoch: [2299][1/1]	Time  0.000 ( 0.000)	Data  0.003 ( 0.003)	Loss Source 7.6696e+00 (7.6696e+00)	Acc@1   0.00 (  0.00)	Loss Target 7.6346e+00 (7.6346e+00)	Acc@1   2.44 (  2.44)	Loss Sour-Tar CL 7.6346e+00 (7.6346e+00)	Acc@1  21.95 ( 21.95)	Loss Sour-Tar Disc 6.8598e-01 (6.8598e-01)	Acc@1   0.54 (  0.54)	Loss Pred 6.2369e-01 (6.2369e-01)	Macro F1   0.54 (  0.54)	Loss TOTAL 3.4017e+00 (3.4017e+00)
VALIDATION SOURCE PREDICTIONS
Accuracy score is : 0.7955 
Macro F1 score is : 0.5400 
Weighted F1 score is : 0.7298 
VALIDATION TARGET PREDICTIONS
Accuracy score is : 0.6098 
Macro F1 score is : 0.3405 
Weighted F1 score is : 0.5632 
Epoch: [2399][1/2]	Time  0.916 ( 0.929)	Data  0.007 ( 0.007)	Loss Source 7.9321e+00 (7.9124e+00)	Acc@1   0.78 (  0.23)	Loss Target 7.8889e+00 (7.8988e+00)	Acc@1   0.00 (  0.21)	Loss Sour-Tar CL 7.8889e+00 (7.8988e+00)	Acc@1   9.38 (  9.69)	Loss Sour-Tar Disc 6.8573e-01 (6.8308e-01)	Acc@1   0.58 (  0.57)	Loss Pred 6.6966e-01 (6.8717e-01)	Macro F1   0.46 (  0.48)	Loss TOTAL 3.7329e+00 (3.7424e+00)
VALIDATION RESULTS
Epoch: [2399][1/1]	Time  0.000 ( 0.000)	Data  0.003 ( 0.003)	Loss Source 7.5410e+00 (7.5410e+00)	Acc@1   0.00 (  0.00)	Loss Target 7.8287e+00 (7.8287e+00)	Acc@1   0.00 (  0.00)	Loss Sour-Tar CL 7.8287e+00 (7.8287e+00)	Acc@1  36.59 ( 36.59)	Loss Sour-Tar Disc 6.8733e-01 (6.8733e-01)	Acc@1   0.49 (  0.49)	Loss Pred 7.5244e-01 (7.5244e-01)	Macro F1   0.46 (  0.46)	Loss TOTAL 3.6525e+00 (3.6525e+00)
VALIDATION SOURCE PREDICTIONS
Accuracy score is : 0.6818 
Macro F1 score is : 0.4565 
Weighted F1 score is : 0.6370 
VALIDATION TARGET PREDICTIONS
Accuracy score is : 0.6098 
Macro F1 score is : 0.3479 
Weighted F1 score is : 0.5809 
Epoch: [2499][1/2]	Time  0.967 ( 0.938)	Data  0.007 ( 0.007)	Loss Source 7.7535e+00 (7.9042e+00)	Acc@1   0.00 (  0.22)	Loss Target 7.7904e+00 (7.8918e+00)	Acc@1   0.00 (  0.22)	Loss Sour-Tar CL 7.7904e+00 (7.8918e+00)	Acc@1  12.50 (  9.30)	Loss Sour-Tar Disc 6.8985e-01 (6.8327e-01)	Acc@1   0.55 (  0.57)	Loss Pred 6.4414e-01 (6.5731e-01)	Macro F1   0.49 (  0.48)	Loss TOTAL 3.6506e+00 (3.7059e+00)
VALIDATION RESULTS
Epoch: [2499][1/1]	Time  0.000 ( 0.000)	Data  0.003 ( 0.003)	Loss Source 7.7805e+00 (7.7805e+00)	Acc@1   2.27 (  2.27)	Loss Target 8.3803e+00 (8.3803e+00)	Acc@1   0.00 (  0.00)	Loss Sour-Tar CL 8.3803e+00 (8.3803e+00)	Acc@1  17.07 ( 17.07)	Loss Sour-Tar Disc 6.9440e-01 (6.9440e-01)	Acc@1   0.55 (  0.55)	Loss Pred 8.2644e-01 (8.2644e-01)	Macro F1   0.43 (  0.43)	Loss TOTAL 3.8442e+00 (3.8442e+00)
VALIDATION SOURCE PREDICTIONS
Accuracy score is : 0.6591 
Macro F1 score is : 0.4309 
Weighted F1 score is : 0.6164 
VALIDATION TARGET PREDICTIONS
Accuracy score is : 0.6341 
Macro F1 score is : 0.3857 
Weighted F1 score is : 0.6052 
Epoch: [2599][1/2]	Time  0.974 ( 0.963)	Data  0.007 ( 0.007)	Loss Source 7.8212e+00 (7.8841e+00)	Acc@1   0.78 (  0.19)	Loss Target 7.7373e+00 (7.8723e+00)	Acc@1   0.00 (  0.23)	Loss Sour-Tar CL 7.7373e+00 (7.8723e+00)	Acc@1  10.16 (  9.49)	Loss Sour-Tar Disc 6.7918e-01 (6.8337e-01)	Acc@1   0.59 (  0.57)	Loss Pred 6.5211e-01 (6.5074e-01)	Macro F1   0.49 (  0.48)	Loss TOTAL 3.6470e+00 (3.6926e+00)
VALIDATION RESULTS
Epoch: [2599][1/1]	Time  0.000 ( 0.000)	Data  0.003 ( 0.003)	Loss Source 7.2906e+00 (7.2906e+00)	Acc@1   0.00 (  0.00)	Loss Target 7.5075e+00 (7.5075e+00)	Acc@1   0.00 (  0.00)	Loss Sour-Tar CL 7.5075e+00 (7.5075e+00)	Acc@1  39.02 ( 39.02)	Loss Sour-Tar Disc 6.7787e-01 (6.7787e-01)	Acc@1   0.53 (  0.53)	Loss Pred 6.8334e-01 (6.8334e-01)	Macro F1   0.49 (  0.49)	Loss TOTAL 3.3968e+00 (3.3968e+00)
VALIDATION SOURCE PREDICTIONS
Accuracy score is : 0.7273 
Macro F1 score is : 0.4933 
Weighted F1 score is : 0.6747 
VALIDATION TARGET PREDICTIONS
Accuracy score is : 0.6341 
Macro F1 score is : 0.3471 
Weighted F1 score is : 0.5757 
Epoch: [2699][1/2]	Time  0.937 ( 0.953)	Data  0.007 ( 0.007)	Loss Source 7.9178e+00 (7.8609e+00)	Acc@1   0.00 (  0.12)	Loss Target 7.8634e+00 (7.8640e+00)	Acc@1   0.00 (  0.20)	Loss Sour-Tar CL 7.8634e+00 (7.8640e+00)	Acc@1   7.03 ( 10.21)	Loss Sour-Tar Disc 6.7505e-01 (6.8307e-01)	Acc@1   0.64 (  0.57)	Loss Pred 6.3487e-01 (6.2997e-01)	Macro F1   0.51 (  0.49)	Loss TOTAL 3.6565e+00 (3.6638e+00)
VALIDATION RESULTS
Epoch: [2699][1/1]	Time  0.000 ( 0.000)	Data  0.002 ( 0.002)	Loss Source 7.2653e+00 (7.2653e+00)	Acc@1   0.00 (  0.00)	Loss Target 7.6557e+00 (7.6557e+00)	Acc@1   2.44 (  2.44)	Loss Sour-Tar CL 7.6557e+00 (7.6557e+00)	Acc@1  31.71 ( 31.71)	Loss Sour-Tar Disc 6.8789e-01 (6.8789e-01)	Acc@1   0.55 (  0.55)	Loss Pred 6.7502e-01 (6.7502e-01)	Macro F1   0.45 (  0.45)	Loss TOTAL 3.4450e+00 (3.4450e+00)
VALIDATION SOURCE PREDICTIONS
Accuracy score is : 0.7045 
Macro F1 score is : 0.4480 
Weighted F1 score is : 0.6385 
VALIDATION TARGET PREDICTIONS
Accuracy score is : 0.6341 
Macro F1 score is : 0.3722 
Weighted F1 score is : 0.5906 
Epoch: [2799][1/2]	Time  0.907 ( 0.939)	Data  0.007 ( 0.007)	Loss Source 7.8680e+00 (7.8603e+00)	Acc@1   0.00 (  0.30)	Loss Target 7.7485e+00 (7.8341e+00)	Acc@1   0.00 (  0.22)	Loss Sour-Tar CL 7.7485e+00 (7.8341e+00)	Acc@1  14.06 (  9.76)	Loss Sour-Tar Disc 6.7960e-01 (6.8186e-01)	Acc@1   0.58 (  0.58)	Loss Pred 6.0298e-01 (6.1485e-01)	Macro F1   0.48 (  0.49)	Loss TOTAL 3.6026e+00 (3.6385e+00)
VALIDATION RESULTS
Epoch: [2799][1/1]	Time  0.000 ( 0.000)	Data  0.003 ( 0.003)	Loss Source 7.4677e+00 (7.4677e+00)	Acc@1   0.00 (  0.00)	Loss Target 7.5117e+00 (7.5117e+00)	Acc@1   0.00 (  0.00)	Loss Sour-Tar CL 7.5117e+00 (7.5117e+00)	Acc@1  26.83 ( 26.83)	Loss Sour-Tar Disc 6.8791e-01 (6.8791e-01)	Acc@1   0.56 (  0.56)	Loss Pred 7.5514e-01 (7.5514e-01)	Macro F1   0.50 (  0.50)	Loss TOTAL 3.4989e+00 (3.4989e+00)
VALIDATION SOURCE PREDICTIONS
Accuracy score is : 0.7273 
Macro F1 score is : 0.5012 
Weighted F1 score is : 0.6823 
VALIDATION TARGET PREDICTIONS
Accuracy score is : 0.6098 
Macro F1 score is : 0.3637 
Weighted F1 score is : 0.5721 
Epoch: [2899][1/2]	Time  0.941 ( 0.966)	Data  0.007 ( 0.007)	Loss Source 7.8657e+00 (7.8365e+00)	Acc@1   0.78 (  0.23)	Loss Target 8.0394e+00 (7.8406e+00)	Acc@1   0.00 (  0.25)	Loss Sour-Tar CL 8.0394e+00 (7.8406e+00)	Acc@1   5.47 (  9.76)	Loss Sour-Tar Disc 6.7687e-01 (6.8184e-01)	Acc@1   0.58 (  0.57)	Loss Pred 6.1817e-01 (6.0202e-01)	Macro F1   0.49 (  0.49)	Loss TOTAL 3.6769e+00 (3.6251e+00)
VALIDATION RESULTS
Epoch: [2899][1/1]	Time  0.000 ( 0.000)	Data  0.002 ( 0.002)	Loss Source 7.5026e+00 (7.5026e+00)	Acc@1   2.27 (  2.27)	Loss Target 7.5021e+00 (7.5021e+00)	Acc@1   2.44 (  2.44)	Loss Sour-Tar CL 7.5021e+00 (7.5021e+00)	Acc@1  36.59 ( 36.59)	Loss Sour-Tar Disc 6.8989e-01 (6.8989e-01)	Acc@1   0.54 (  0.54)	Loss Pred 6.8968e-01 (6.8968e-01)	Macro F1   0.47 (  0.47)	Loss TOTAL 3.4549e+00 (3.4549e+00)
VALIDATION SOURCE PREDICTIONS
Accuracy score is : 0.7045 
Macro F1 score is : 0.4699 
Weighted F1 score is : 0.6647 
VALIDATION TARGET PREDICTIONS
Accuracy score is : 0.6829 
Macro F1 score is : 0.3676 
Weighted F1 score is : 0.6066 
Epoch: [2999][1/2]	Time  0.930 ( 0.941)	Data  0.006 ( 0.007)	Loss Source 7.9209e+00 (7.8183e+00)	Acc@1   0.00 (  0.24)	Loss Target 8.0269e+00 (7.8185e+00)	Acc@1   0.00 (  0.23)	Loss Sour-Tar CL 8.0269e+00 (7.8185e+00)	Acc@1  14.06 (  9.80)	Loss Sour-Tar Disc 6.7465e-01 (6.8110e-01)	Acc@1   0.59 (  0.57)	Loss Pred 5.8657e-01 (5.9640e-01)	Macro F1   0.50 (  0.50)	Loss TOTAL 3.6584e+00 (3.6108e+00)
VALIDATION RESULTS
Epoch: [2999][1/1]	Time  0.000 ( 0.000)	Data  0.005 ( 0.005)	Loss Source 7.2939e+00 (7.2939e+00)	Acc@1   0.00 (  0.00)	Loss Target 7.7240e+00 (7.7240e+00)	Acc@1   2.44 (  2.44)	Loss Sour-Tar CL 7.7240e+00 (7.7240e+00)	Acc@1  26.83 ( 26.83)	Loss Sour-Tar Disc 6.9009e-01 (6.9009e-01)	Acc@1   0.54 (  0.54)	Loss Pred 5.3846e-01 (5.3846e-01)	Macro F1   0.51 (  0.51)	Loss TOTAL 3.3245e+00 (3.3245e+00)
VALIDATION SOURCE PREDICTIONS
Accuracy score is : 0.7727 
Macro F1 score is : 0.5083 
Weighted F1 score is : 0.7034 
VALIDATION TARGET PREDICTIONS
Accuracy score is : 0.6098 
Macro F1 score is : 0.3523 
Weighted F1 score is : 0.5523 
Epoch: [3099][1/2]	Time  0.922 ( 0.925)	Data  0.007 ( 0.007)	Loss Source 7.7616e+00 (7.8056e+00)	Acc@1   0.78 (  0.24)	Loss Target 7.8693e+00 (7.7908e+00)	Acc@1   0.00 (  0.22)	Loss Sour-Tar CL 7.8693e+00 (7.7908e+00)	Acc@1   8.59 (  9.99)	Loss Sour-Tar Disc 6.7774e-01 (6.8120e-01)	Acc@1   0.59 (  0.57)	Loss Pred 5.5197e-01 (5.7289e-01)	Macro F1   0.50 (  0.50)	Loss TOTAL 3.5570e+00 (3.5788e+00)
VALIDATION RESULTS
Epoch: [3099][1/1]	Time  0.000 ( 0.000)	Data  0.002 ( 0.002)	Loss Source 7.4764e+00 (7.4764e+00)	Acc@1   6.82 (  6.82)	Loss Target 7.4827e+00 (7.4827e+00)	Acc@1   4.88 (  4.88)	Loss Sour-Tar CL 7.4827e+00 (7.4827e+00)	Acc@1  46.34 ( 46.34)	Loss Sour-Tar Disc 7.0168e-01 (7.0168e-01)	Acc@1   0.45 (  0.45)	Loss Pred 1.0505e+00 (1.0505e+00)	Macro F1   0.41 (  0.41)	Loss TOTAL 3.7824e+00 (3.7824e+00)
VALIDATION SOURCE PREDICTIONS
Accuracy score is : 0.6591 
Macro F1 score is : 0.4090 
Weighted F1 score is : 0.6056 
VALIDATION TARGET PREDICTIONS
Accuracy score is : 0.6341 
Macro F1 score is : 0.3637 
Weighted F1 score is : 0.5961 
Epoch: [3199][1/2]	Time  0.995 ( 0.945)	Data  0.007 ( 0.007)	Loss Source 7.8324e+00 (7.7768e+00)	Acc@1   0.78 (  0.27)	Loss Target 7.7828e+00 (7.7783e+00)	Acc@1   0.78 (  0.30)	Loss Sour-Tar CL 7.7828e+00 (7.7783e+00)	Acc@1  10.94 ( 10.47)	Loss Sour-Tar Disc 6.7742e-01 (6.8029e-01)	Acc@1   0.57 (  0.57)	Loss Pred 5.2521e-01 (5.5968e-01)	Macro F1   0.49 (  0.51)	Loss TOTAL 3.5371e+00 (3.5586e+00)
VALIDATION RESULTS
Epoch: [3199][1/1]	Time  0.000 ( 0.000)	Data  0.003 ( 0.003)	Loss Source 7.3314e+00 (7.3314e+00)	Acc@1   2.27 (  2.27)	Loss Target 7.6080e+00 (7.6080e+00)	Acc@1   4.88 (  4.88)	Loss Sour-Tar CL 7.6080e+00 (7.6080e+00)	Acc@1  34.15 ( 34.15)	Loss Sour-Tar Disc 6.8656e-01 (6.8656e-01)	Acc@1   0.52 (  0.52)	Loss Pred 5.4560e-01 (5.4560e-01)	Macro F1   0.53 (  0.53)	Loss TOTAL 3.3335e+00 (3.3335e+00)
VALIDATION SOURCE PREDICTIONS
Accuracy score is : 0.7727 
Macro F1 score is : 0.5316 
Weighted F1 score is : 0.7223 
VALIDATION TARGET PREDICTIONS
Accuracy score is : 0.5854 
Macro F1 score is : 0.3651 
Weighted F1 score is : 0.5563 
Epoch: [3299][1/2]	Time  0.928 ( 0.940)	Data  0.007 ( 0.007)	Loss Source 7.6320e+00 (7.7762e+00)	Acc@1   0.78 (  0.30)	Loss Target 7.5592e+00 (7.7817e+00)	Acc@1   0.00 (  0.23)	Loss Sour-Tar CL 7.5592e+00 (7.7817e+00)	Acc@1  10.16 ( 10.29)	Loss Sour-Tar Disc 6.8441e-01 (6.8053e-01)	Acc@1   0.52 (  0.57)	Loss Pred 4.7219e-01 (5.5152e-01)	Macro F1   0.50 (  0.51)	Loss TOTAL 3.4197e+00 (3.5478e+00)
VALIDATION RESULTS
Epoch: [3299][1/1]	Time  0.000 ( 0.000)	Data  0.003 ( 0.003)	Loss Source 7.4163e+00 (7.4163e+00)	Acc@1   2.27 (  2.27)	Loss Target 7.1730e+00 (7.1730e+00)	Acc@1   0.00 (  0.00)	Loss Sour-Tar CL 7.1730e+00 (7.1730e+00)	Acc@1  31.71 ( 31.71)	Loss Sour-Tar Disc 7.0733e-01 (7.0733e-01)	Acc@1   0.40 (  0.40)	Loss Pred 5.8816e-01 (5.8816e-01)	Macro F1   0.56 (  0.56)	Loss TOTAL 3.2665e+00 (3.2665e+00)
VALIDATION SOURCE PREDICTIONS
Accuracy score is : 0.8182 
Macro F1 score is : 0.5611 
Weighted F1 score is : 0.7568 
Best model is updated!
VALIDATION TARGET PREDICTIONS
Accuracy score is : 0.5366 
Macro F1 score is : 0.3226 
Weighted F1 score is : 0.5098 
Epoch: [3399][1/2]	Time  0.919 ( 0.963)	Data  0.007 ( 0.007)	Loss Source 7.5921e+00 (7.7619e+00)	Acc@1   0.78 (  0.24)	Loss Target 7.9087e+00 (7.7828e+00)	Acc@1   0.00 (  0.34)	Loss Sour-Tar CL 7.9087e+00 (7.7828e+00)	Acc@1   3.91 ( 10.16)	Loss Sour-Tar Disc 6.7475e-01 (6.8140e-01)	Acc@1   0.55 (  0.56)	Loss Pred 5.3080e-01 (5.2595e-01)	Macro F1   0.54 (  0.52)	Loss TOTAL 3.5138e+00 (3.5251e+00)
VALIDATION RESULTS
Epoch: [3399][1/1]	Time  0.000 ( 0.000)	Data  0.003 ( 0.003)	Loss Source 7.4157e+00 (7.4157e+00)	Acc@1   2.27 (  2.27)	Loss Target 7.4991e+00 (7.4991e+00)	Acc@1   0.00 (  0.00)	Loss Sour-Tar CL 7.4991e+00 (7.4991e+00)	Acc@1  26.83 ( 26.83)	Loss Sour-Tar Disc 6.8828e-01 (6.8828e-01)	Acc@1   0.53 (  0.53)	Loss Pred 7.6975e-01 (7.6975e-01)	Macro F1   0.51 (  0.51)	Loss TOTAL 3.5175e+00 (3.5175e+00)
VALIDATION SOURCE PREDICTIONS
Accuracy score is : 0.7273 
Macro F1 score is : 0.5104 
Weighted F1 score is : 0.6801 
VALIDATION TARGET PREDICTIONS
Accuracy score is : 0.6098 
Macro F1 score is : 0.3617 
Weighted F1 score is : 0.5694 
Epoch: [3499][1/2]	Time  1.078 ( 0.965)	Data  0.007 ( 0.007)	Loss Source 7.6708e+00 (7.7497e+00)	Acc@1   0.00 (  0.23)	Loss Target 7.5613e+00 (7.7685e+00)	Acc@1   0.78 (  0.41)	Loss Sour-Tar CL 7.5613e+00 (7.7685e+00)	Acc@1  10.16 (  9.87)	Loss Sour-Tar Disc 6.8183e-01 (6.8084e-01)	Acc@1   0.57 (  0.57)	Loss Pred 4.4155e-01 (5.1987e-01)	Macro F1   0.52 (  0.52)	Loss TOTAL 3.3764e+00 (3.5107e+00)
VALIDATION RESULTS
Epoch: [3499][1/1]	Time  0.000 ( 0.000)	Data  0.003 ( 0.003)	Loss Source 7.3665e+00 (7.3665e+00)	Acc@1   2.27 (  2.27)	Loss Target 7.2826e+00 (7.2826e+00)	Acc@1   4.88 (  4.88)	Loss Sour-Tar CL 7.2826e+00 (7.2826e+00)	Acc@1  43.90 ( 43.90)	Loss Sour-Tar Disc 6.9174e-01 (6.9174e-01)	Acc@1   0.51 (  0.51)	Loss Pred 4.9694e-01 (4.9694e-01)	Macro F1   0.54 (  0.54)	Loss TOTAL 3.1517e+00 (3.1517e+00)
VALIDATION SOURCE PREDICTIONS
Accuracy score is : 0.7955 
Macro F1 score is : 0.5388 
Weighted F1 score is : 0.7359 
VALIDATION TARGET PREDICTIONS
Accuracy score is : 0.5854 
Macro F1 score is : 0.3558 
Weighted F1 score is : 0.5560 
Epoch: [3599][1/2]	Time  0.997 ( 0.979)	Data  0.007 ( 0.007)	Loss Source 7.7030e+00 (7.7365e+00)	Acc@1   0.78 (  0.20)	Loss Target 7.8542e+00 (7.7571e+00)	Acc@1   0.00 (  0.28)	Loss Sour-Tar CL 7.8542e+00 (7.7571e+00)	Acc@1  11.72 ( 10.36)	Loss Sour-Tar Disc 6.7775e-01 (6.8155e-01)	Acc@1   0.57 (  0.56)	Loss Pred 5.7020e-01 (5.1066e-01)	Macro F1   0.50 (  0.52)	Loss TOTAL 3.5677e+00 (3.4969e+00)
VALIDATION RESULTS
Epoch: [3599][1/1]	Time  0.000 ( 0.000)	Data  0.003 ( 0.003)	Loss Source 7.3386e+00 (7.3386e+00)	Acc@1   6.82 (  6.82)	Loss Target 7.5447e+00 (7.5447e+00)	Acc@1   0.00 (  0.00)	Loss Sour-Tar CL 7.5447e+00 (7.5447e+00)	Acc@1  21.95 ( 21.95)	Loss Sour-Tar Disc 6.7994e-01 (6.7994e-01)	Acc@1   0.51 (  0.51)	Loss Pred 5.8583e-01 (5.8583e-01)	Macro F1   0.49 (  0.49)	Loss TOTAL 3.3169e+00 (3.3169e+00)
VALIDATION SOURCE PREDICTIONS
Accuracy score is : 0.7273 
Macro F1 score is : 0.4895 
Weighted F1 score is : 0.6821 
VALIDATION TARGET PREDICTIONS
Accuracy score is : 0.6585 
Macro F1 score is : 0.3737 
Weighted F1 score is : 0.5954 
Epoch: [3699][1/2]	Time  0.945 ( 0.961)	Data  0.007 ( 0.007)	Loss Source 7.6331e+00 (7.7305e+00)	Acc@1   0.00 (  0.17)	Loss Target 7.7293e+00 (7.7634e+00)	Acc@1   0.00 (  0.30)	Loss Sour-Tar CL 7.7293e+00 (7.7634e+00)	Acc@1  12.50 (  9.81)	Loss Sour-Tar Disc 6.8042e-01 (6.8049e-01)	Acc@1   0.58 (  0.56)	Loss Pred 5.0327e-01 (4.9467e-01)	Macro F1   0.50 (  0.53)	Loss TOTAL 3.4851e+00 (3.4827e+00)
VALIDATION RESULTS
Epoch: [3699][1/1]	Time  0.000 ( 0.000)	Data  0.003 ( 0.003)	Loss Source 7.2033e+00 (7.2033e+00)	Acc@1   2.27 (  2.27)	Loss Target 7.7742e+00 (7.7742e+00)	Acc@1   4.88 (  4.88)	Loss Sour-Tar CL 7.7742e+00 (7.7742e+00)	Acc@1  21.95 ( 21.95)	Loss Sour-Tar Disc 6.8291e-01 (6.8291e-01)	Acc@1   0.58 (  0.58)	Loss Pred 5.9301e-01 (5.9301e-01)	Macro F1   0.54 (  0.54)	Loss TOTAL 3.3694e+00 (3.3694e+00)
VALIDATION SOURCE PREDICTIONS
Accuracy score is : 0.7955 
Macro F1 score is : 0.5426 
Weighted F1 score is : 0.7347 
VALIDATION TARGET PREDICTIONS
Accuracy score is : 0.4390 
Macro F1 score is : 0.2819 
Weighted F1 score is : 0.4373 
Epoch: [3799][1/2]	Time  0.941 ( 0.945)	Data  0.007 ( 0.007)	Loss Source 7.8224e+00 (7.7311e+00)	Acc@1   0.00 (  0.20)	Loss Target 7.5957e+00 (7.7484e+00)	Acc@1   0.00 (  0.23)	Loss Sour-Tar CL 7.5957e+00 (7.7484e+00)	Acc@1  13.28 (  9.85)	Loss Sour-Tar Disc 6.7925e-01 (6.8024e-01)	Acc@1   0.57 (  0.56)	Loss Pred 6.5763e-01 (4.9597e-01)	Macro F1   0.54 (  0.53)	Loss TOTAL 3.5984e+00 (3.4809e+00)
VALIDATION RESULTS
Epoch: [3799][1/1]	Time  0.000 ( 0.000)	Data  0.003 ( 0.003)	Loss Source 7.2289e+00 (7.2289e+00)	Acc@1   2.27 (  2.27)	Loss Target 7.7168e+00 (7.7168e+00)	Acc@1   0.00 (  0.00)	Loss Sour-Tar CL 7.7168e+00 (7.7168e+00)	Acc@1  31.71 ( 31.71)	Loss Sour-Tar Disc 6.7595e-01 (6.7595e-01)	Acc@1   0.59 (  0.59)	Loss Pred 5.9391e-01 (5.9391e-01)	Macro F1   0.50 (  0.50)	Loss TOTAL 3.3197e+00 (3.3197e+00)
VALIDATION SOURCE PREDICTIONS
Accuracy score is : 0.7273 
Macro F1 score is : 0.5018 
Weighted F1 score is : 0.6764 
VALIDATION TARGET PREDICTIONS
Accuracy score is : 0.6585 
Macro F1 score is : 0.3769 
Weighted F1 score is : 0.5993 
Epoch: [3899][1/2]	Time  0.933 ( 0.952)	Data  0.007 ( 0.007)	Loss Source 7.6691e+00 (7.7090e+00)	Acc@1   0.00 (  0.30)	Loss Target 7.7012e+00 (7.7195e+00)	Acc@1   0.78 (  0.27)	Loss Sour-Tar CL 7.7012e+00 (7.7195e+00)	Acc@1   9.38 (  9.84)	Loss Sour-Tar Disc 6.6813e-01 (6.7991e-01)	Acc@1   0.61 (  0.56)	Loss Pred 5.6213e-01 (4.8492e-01)	Macro F1   0.52 (  0.53)	Loss TOTAL 3.5107e+00 (3.4592e+00)
VALIDATION RESULTS
Epoch: [3899][1/1]	Time  0.000 ( 0.000)	Data  0.003 ( 0.003)	Loss Source 7.2607e+00 (7.2607e+00)	Acc@1   0.00 (  0.00)	Loss Target 7.8053e+00 (7.8053e+00)	Acc@1   4.88 (  4.88)	Loss Sour-Tar CL 7.8053e+00 (7.8053e+00)	Acc@1  31.71 ( 31.71)	Loss Sour-Tar Disc 6.7914e-01 (6.7914e-01)	Acc@1   0.56 (  0.56)	Loss Pred 7.4755e-01 (7.4755e-01)	Macro F1   0.51 (  0.51)	Loss TOTAL 3.5070e+00 (3.5070e+00)
VALIDATION SOURCE PREDICTIONS
Accuracy score is : 0.7273 
Macro F1 score is : 0.5091 
Weighted F1 score is : 0.6786 
VALIDATION TARGET PREDICTIONS
Accuracy score is : 0.6098 
Macro F1 score is : 0.3580 
Weighted F1 score is : 0.5612 
Epoch: [3999][1/2]	Time  0.926 ( 6.188)	Data  0.007 ( 0.007)	Loss Source 7.7122e+00 (7.6947e+00)	Acc@1   0.00 (  0.27)	Loss Target 7.7086e+00 (7.7184e+00)	Acc@1   0.00 (  0.23)	Loss Sour-Tar CL 7.7086e+00 (7.7184e+00)	Acc@1  11.72 (  9.85)	Loss Sour-Tar Disc 6.8970e-01 (6.8121e-01)	Acc@1   0.57 (  0.55)	Loss Pred 5.1221e-01 (4.7006e-01)	Macro F1   0.53 (  0.54)	Loss TOTAL 3.4936e+00 (3.4454e+00)
VALIDATION RESULTS
Epoch: [3999][1/1]	Time  0.000 ( 0.000)	Data  0.002 ( 0.002)	Loss Source 7.2354e+00 (7.2354e+00)	Acc@1   0.00 (  0.00)	Loss Target 7.3205e+00 (7.3205e+00)	Acc@1   7.32 (  7.32)	Loss Sour-Tar CL 7.3205e+00 (7.3205e+00)	Acc@1  29.27 ( 29.27)	Loss Sour-Tar Disc 6.9533e-01 (6.9533e-01)	Acc@1   0.49 (  0.49)	Loss Pred 6.4978e-01 (6.4978e-01)	Macro F1   0.49 (  0.49)	Loss TOTAL 3.3440e+00 (3.3440e+00)
VALIDATION SOURCE PREDICTIONS
Accuracy score is : 0.7273 
Macro F1 score is : 0.4901 
Weighted F1 score is : 0.6827 
VALIDATION TARGET PREDICTIONS
Accuracy score is : 0.5854 
Macro F1 score is : 0.3594 
Weighted F1 score is : 0.5609 
Epoch: [4099][1/2]	Time  0.913 ( 3.899)	Data  0.006 ( 0.007)	Loss Source 7.5373e+00 (7.6796e+00)	Acc@1   0.00 (  0.22)	Loss Target 7.7633e+00 (7.7282e+00)	Acc@1   0.78 (  0.41)	Loss Sour-Tar CL 7.7633e+00 (7.7282e+00)	Acc@1   8.59 ( 10.10)	Loss Sour-Tar Disc 6.7463e-01 (6.7919e-01)	Acc@1   0.59 (  0.56)	Loss Pred 4.3915e-01 (4.6997e-01)	Macro F1   0.50 (  0.54)	Loss TOTAL 3.4221e+00 (3.4422e+00)
VALIDATION RESULTS
Epoch: [4099][1/1]	Time  0.000 ( 0.000)	Data  0.003 ( 0.003)	Loss Source 7.3018e+00 (7.3018e+00)	Acc@1   2.27 (  2.27)	Loss Target 7.6163e+00 (7.6163e+00)	Acc@1   4.88 (  4.88)	Loss Sour-Tar CL 7.6163e+00 (7.6163e+00)	Acc@1  24.39 ( 24.39)	Loss Sour-Tar Disc 6.8139e-01 (6.8139e-01)	Acc@1   0.55 (  0.55)	Loss Pred 5.5067e-01 (5.5067e-01)	Macro F1   0.52 (  0.52)	Loss TOTAL 3.2859e+00 (3.2859e+00)
VALIDATION SOURCE PREDICTIONS
Accuracy score is : 0.7500 
Macro F1 score is : 0.5176 
Weighted F1 score is : 0.7097 
VALIDATION TARGET PREDICTIONS
Accuracy score is : 0.6098 
Macro F1 score is : 0.4148 
Weighted F1 score is : 0.6010 
Epoch: [4199][1/2]	Time  0.915 ( 0.913)	Data  0.006 ( 0.007)	Loss Source 7.5032e+00 (7.6742e+00)	Acc@1   0.00 (  0.28)	Loss Target 7.5760e+00 (7.7124e+00)	Acc@1   1.56 (  0.35)	Loss Sour-Tar CL 7.5760e+00 (7.7124e+00)	Acc@1  12.50 ( 10.12)	Loss Sour-Tar Disc 6.8559e-01 (6.7922e-01)	Acc@1   0.52 (  0.56)	Loss Pred 3.7997e-01 (4.6347e-01)	Macro F1   0.58 (  0.56)	Loss TOTAL 3.3086e+00 (3.4308e+00)
VALIDATION RESULTS
Epoch: [4199][1/1]	Time  0.000 ( 0.000)	Data  0.003 ( 0.003)	Loss Source 7.3805e+00 (7.3805e+00)	Acc@1   0.00 (  0.00)	Loss Target 7.3671e+00 (7.3671e+00)	Acc@1   0.00 (  0.00)	Loss Sour-Tar CL 7.3671e+00 (7.3671e+00)	Acc@1  36.59 ( 36.59)	Loss Sour-Tar Disc 6.7255e-01 (6.7255e-01)	Acc@1   0.49 (  0.49)	Loss Pred 6.9985e-01 (6.9985e-01)	Macro F1   0.49 (  0.49)	Loss TOTAL 3.3841e+00 (3.3841e+00)
VALIDATION SOURCE PREDICTIONS
Accuracy score is : 0.7045 
Macro F1 score is : 0.4936 
Weighted F1 score is : 0.6692 
VALIDATION TARGET PREDICTIONS
Accuracy score is : 0.5366 
Macro F1 score is : 0.3244 
Weighted F1 score is : 0.5122 
Epoch: [4299][1/2]	Time  0.918 ( 0.912)	Data  0.007 ( 0.007)	Loss Source 7.7418e+00 (7.6573e+00)	Acc@1   0.00 (  0.25)	Loss Target 7.7214e+00 (7.6936e+00)	Acc@1   0.78 (  0.27)	Loss Sour-Tar CL 7.7214e+00 (7.6936e+00)	Acc@1   7.81 ( 10.31)	Loss Sour-Tar Disc 6.8203e-01 (6.7855e-01)	Acc@1   0.54 (  0.56)	Loss Pred 4.7191e-01 (4.5064e-01)	Macro F1   0.60 (  0.57)	Loss TOTAL 3.4821e+00 (3.4123e+00)
VALIDATION RESULTS
Epoch: [4299][1/1]	Time  0.000 ( 0.000)	Data  0.002 ( 0.002)	Loss Source 7.3983e+00 (7.3983e+00)	Acc@1   0.00 (  0.00)	Loss Target 7.3833e+00 (7.3833e+00)	Acc@1   4.88 (  4.88)	Loss Sour-Tar CL 7.3833e+00 (7.3833e+00)	Acc@1  31.71 ( 31.71)	Loss Sour-Tar Disc 6.8386e-01 (6.8386e-01)	Acc@1   0.52 (  0.52)	Loss Pred 4.8133e-01 (4.8133e-01)	Macro F1   0.55 (  0.55)	Loss TOTAL 3.2029e+00 (3.2029e+00)
VALIDATION SOURCE PREDICTIONS
Accuracy score is : 0.7955 
Macro F1 score is : 0.5539 
Weighted F1 score is : 0.7346 
VALIDATION TARGET PREDICTIONS
Accuracy score is : 0.5854 
Macro F1 score is : 0.3885 
Weighted F1 score is : 0.5612 
Epoch: [4399][1/2]	Time  0.914 ( 0.913)	Data  0.007 ( 0.007)	Loss Source 7.5936e+00 (7.6567e+00)	Acc@1   0.00 (  0.30)	Loss Target 7.5634e+00 (7.7137e+00)	Acc@1   0.00 (  0.25)	Loss Sour-Tar CL 7.5634e+00 (7.7137e+00)	Acc@1  11.72 ( 10.29)	Loss Sour-Tar Disc 6.8319e-01 (6.7967e-01)	Acc@1   0.52 (  0.56)	Loss Pred 4.2614e-01 (4.4299e-01)	Macro F1   0.57 (  0.57)	Loss TOTAL 3.3463e+00 (3.4090e+00)
VALIDATION RESULTS
Epoch: [4399][1/1]	Time  0.000 ( 0.000)	Data  0.002 ( 0.002)	Loss Source 7.1462e+00 (7.1462e+00)	Acc@1   0.00 (  0.00)	Loss Target 7.2097e+00 (7.2097e+00)	Acc@1   4.88 (  4.88)	Loss Sour-Tar CL 7.2097e+00 (7.2097e+00)	Acc@1  41.46 ( 41.46)	Loss Sour-Tar Disc 6.8276e-01 (6.8276e-01)	Acc@1   0.52 (  0.52)	Loss Pred 4.1319e-01 (4.1319e-01)	Macro F1   0.55 (  0.55)	Loss TOTAL 3.0450e+00 (3.0450e+00)
VALIDATION SOURCE PREDICTIONS
Accuracy score is : 0.7955 
Macro F1 score is : 0.5456 
Weighted F1 score is : 0.7405 
VALIDATION TARGET PREDICTIONS
Accuracy score is : 0.5854 
Macro F1 score is : 0.3558 
Weighted F1 score is : 0.5560 
Epoch: [4499][1/2]	Time  0.909 ( 0.913)	Data  0.007 ( 0.007)	Loss Source 7.6113e+00 (7.6445e+00)	Acc@1   0.78 (  0.36)	Loss Target 7.5899e+00 (7.6816e+00)	Acc@1   0.00 (  0.41)	Loss Sour-Tar CL 7.5899e+00 (7.6816e+00)	Acc@1   9.38 ( 10.19)	Loss Sour-Tar Disc 6.8663e-01 (6.7672e-01)	Acc@1   0.52 (  0.56)	Loss Pred 4.0283e-01 (4.4187e-01)	Macro F1   0.57 (  0.58)	Loss TOTAL 3.3380e+00 (3.3979e+00)
VALIDATION RESULTS
Epoch: [4499][1/1]	Time  0.000 ( 0.000)	Data  0.002 ( 0.002)	Loss Source 6.9161e+00 (6.9161e+00)	Acc@1   2.27 (  2.27)	Loss Target 7.9736e+00 (7.9736e+00)	Acc@1   0.00 (  0.00)	Loss Sour-Tar CL 7.9736e+00 (7.9736e+00)	Acc@1  12.20 ( 12.20)	Loss Sour-Tar Disc 6.9030e-01 (6.9030e-01)	Acc@1   0.47 (  0.47)	Loss Pred 5.2959e-01 (5.2959e-01)	Macro F1   0.59 (  0.59)	Loss TOTAL 3.3577e+00 (3.3577e+00)
VALIDATION SOURCE PREDICTIONS
Accuracy score is : 0.7727 
Macro F1 score is : 0.5935 
Weighted F1 score is : 0.7683 
Best model is updated!
VALIDATION TARGET PREDICTIONS
Accuracy score is : 0.5610 
Macro F1 score is : 0.3468 
Weighted F1 score is : 0.5368 
Epoch: [4599][1/2]	Time  0.920 ( 0.913)	Data  0.007 ( 0.007)	Loss Source 7.7607e+00 (7.6336e+00)	Acc@1   0.00 (  0.23)	Loss Target 7.7808e+00 (7.6928e+00)	Acc@1   0.78 (  0.35)	Loss Sour-Tar CL 7.7808e+00 (7.6928e+00)	Acc@1  12.50 (  9.98)	Loss Sour-Tar Disc 6.7081e-01 (6.7622e-01)	Acc@1   0.60 (  0.57)	Loss Pred 5.8504e-01 (4.3604e-01)	Macro F1   0.56 (  0.58)	Loss TOTAL 3.5678e+00 (3.3923e+00)
VALIDATION RESULTS
Epoch: [4599][1/1]	Time  0.000 ( 0.000)	Data  0.002 ( 0.002)	Loss Source 7.2896e+00 (7.2896e+00)	Acc@1   0.00 (  0.00)	Loss Target 7.6783e+00 (7.6783e+00)	Acc@1   0.00 (  0.00)	Loss Sour-Tar CL 7.6783e+00 (7.6783e+00)	Acc@1  19.51 ( 19.51)	Loss Sour-Tar Disc 6.7940e-01 (6.7940e-01)	Acc@1   0.55 (  0.55)	Loss Pred 5.7081e-01 (5.7081e-01)	Macro F1   0.64 (  0.64)	Loss TOTAL 3.3307e+00 (3.3307e+00)
VALIDATION SOURCE PREDICTIONS
Accuracy score is : 0.7955 
Macro F1 score is : 0.6423 
Weighted F1 score is : 0.7806 
Best model is updated!
VALIDATION TARGET PREDICTIONS
Accuracy score is : 0.6098 
Macro F1 score is : 0.3524 
Weighted F1 score is : 0.5533 
Epoch: [4699][1/2]	Time  0.908 ( 0.913)	Data  0.007 ( 0.007)	Loss Source 7.6933e+00 (7.6326e+00)	Acc@1   0.00 (  0.24)	Loss Target 7.7547e+00 (7.7036e+00)	Acc@1   2.34 (  0.34)	Loss Sour-Tar CL 7.7547e+00 (7.7036e+00)	Acc@1  11.72 ( 10.59)	Loss Sour-Tar Disc 6.6225e-01 (6.7687e-01)	Acc@1   0.59 (  0.57)	Loss Pred 4.0555e-01 (4.2627e-01)	Macro F1   0.60 (  0.59)	Loss TOTAL 3.3808e+00 (3.3835e+00)
VALIDATION RESULTS
Epoch: [4699][1/1]	Time  0.000 ( 0.000)	Data  0.003 ( 0.003)	Loss Source 7.3180e+00 (7.3180e+00)	Acc@1   2.27 (  2.27)	Loss Target 7.5044e+00 (7.5044e+00)	Acc@1   2.44 (  2.44)	Loss Sour-Tar CL 7.5044e+00 (7.5044e+00)	Acc@1  39.02 ( 39.02)	Loss Sour-Tar Disc 6.8630e-01 (6.8630e-01)	Acc@1   0.48 (  0.48)	Loss Pred 5.5455e-01 (5.5455e-01)	Macro F1   0.54 (  0.54)	Loss TOTAL 3.2686e+00 (3.2686e+00)
VALIDATION SOURCE PREDICTIONS
Accuracy score is : 0.7273 
Macro F1 score is : 0.5355 
Weighted F1 score is : 0.7098 
VALIDATION TARGET PREDICTIONS
Accuracy score is : 0.6341 
Macro F1 score is : 0.3683 
Weighted F1 score is : 0.5819 
Epoch: [4799][1/2]	Time  0.912 ( 0.911)	Data  0.007 ( 0.007)	Loss Source 7.7388e+00 (7.6245e+00)	Acc@1   0.00 (  0.32)	Loss Target 7.6373e+00 (7.6817e+00)	Acc@1   0.78 (  0.27)	Loss Sour-Tar CL 7.6373e+00 (7.6817e+00)	Acc@1  10.94 ( 10.84)	Loss Sour-Tar Disc 6.6846e-01 (6.7547e-01)	Acc@1   0.59 (  0.57)	Loss Pred 5.0523e-01 (4.2392e-01)	Macro F1   0.56 (  0.59)	Loss TOTAL 3.4721e+00 (3.3750e+00)
VALIDATION RESULTS
Epoch: [4799][1/1]	Time  0.000 ( 0.000)	Data  0.002 ( 0.002)	Loss Source 7.1130e+00 (7.1130e+00)	Acc@1   0.00 (  0.00)	Loss Target 6.9647e+00 (6.9647e+00)	Acc@1   4.88 (  4.88)	Loss Sour-Tar CL 6.9647e+00 (6.9647e+00)	Acc@1  26.83 ( 26.83)	Loss Sour-Tar Disc 6.8562e-01 (6.8562e-01)	Acc@1   0.52 (  0.52)	Loss Pred 5.6462e-01 (5.6462e-01)	Macro F1   0.52 (  0.52)	Loss TOTAL 3.1407e+00 (3.1407e+00)
VALIDATION SOURCE PREDICTIONS
Accuracy score is : 0.7045 
Macro F1 score is : 0.5174 
Weighted F1 score is : 0.6914 
VALIDATION TARGET PREDICTIONS
Accuracy score is : 0.6098 
Macro F1 score is : 0.4156 
Weighted F1 score is : 0.5980 
Epoch: [4899][1/2]	Time  0.910 ( 0.914)	Data  0.007 ( 0.007)	Loss Source 7.5016e+00 (7.6109e+00)	Acc@1   0.00 (  0.27)	Loss Target 7.5658e+00 (7.6645e+00)	Acc@1   0.78 (  0.30)	Loss Sour-Tar CL 7.5658e+00 (7.6645e+00)	Acc@1  11.72 ( 10.58)	Loss Sour-Tar Disc 6.7185e-01 (6.7575e-01)	Acc@1   0.57 (  0.57)	Loss Pred 4.7302e-01 (4.1818e-01)	Macro F1   0.64 (  0.59)	Loss TOTAL 3.4126e+00 (3.3642e+00)
VALIDATION RESULTS
Epoch: [4899][1/1]	Time  0.000 ( 0.000)	Data  0.003 ( 0.003)	Loss Source 7.2457e+00 (7.2457e+00)	Acc@1   2.27 (  2.27)	Loss Target 7.2898e+00 (7.2898e+00)	Acc@1   7.32 (  7.32)	Loss Sour-Tar CL 7.2898e+00 (7.2898e+00)	Acc@1  26.83 ( 26.83)	Loss Sour-Tar Disc 6.9404e-01 (6.9404e-01)	Acc@1   0.53 (  0.53)	Loss Pred 4.3523e-01 (4.3523e-01)	Macro F1   0.62 (  0.62)	Loss TOTAL 3.1359e+00 (3.1359e+00)
VALIDATION SOURCE PREDICTIONS
Accuracy score is : 0.8182 
Macro F1 score is : 0.6151 
Weighted F1 score is : 0.7879 
VALIDATION TARGET PREDICTIONS
Accuracy score is : 0.5854 
Macro F1 score is : 0.3819 
Weighted F1 score is : 0.5708 
Epoch: [4999][1/2]	Time  0.917 ( 0.914)	Data  0.007 ( 0.007)	Loss Source 7.6755e+00 (7.5748e+00)	Acc@1   0.78 (  0.25)	Loss Target 7.7051e+00 (7.6666e+00)	Acc@1   0.00 (  0.32)	Loss Sour-Tar CL 7.7051e+00 (7.6666e+00)	Acc@1  10.94 ( 10.66)	Loss Sour-Tar Disc 6.7323e-01 (6.7529e-01)	Acc@1   0.58 (  0.57)	Loss Pred 4.3338e-01 (4.0028e-01)	Macro F1   0.63 (  0.61)	Loss TOTAL 3.3792e+00 (3.3429e+00)
VALIDATION RESULTS
Epoch: [4999][1/1]	Time  0.000 ( 0.000)	Data  0.002 ( 0.002)	Loss Source 6.9796e+00 (6.9796e+00)	Acc@1   0.00 (  0.00)	Loss Target 7.4156e+00 (7.4156e+00)	Acc@1   0.00 (  0.00)	Loss Sour-Tar CL 7.4156e+00 (7.4156e+00)	Acc@1  39.02 ( 39.02)	Loss Sour-Tar Disc 6.8787e-01 (6.8787e-01)	Acc@1   0.51 (  0.51)	Loss Pred 6.0070e-01 (6.0070e-01)	Macro F1   0.56 (  0.56)	Loss TOTAL 3.2336e+00 (3.2336e+00)
VALIDATION SOURCE PREDICTIONS
Accuracy score is : 0.7500 
Macro F1 score is : 0.5644 
Weighted F1 score is : 0.7253 
VALIDATION TARGET PREDICTIONS
Accuracy score is : 0.5854 
Macro F1 score is : 0.4153 
Weighted F1 score is : 0.5693 
