Epoch: [99][1/2]	Time  1.060 ( 1.051)	Data  0.007 ( 0.007)	Loss Source 9.1104e+00 (9.1456e+00)	Acc@1   0.00 (  0.00)	Loss Target 9.1119e+00 (9.1217e+00)	Acc@1   0.00 (  0.00)	Loss Sour-Tar CL 9.1119e+00 (9.1217e+00)	Acc@1   3.12 (  1.56)	Loss Sour-Tar Disc 6.9304e-01 (6.9315e-01)	Acc@1   0.52 (  0.50)	Loss Pred 1.6980e+00 (1.7708e+00)	Macro F1   0.09 (  0.05)	Loss TOTAL 5.1732e+00 (5.2551e+00)
VALIDATION RESULTS
Epoch: [99][1/1]	Time  0.000 ( 0.000)	Data  0.003 ( 0.003)	Loss Source 9.0669e+00 (9.0669e+00)	Acc@1   0.00 (  0.00)	Loss Target 9.0747e+00 (9.0747e+00)	Acc@1   0.00 (  0.00)	Loss Sour-Tar CL 9.0747e+00 (9.0747e+00)	Acc@1   9.76 (  9.76)	Loss Sour-Tar Disc 6.9306e-01 (6.9306e-01)	Acc@1   0.57 (  0.57)	Loss Pred 1.7115e+00 (1.7115e+00)	Macro F1   0.08 (  0.08)	Loss TOTAL 4.9594e+00 (4.9594e+00)
VALIDATION SOURCE PREDICTIONS
Accuracy score is : 0.3415 
Macro F1 score is : 0.0848 
Weighted F1 score is : 0.1738 
Best model is updated!
VALIDATION TARGET PREDICTIONS
Accuracy score is : 0.3171 
Macro F1 score is : 0.0802 
Weighted F1 score is : 0.1527 
Epoch: [199][1/2]	Time  1.033 ( 1.037)	Data  0.007 ( 0.007)	Loss Source 8.9070e+00 (9.0066e+00)	Acc@1   0.78 (  0.03)	Loss Target 8.9339e+00 (9.0068e+00)	Acc@1   0.00 (  0.02)	Loss Sour-Tar CL 8.9339e+00 (9.0068e+00)	Acc@1   1.56 (  1.77)	Loss Sour-Tar Disc 6.9336e-01 (6.9315e-01)	Acc@1   0.47 (  0.50)	Loss Pred 1.5958e+00 (1.6461e+00)	Macro F1   0.08 (  0.09)	Loss TOTAL 5.0348e+00 (5.1032e+00)
VALIDATION RESULTS
Epoch: [199][1/1]	Time  0.000 ( 0.000)	Data  0.003 ( 0.003)	Loss Source 8.8494e+00 (8.8494e+00)	Acc@1   0.00 (  0.00)	Loss Target 8.8553e+00 (8.8553e+00)	Acc@1   0.00 (  0.00)	Loss Sour-Tar CL 8.8553e+00 (8.8553e+00)	Acc@1  17.07 ( 17.07)	Loss Sour-Tar Disc 6.9304e-01 (6.9304e-01)	Acc@1   0.52 (  0.52)	Loss Pred 1.6064e+00 (1.6064e+00)	Macro F1   0.08 (  0.08)	Loss TOTAL 4.8065e+00 (4.8065e+00)
VALIDATION SOURCE PREDICTIONS
Accuracy score is : 0.3415 
Macro F1 score is : 0.0848 
Weighted F1 score is : 0.1738 
VALIDATION TARGET PREDICTIONS
Accuracy score is : 0.3171 
Macro F1 score is : 0.0802 
Weighted F1 score is : 0.1527 
Epoch: [299][1/2]	Time  1.039 ( 1.035)	Data  0.007 ( 0.007)	Loss Source 8.7454e+00 (8.8179e+00)	Acc@1   0.00 (  0.11)	Loss Target 8.7476e+00 (8.8173e+00)	Acc@1   0.00 (  0.11)	Loss Sour-Tar CL 8.7476e+00 (8.8173e+00)	Acc@1   0.00 (  1.80)	Loss Sour-Tar Disc 6.9330e-01 (6.9312e-01)	Acc@1   0.50 (  0.50)	Loss Pred 1.5188e+00 (1.5507e+00)	Macro F1   0.09 (  0.09)	Loss TOTAL 4.9159e+00 (4.9646e+00)
VALIDATION RESULTS
Epoch: [299][1/1]	Time  0.000 ( 0.000)	Data  0.002 ( 0.002)	Loss Source 8.7462e+00 (8.7462e+00)	Acc@1   0.00 (  0.00)	Loss Target 8.7199e+00 (8.7199e+00)	Acc@1   0.00 (  0.00)	Loss Sour-Tar CL 8.7199e+00 (8.7199e+00)	Acc@1  19.51 ( 19.51)	Loss Sour-Tar Disc 6.9298e-01 (6.9298e-01)	Acc@1   0.55 (  0.55)	Loss Pred 1.5493e+00 (1.5493e+00)	Macro F1   0.08 (  0.08)	Loss TOTAL 4.7139e+00 (4.7139e+00)
VALIDATION SOURCE PREDICTIONS
Accuracy score is : 0.3415 
Macro F1 score is : 0.0848 
Weighted F1 score is : 0.1738 
VALIDATION TARGET PREDICTIONS
Accuracy score is : 0.3171 
Macro F1 score is : 0.0802 
Weighted F1 score is : 0.1527 
Epoch: [399][1/2]	Time  1.035 ( 1.037)	Data  0.007 ( 0.007)	Loss Source 8.5952e+00 (8.6907e+00)	Acc@1   0.78 (  0.14)	Loss Target 8.5091e+00 (8.6892e+00)	Acc@1   0.00 (  0.10)	Loss Sour-Tar CL 8.5091e+00 (8.6892e+00)	Acc@1   0.78 (  2.53)	Loss Sour-Tar Disc 6.9305e-01 (6.9311e-01)	Acc@1   0.52 (  0.51)	Loss Pred 1.4809e+00 (1.5039e+00)	Macro F1   0.12 (  0.09)	Loss TOTAL 4.8049e+00 (4.8710e+00)
VALIDATION RESULTS
Epoch: [399][1/1]	Time  0.000 ( 0.000)	Data  0.002 ( 0.002)	Loss Source 8.5053e+00 (8.5053e+00)	Acc@1   0.00 (  0.00)	Loss Target 8.4678e+00 (8.4678e+00)	Acc@1   0.00 (  0.00)	Loss Sour-Tar CL 8.4678e+00 (8.4678e+00)	Acc@1  19.51 ( 19.51)	Loss Sour-Tar Disc 6.9298e-01 (6.9298e-01)	Acc@1   0.55 (  0.55)	Loss Pred 1.5328e+00 (1.5328e+00)	Macro F1   0.08 (  0.08)	Loss TOTAL 4.6118e+00 (4.6118e+00)
VALIDATION SOURCE PREDICTIONS
Accuracy score is : 0.2927 
Macro F1 score is : 0.0755 
Weighted F1 score is : 0.1546 
VALIDATION TARGET PREDICTIONS
Accuracy score is : 0.3659 
Macro F1 score is : 0.1225 
Weighted F1 score is : 0.2446 
Epoch: [499][1/2]	Time  1.081 ( 1.039)	Data  0.007 ( 0.007)	Loss Source 8.2381e+00 (8.3572e+00)	Acc@1   0.78 (  0.20)	Loss Target 8.1992e+00 (8.3394e+00)	Acc@1   0.00 (  0.16)	Loss Sour-Tar CL 8.1992e+00 (8.3394e+00)	Acc@1   7.03 (  4.29)	Loss Sour-Tar Disc 6.9304e-01 (6.9304e-01)	Acc@1   0.50 (  0.51)	Loss Pred 1.5176e+00 (1.4875e+00)	Macro F1   0.17 (  0.16)	Loss TOTAL 4.7285e+00 (4.7441e+00)
VALIDATION RESULTS
Epoch: [499][1/1]	Time  0.000 ( 0.000)	Data  0.003 ( 0.003)	Loss Source 8.1661e+00 (8.1661e+00)	Acc@1   0.00 (  0.00)	Loss Target 8.0827e+00 (8.0827e+00)	Acc@1   0.00 (  0.00)	Loss Sour-Tar CL 8.0827e+00 (8.0827e+00)	Acc@1  19.51 ( 19.51)	Loss Sour-Tar Disc 6.9308e-01 (6.9308e-01)	Acc@1   0.49 (  0.49)	Loss Pred 1.5249e+00 (1.5249e+00)	Macro F1   0.19 (  0.19)	Loss TOTAL 4.4935e+00 (4.4935e+00)
VALIDATION SOURCE PREDICTIONS
Accuracy score is : 0.4878 
Macro F1 score is : 0.1905 
Weighted F1 score is : 0.3903 
Best model is updated!
VALIDATION TARGET PREDICTIONS
Accuracy score is : 0.5122 
Macro F1 score is : 0.2063 
Weighted F1 score is : 0.4204 
Epoch: [599][1/2]	Time  1.090 ( 1.074)	Data  0.007 ( 0.007)	Loss Source 8.0366e+00 (8.1040e+00)	Acc@1   0.00 (  0.19)	Loss Target 8.0320e+00 (8.0906e+00)	Acc@1   0.00 (  0.24)	Loss Sour-Tar CL 8.0320e+00 (8.0906e+00)	Acc@1  10.94 (  8.12)	Loss Sour-Tar Disc 6.9266e-01 (6.9296e-01)	Acc@1   0.53 (  0.52)	Loss Pred 1.4764e+00 (1.4746e+00)	Macro F1   0.18 (  0.17)	Loss TOTAL 4.6097e+00 (4.6459e+00)
VALIDATION RESULTS
Epoch: [599][1/1]	Time  0.000 ( 0.000)	Data  0.002 ( 0.002)	Loss Source 7.8089e+00 (7.8089e+00)	Acc@1   2.44 (  2.44)	Loss Target 7.7593e+00 (7.7593e+00)	Acc@1   0.00 (  0.00)	Loss Sour-Tar CL 7.7593e+00 (7.7593e+00)	Acc@1  41.46 ( 41.46)	Loss Sour-Tar Disc 6.9315e-01 (6.9315e-01)	Acc@1   0.48 (  0.48)	Loss Pred 1.5133e+00 (1.5133e+00)	Macro F1   0.19 (  0.19)	Loss TOTAL 4.3743e+00 (4.3743e+00)
VALIDATION SOURCE PREDICTIONS
Accuracy score is : 0.4878 
Macro F1 score is : 0.1918 
Weighted F1 score is : 0.3930 
Best model is updated!
VALIDATION TARGET PREDICTIONS
Accuracy score is : 0.5122 
Macro F1 score is : 0.2063 
Weighted F1 score is : 0.4204 
Epoch: [699][1/2]	Time  1.050 ( 1.064)	Data  0.007 ( 0.007)	Loss Source 7.5842e+00 (7.8423e+00)	Acc@1   1.56 (  0.55)	Loss Target 7.5822e+00 (7.8054e+00)	Acc@1   0.78 (  0.53)	Loss Sour-Tar CL 7.5822e+00 (7.8054e+00)	Acc@1  15.62 ( 12.24)	Loss Sour-Tar Disc 6.9230e-01 (6.9267e-01)	Acc@1   0.55 (  0.53)	Loss Pred 1.4170e+00 (1.4544e+00)	Macro F1   0.20 (  0.18)	Loss TOTAL 4.4219e+00 (4.5324e+00)
VALIDATION RESULTS
Epoch: [699][1/1]	Time  0.000 ( 0.000)	Data  0.002 ( 0.002)	Loss Source 7.4423e+00 (7.4423e+00)	Acc@1   0.00 (  0.00)	Loss Target 7.5422e+00 (7.5422e+00)	Acc@1   0.00 (  0.00)	Loss Sour-Tar CL 7.5422e+00 (7.5422e+00)	Acc@1  48.78 ( 48.78)	Loss Sour-Tar Disc 6.9345e-01 (6.9345e-01)	Acc@1   0.46 (  0.46)	Loss Pred 1.4868e+00 (1.4868e+00)	Macro F1   0.21 (  0.21)	Loss TOTAL 4.2737e+00 (4.2737e+00)
VALIDATION SOURCE PREDICTIONS
Accuracy score is : 0.5366 
Macro F1 score is : 0.2127 
Weighted F1 score is : 0.4358 
Best model is updated!
VALIDATION TARGET PREDICTIONS
Accuracy score is : 0.5122 
Macro F1 score is : 0.2054 
Weighted F1 score is : 0.4197 
Epoch: [799][1/2]	Time  1.041 ( 1.073)	Data  0.007 ( 0.007)	Loss Source 7.3372e+00 (7.4949e+00)	Acc@1   0.00 (  0.82)	Loss Target 7.2848e+00 (7.4311e+00)	Acc@1   0.00 (  0.92)	Loss Sour-Tar CL 7.2848e+00 (7.4311e+00)	Acc@1  17.19 ( 16.83)	Loss Sour-Tar Disc 6.9151e-01 (6.9227e-01)	Acc@1   0.54 (  0.52)	Loss Pred 1.3794e+00 (1.4183e+00)	Macro F1   0.23 (  0.20)	Loss TOTAL 4.2869e+00 (4.3794e+00)
VALIDATION RESULTS
Epoch: [799][1/1]	Time  0.000 ( 0.000)	Data  0.002 ( 0.002)	Loss Source 7.2727e+00 (7.2727e+00)	Acc@1   0.00 (  0.00)	Loss Target 7.0016e+00 (7.0016e+00)	Acc@1   0.00 (  0.00)	Loss Sour-Tar CL 7.0016e+00 (7.0016e+00)	Acc@1  36.59 ( 36.59)	Loss Sour-Tar Disc 6.9412e-01 (6.9412e-01)	Acc@1   0.43 (  0.43)	Loss Pred 1.4238e+00 (1.4238e+00)	Macro F1   0.25 (  0.25)	Loss TOTAL 4.0653e+00 (4.0653e+00)
VALIDATION SOURCE PREDICTIONS
Accuracy score is : 0.6341 
Macro F1 score is : 0.2546 
Weighted F1 score is : 0.5216 
Best model is updated!
VALIDATION TARGET PREDICTIONS
Accuracy score is : 0.6829 
Macro F1 score is : 0.2744 
Weighted F1 score is : 0.5587 
Epoch: [899][1/2]	Time  1.031 ( 1.063)	Data  0.007 ( 0.007)	Loss Source 6.9691e+00 (7.2057e+00)	Acc@1   0.00 (  1.07)	Loss Target 6.9502e+00 (7.1410e+00)	Acc@1   0.78 (  1.23)	Loss Sour-Tar CL 6.9502e+00 (7.1410e+00)	Acc@1  20.31 ( 18.19)	Loss Sour-Tar Disc 6.9249e-01 (6.9185e-01)	Acc@1   0.52 (  0.52)	Loss Pred 1.2448e+00 (1.3206e+00)	Macro F1   0.26 (  0.24)	Loss TOTAL 4.0500e+00 (4.1822e+00)
VALIDATION RESULTS
Epoch: [899][1/1]	Time  0.000 ( 0.000)	Data  0.002 ( 0.002)	Loss Source 6.7947e+00 (6.7947e+00)	Acc@1   2.44 (  2.44)	Loss Target 6.7478e+00 (6.7478e+00)	Acc@1   2.44 (  2.44)	Loss Sour-Tar CL 6.7478e+00 (6.7478e+00)	Acc@1  46.34 ( 46.34)	Loss Sour-Tar Disc 6.9386e-01 (6.9386e-01)	Acc@1   0.46 (  0.46)	Loss Pred 1.3040e+00 (1.3040e+00)	Macro F1   0.26 (  0.26)	Loss TOTAL 3.8566e+00 (3.8566e+00)
VALIDATION SOURCE PREDICTIONS
Accuracy score is : 0.6341 
Macro F1 score is : 0.2567 
Weighted F1 score is : 0.5259 
Best model is updated!
VALIDATION TARGET PREDICTIONS
Accuracy score is : 0.6829 
Macro F1 score is : 0.2744 
Weighted F1 score is : 0.5587 
Epoch: [999][1/2]	Time  1.037 ( 1.066)	Data  0.007 ( 0.007)	Loss Source 6.9534e+00 (6.9444e+00)	Acc@1   0.78 (  1.20)	Loss Target 6.8118e+00 (6.9140e+00)	Acc@1   1.56 (  1.48)	Loss Sour-Tar CL 6.8118e+00 (6.9140e+00)	Acc@1  17.19 ( 20.11)	Loss Sour-Tar Disc 6.9140e-01 (6.9151e-01)	Acc@1   0.51 (  0.52)	Loss Pred 1.0878e+00 (1.1861e+00)	Macro F1   0.26 (  0.26)	Loss TOTAL 3.8461e+00 (3.9677e+00)
VALIDATION RESULTS
Epoch: [999][1/1]	Time  0.000 ( 0.000)	Data  0.002 ( 0.002)	Loss Source 6.5483e+00 (6.5483e+00)	Acc@1   4.88 (  4.88)	Loss Target 6.4598e+00 (6.4598e+00)	Acc@1   4.88 (  4.88)	Loss Sour-Tar CL 6.4598e+00 (6.4598e+00)	Acc@1  29.27 ( 29.27)	Loss Sour-Tar Disc 6.9480e-01 (6.9480e-01)	Acc@1   0.49 (  0.49)	Loss Pred 1.1601e+00 (1.1601e+00)	Macro F1   0.28 (  0.28)	Loss TOTAL 3.6382e+00 (3.6382e+00)
VALIDATION SOURCE PREDICTIONS
Accuracy score is : 0.6829 
Macro F1 score is : 0.2752 
Weighted F1 score is : 0.5639 
Best model is updated!
VALIDATION TARGET PREDICTIONS
Accuracy score is : 0.6829 
Macro F1 score is : 0.2767 
Weighted F1 score is : 0.5621 
Epoch: [1099][1/2]	Time  1.043 ( 1.046)	Data  0.007 ( 0.007)	Loss Source 6.7947e+00 (6.8220e+00)	Acc@1   0.00 (  1.09)	Loss Target 6.6938e+00 (6.7972e+00)	Acc@1   1.56 (  1.23)	Loss Sour-Tar CL 6.6938e+00 (6.7972e+00)	Acc@1  19.53 ( 22.10)	Loss Sour-Tar Disc 6.9060e-01 (6.9073e-01)	Acc@1   0.52 (  0.53)	Loss Pred 9.7501e-01 (1.0614e+00)	Macro F1   0.28 (  0.27)	Loss TOTAL 3.6807e+00 (3.7945e+00)
VALIDATION RESULTS
Epoch: [1099][1/1]	Time  0.000 ( 0.000)	Data  0.002 ( 0.002)	Loss Source 6.6547e+00 (6.6547e+00)	Acc@1   2.44 (  2.44)	Loss Target 6.2410e+00 (6.2410e+00)	Acc@1  17.07 ( 17.07)	Loss Sour-Tar CL 6.2410e+00 (6.2410e+00)	Acc@1  68.29 ( 68.29)	Loss Sour-Tar Disc 6.9389e-01 (6.9389e-01)	Acc@1   0.52 (  0.52)	Loss Pred 1.0510e+00 (1.0510e+00)	Macro F1   0.27 (  0.27)	Loss TOTAL 3.4770e+00 (3.4770e+00)
VALIDATION SOURCE PREDICTIONS
Accuracy score is : 0.6829 
Macro F1 score is : 0.2733 
Weighted F1 score is : 0.5600 
VALIDATION TARGET PREDICTIONS
Accuracy score is : 0.6829 
Macro F1 score is : 0.2767 
Weighted F1 score is : 0.5621 
Epoch: [1199][1/2]	Time  1.050 ( 1.047)	Data  0.007 ( 0.007)	Loss Source 6.7614e+00 (6.7433e+00)	Acc@1   0.00 (  0.84)	Loss Target 6.6858e+00 (6.7168e+00)	Acc@1   0.78 (  0.84)	Loss Sour-Tar CL 6.6858e+00 (6.7168e+00)	Acc@1  28.12 ( 23.84)	Loss Sour-Tar Disc 6.8730e-01 (6.8925e-01)	Acc@1   0.57 (  0.54)	Loss Pred 9.4673e-01 (9.6543e-01)	Macro F1   0.27 (  0.27)	Loss TOTAL 3.6180e+00 (3.6589e+00)
VALIDATION RESULTS
Epoch: [1199][1/1]	Time  0.000 ( 0.000)	Data  0.002 ( 0.002)	Loss Source 6.2577e+00 (6.2577e+00)	Acc@1   4.88 (  4.88)	Loss Target 6.2033e+00 (6.2033e+00)	Acc@1  12.20 ( 12.20)	Loss Sour-Tar CL 6.2033e+00 (6.2033e+00)	Acc@1  75.61 ( 75.61)	Loss Sour-Tar Disc 6.9366e-01 (6.9366e-01)	Acc@1   0.51 (  0.51)	Loss Pred 9.7675e-01 (9.7675e-01)	Macro F1   0.27 (  0.27)	Loss TOTAL 3.3289e+00 (3.3289e+00)
VALIDATION SOURCE PREDICTIONS
Accuracy score is : 0.6829 
Macro F1 score is : 0.2733 
Weighted F1 score is : 0.5600 
VALIDATION TARGET PREDICTIONS
Accuracy score is : 0.6829 
Macro F1 score is : 0.2767 
Weighted F1 score is : 0.5621 
Epoch: [1299][1/2]	Time  1.035 ( 1.060)	Data  0.007 ( 0.007)	Loss Source 6.6724e+00 (6.6661e+00)	Acc@1   0.78 (  0.81)	Loss Target 6.4852e+00 (6.6022e+00)	Acc@1   1.56 (  0.82)	Loss Sour-Tar CL 6.4852e+00 (6.6022e+00)	Acc@1  36.72 ( 24.95)	Loss Sour-Tar Disc 6.8448e-01 (6.8753e-01)	Acc@1   0.55 (  0.54)	Loss Pred 8.6376e-01 (8.9416e-01)	Macro F1   0.27 (  0.28)	Loss TOTAL 3.4676e+00 (3.5481e+00)
VALIDATION RESULTS
Epoch: [1299][1/1]	Time  0.000 ( 0.000)	Data  0.003 ( 0.003)	Loss Source 6.4042e+00 (6.4042e+00)	Acc@1   9.76 (  9.76)	Loss Target 6.1542e+00 (6.1542e+00)	Acc@1  14.63 ( 14.63)	Loss Sour-Tar CL 6.1542e+00 (6.1542e+00)	Acc@1  65.85 ( 65.85)	Loss Sour-Tar Disc 6.9178e-01 (6.9178e-01)	Acc@1   0.51 (  0.51)	Loss Pred 9.2002e-01 (9.2002e-01)	Macro F1   0.27 (  0.27)	Loss TOTAL 3.2756e+00 (3.2756e+00)
VALIDATION SOURCE PREDICTIONS
Accuracy score is : 0.6829 
Macro F1 score is : 0.2733 
Weighted F1 score is : 0.5600 
VALIDATION TARGET PREDICTIONS
Accuracy score is : 0.6829 
Macro F1 score is : 0.2767 
Weighted F1 score is : 0.5621 
Epoch: [1399][1/2]	Time  1.039 ( 1.043)	Data  0.007 ( 0.007)	Loss Source 6.5973e+00 (6.5917e+00)	Acc@1   0.00 (  1.09)	Loss Target 6.4811e+00 (6.4998e+00)	Acc@1   1.56 (  1.14)	Loss Sour-Tar CL 6.4811e+00 (6.4998e+00)	Acc@1  27.34 ( 25.74)	Loss Sour-Tar Disc 6.8275e-01 (6.8522e-01)	Acc@1   0.56 (  0.54)	Loss Pred 8.1173e-01 (8.3361e-01)	Macro F1   0.28 (  0.28)	Loss TOTAL 3.4016e+00 (3.4486e+00)
VALIDATION RESULTS
Epoch: [1399][1/1]	Time  0.000 ( 0.000)	Data  0.002 ( 0.002)	Loss Source 6.1106e+00 (6.1106e+00)	Acc@1   9.76 (  9.76)	Loss Target 6.1475e+00 (6.1475e+00)	Acc@1   4.88 (  4.88)	Loss Sour-Tar CL 6.1475e+00 (6.1475e+00)	Acc@1  63.41 ( 63.41)	Loss Sour-Tar Disc 6.9161e-01 (6.9161e-01)	Acc@1   0.51 (  0.51)	Loss Pred 8.5749e-01 (8.5749e-01)	Macro F1   0.27 (  0.27)	Loss TOTAL 3.1553e+00 (3.1553e+00)
VALIDATION SOURCE PREDICTIONS
Accuracy score is : 0.6829 
Macro F1 score is : 0.2733 
Weighted F1 score is : 0.5600 
VALIDATION TARGET PREDICTIONS
Accuracy score is : 0.6829 
Macro F1 score is : 0.2767 
Weighted F1 score is : 0.5621 
Epoch: [1499][1/2]	Time  1.038 ( 1.038)	Data  0.007 ( 0.007)	Loss Source 6.3652e+00 (6.5078e+00)	Acc@1   2.34 (  1.23)	Loss Target 6.4455e+00 (6.4298e+00)	Acc@1   0.00 (  1.16)	Loss Sour-Tar CL 6.4455e+00 (6.4298e+00)	Acc@1  34.38 ( 27.42)	Loss Sour-Tar Disc 6.8424e-01 (6.8283e-01)	Acc@1   0.54 (  0.55)	Loss Pred 8.0439e-01 (7.8019e-01)	Macro F1   0.27 (  0.28)	Loss TOTAL 3.3574e+00 (3.3569e+00)
VALIDATION RESULTS
Epoch: [1499][1/1]	Time  0.000 ( 0.000)	Data  0.003 ( 0.003)	Loss Source 6.1686e+00 (6.1686e+00)	Acc@1   7.32 (  7.32)	Loss Target 6.0119e+00 (6.0119e+00)	Acc@1   7.32 (  7.32)	Loss Sour-Tar CL 6.0119e+00 (6.0119e+00)	Acc@1  63.41 ( 63.41)	Loss Sour-Tar Disc 6.9247e-01 (6.9247e-01)	Acc@1   0.51 (  0.51)	Loss Pred 8.3539e-01 (8.3539e-01)	Macro F1   0.26 (  0.26)	Loss TOTAL 3.1145e+00 (3.1145e+00)
VALIDATION SOURCE PREDICTIONS
Accuracy score is : 0.6585 
Macro F1 score is : 0.2641 
Weighted F1 score is : 0.5411 
VALIDATION TARGET PREDICTIONS
Accuracy score is : 0.6829 
Macro F1 score is : 0.2767 
Weighted F1 score is : 0.5621 
Epoch: [1599][1/2]	Time  1.049 ( 1.038)	Data  0.007 ( 0.007)	Loss Source 6.4141e+00 (6.4333e+00)	Acc@1   0.00 (  1.08)	Loss Target 6.2517e+00 (6.3450e+00)	Acc@1   1.56 (  1.29)	Loss Sour-Tar CL 6.2517e+00 (6.3450e+00)	Acc@1  21.09 ( 28.44)	Loss Sour-Tar Disc 6.7931e-01 (6.8037e-01)	Acc@1   0.55 (  0.56)	Loss Pred 7.1053e-01 (7.2684e-01)	Macro F1   0.28 (  0.28)	Loss TOTAL 3.2404e+00 (3.2661e+00)
VALIDATION RESULTS
Epoch: [1599][1/1]	Time  0.000 ( 0.000)	Data  0.002 ( 0.002)	Loss Source 5.8164e+00 (5.8164e+00)	Acc@1   7.32 (  7.32)	Loss Target 6.0724e+00 (6.0724e+00)	Acc@1   9.76 (  9.76)	Loss Sour-Tar CL 6.0724e+00 (6.0724e+00)	Acc@1  60.98 ( 60.98)	Loss Sour-Tar Disc 6.9058e-01 (6.9058e-01)	Acc@1   0.52 (  0.52)	Loss Pred 7.7034e-01 (7.7034e-01)	Macro F1   0.26 (  0.26)	Loss TOTAL 3.0078e+00 (3.0078e+00)
VALIDATION SOURCE PREDICTIONS
Accuracy score is : 0.6585 
Macro F1 score is : 0.2641 
Weighted F1 score is : 0.5411 
VALIDATION TARGET PREDICTIONS
Accuracy score is : 0.6829 
Macro F1 score is : 0.2767 
Weighted F1 score is : 0.5621 
Epoch: [1699][1/2]	Time  1.027 ( 1.038)	Data  0.007 ( 0.007)	Loss Source 6.3445e+00 (6.3822e+00)	Acc@1   1.56 (  1.19)	Loss Target 6.3007e+00 (6.3000e+00)	Acc@1   0.00 (  1.09)	Loss Sour-Tar CL 6.3007e+00 (6.3000e+00)	Acc@1  30.47 ( 29.14)	Loss Sour-Tar Disc 6.7680e-01 (6.7905e-01)	Acc@1   0.57 (  0.56)	Loss Pred 6.6318e-01 (6.8073e-01)	Macro F1   0.28 (  0.28)	Loss TOTAL 3.1687e+00 (3.1988e+00)
VALIDATION RESULTS
Epoch: [1699][1/1]	Time  0.000 ( 0.000)	Data  0.002 ( 0.002)	Loss Source 5.7976e+00 (5.7976e+00)	Acc@1  17.07 ( 17.07)	Loss Target 5.7776e+00 (5.7776e+00)	Acc@1  14.63 ( 14.63)	Loss Sour-Tar CL 5.7776e+00 (5.7776e+00)	Acc@1  80.49 ( 80.49)	Loss Sour-Tar Disc 6.9035e-01 (6.9035e-01)	Acc@1   0.51 (  0.51)	Loss Pred 7.6341e-01 (7.6341e-01)	Macro F1   0.27 (  0.27)	Loss TOTAL 2.9377e+00 (2.9377e+00)
VALIDATION SOURCE PREDICTIONS
Accuracy score is : 0.6829 
Macro F1 score is : 0.2733 
Weighted F1 score is : 0.5600 
VALIDATION TARGET PREDICTIONS
Accuracy score is : 0.6829 
Macro F1 score is : 0.2767 
Weighted F1 score is : 0.5621 
Epoch: [1799][1/2]	Time  1.077 ( 1.038)	Data  0.007 ( 0.007)	Loss Source 6.2190e+00 (6.3411e+00)	Acc@1   0.78 (  1.35)	Loss Target 6.2688e+00 (6.2590e+00)	Acc@1   0.00 (  1.09)	Loss Sour-Tar CL 6.2688e+00 (6.2590e+00)	Acc@1  32.03 ( 31.28)	Loss Sour-Tar Disc 6.7457e-01 (6.7699e-01)	Acc@1   0.57 (  0.57)	Loss Pred 6.4203e-01 (6.3774e-01)	Macro F1   0.35 (  0.34)	Loss TOTAL 3.1412e+00 (3.1365e+00)
VALIDATION RESULTS
Epoch: [1799][1/1]	Time  0.000 ( 0.000)	Data  0.003 ( 0.003)	Loss Source 5.5966e+00 (5.5966e+00)	Acc@1  24.39 ( 24.39)	Loss Target 5.7454e+00 (5.7454e+00)	Acc@1  12.20 ( 12.20)	Loss Sour-Tar CL 5.7454e+00 (5.7454e+00)	Acc@1  65.85 ( 65.85)	Loss Sour-Tar Disc 6.8631e-01 (6.8631e-01)	Acc@1   0.55 (  0.55)	Loss Pred 6.9362e-01 (6.9362e-01)	Macro F1   0.41 (  0.41)	Loss TOTAL 2.8374e+00 (2.8374e+00)
VALIDATION SOURCE PREDICTIONS
Accuracy score is : 0.7317 
Macro F1 score is : 0.4067 
Weighted F1 score is : 0.6320 
Best model is updated!
VALIDATION TARGET PREDICTIONS
Accuracy score is : 0.7317 
Macro F1 score is : 0.3909 
Weighted F1 score is : 0.6298 
Epoch: [1899][1/2]	Time  1.043 ( 1.036)	Data  0.007 ( 0.007)	Loss Source 6.1918e+00 (6.2870e+00)	Acc@1   0.78 (  1.26)	Loss Target 6.1462e+00 (6.2048e+00)	Acc@1   1.56 (  1.07)	Loss Sour-Tar CL 6.1462e+00 (6.2048e+00)	Acc@1  29.69 ( 30.81)	Loss Sour-Tar Disc 6.7132e-01 (6.7460e-01)	Acc@1   0.60 (  0.58)	Loss Pred 5.2757e-01 (5.9112e-01)	Macro F1   0.42 (  0.41)	Loss TOTAL 2.9830e+00 (3.0665e+00)
VALIDATION RESULTS
Epoch: [1899][1/1]	Time  0.000 ( 0.000)	Data  0.002 ( 0.002)	Loss Source 5.8945e+00 (5.8945e+00)	Acc@1  17.07 ( 17.07)	Loss Target 5.6395e+00 (5.6395e+00)	Acc@1  17.07 ( 17.07)	Loss Sour-Tar CL 5.6395e+00 (5.6395e+00)	Acc@1  63.41 ( 63.41)	Loss Sour-Tar Disc 6.8890e-01 (6.8890e-01)	Acc@1   0.49 (  0.49)	Loss Pred 6.8632e-01 (6.8632e-01)	Macro F1   0.41 (  0.41)	Loss TOTAL 2.8372e+00 (2.8372e+00)
VALIDATION SOURCE PREDICTIONS
Accuracy score is : 0.7317 
Macro F1 score is : 0.4067 
Weighted F1 score is : 0.6320 
VALIDATION TARGET PREDICTIONS
Accuracy score is : 0.7317 
Macro F1 score is : 0.3889 
Weighted F1 score is : 0.6272 
Epoch: [1999][1/2]	Time  1.034 ( 1.049)	Data  0.007 ( 0.007)	Loss Source 6.2021e+00 (6.2411e+00)	Acc@1   2.34 (  1.45)	Loss Target 6.0624e+00 (6.1804e+00)	Acc@1   0.00 (  1.22)	Loss Sour-Tar CL 6.0624e+00 (6.1804e+00)	Acc@1  35.16 ( 31.47)	Loss Sour-Tar Disc 6.7675e-01 (6.7302e-01)	Acc@1   0.58 (  0.58)	Loss Pred 5.0425e-01 (5.5149e-01)	Macro F1   0.51 (  0.44)	Loss TOTAL 2.9509e+00 (3.0145e+00)
VALIDATION RESULTS
Epoch: [1999][1/1]	Time  0.000 ( 0.000)	Data  0.003 ( 0.003)	Loss Source 5.6540e+00 (5.6540e+00)	Acc@1  24.39 ( 24.39)	Loss Target 5.7068e+00 (5.7068e+00)	Acc@1  14.63 ( 14.63)	Loss Sour-Tar CL 5.7068e+00 (5.7068e+00)	Acc@1  65.85 ( 65.85)	Loss Sour-Tar Disc 6.8687e-01 (6.8687e-01)	Acc@1   0.50 (  0.50)	Loss Pred 6.3790e-01 (6.3790e-01)	Macro F1   0.40 (  0.40)	Loss TOTAL 2.7781e+00 (2.7781e+00)
VALIDATION SOURCE PREDICTIONS
Accuracy score is : 0.7073 
Macro F1 score is : 0.3963 
Weighted F1 score is : 0.6106 
VALIDATION TARGET PREDICTIONS
Accuracy score is : 0.7561 
Macro F1 score is : 0.4613 
Weighted F1 score is : 0.6771 
Epoch: [2099][1/2]	Time  1.054 ( 1.044)	Data  0.007 ( 0.007)	Loss Source 6.1539e+00 (6.2058e+00)	Acc@1   0.78 (  1.18)	Loss Target 6.1125e+00 (6.1526e+00)	Acc@1   0.78 (  1.23)	Loss Sour-Tar CL 6.1125e+00 (6.1526e+00)	Acc@1  38.28 ( 31.54)	Loss Sour-Tar Disc 6.7385e-01 (6.7129e-01)	Acc@1   0.56 (  0.58)	Loss Pred 4.8939e-01 (5.1158e-01)	Macro F1   0.54 (  0.49)	Loss TOTAL 2.9143e+00 (2.9619e+00)
VALIDATION RESULTS
Epoch: [2099][1/1]	Time  0.000 ( 0.000)	Data  0.003 ( 0.003)	Loss Source 5.7971e+00 (5.7971e+00)	Acc@1  17.07 ( 17.07)	Loss Target 5.6397e+00 (5.6397e+00)	Acc@1  12.20 ( 12.20)	Loss Sour-Tar CL 5.6397e+00 (5.6397e+00)	Acc@1  63.41 ( 63.41)	Loss Sour-Tar Disc 6.8642e-01 (6.8642e-01)	Acc@1   0.49 (  0.49)	Loss Pred 5.8696e-01 (5.8696e-01)	Macro F1   0.54 (  0.54)	Loss TOTAL 2.7286e+00 (2.7286e+00)
VALIDATION SOURCE PREDICTIONS
Accuracy score is : 0.7805 
Macro F1 score is : 0.5425 
Weighted F1 score is : 0.7313 
Best model is updated!
VALIDATION TARGET PREDICTIONS
Accuracy score is : 0.8049 
Macro F1 score is : 0.5825 
Weighted F1 score is : 0.7626 
Epoch: [2199][1/2]	Time  1.034 ( 1.037)	Data  0.007 ( 0.007)	Loss Source 6.0804e+00 (6.1767e+00)	Acc@1   2.34 (  1.06)	Loss Target 6.1818e+00 (6.1313e+00)	Acc@1   0.00 (  0.97)	Loss Sour-Tar CL 6.1818e+00 (6.1313e+00)	Acc@1  27.34 ( 31.88)	Loss Sour-Tar Disc 6.6811e-01 (6.6947e-01)	Acc@1   0.57 (  0.59)	Loss Pred 4.5985e-01 (4.7319e-01)	Macro F1   0.60 (  0.55)	Loss TOTAL 2.8988e+00 (2.9127e+00)
VALIDATION RESULTS
Epoch: [2199][1/1]	Time  0.000 ( 0.000)	Data  0.003 ( 0.003)	Loss Source 5.6004e+00 (5.6004e+00)	Acc@1  26.83 ( 26.83)	Loss Target 5.8408e+00 (5.8408e+00)	Acc@1  17.07 ( 17.07)	Loss Sour-Tar CL 5.8408e+00 (5.8408e+00)	Acc@1  68.29 ( 68.29)	Loss Sour-Tar Disc 6.8410e-01 (6.8410e-01)	Acc@1   0.52 (  0.52)	Loss Pred 5.8733e-01 (5.8733e-01)	Macro F1   0.55 (  0.55)	Loss TOTAL 2.7427e+00 (2.7427e+00)
VALIDATION SOURCE PREDICTIONS
Accuracy score is : 0.7805 
Macro F1 score is : 0.5492 
Weighted F1 score is : 0.7288 
Best model is updated!
VALIDATION TARGET PREDICTIONS
Accuracy score is : 0.7317 
Macro F1 score is : 0.4956 
Weighted F1 score is : 0.6966 
Epoch: [2299][1/2]	Time  1.032 ( 1.039)	Data  0.007 ( 0.007)	Loss Source 6.2637e+00 (6.1516e+00)	Acc@1   0.78 (  1.10)	Loss Target 6.1847e+00 (6.1130e+00)	Acc@1   1.56 (  1.12)	Loss Sour-Tar CL 6.1847e+00 (6.1130e+00)	Acc@1  26.56 ( 31.80)	Loss Sour-Tar Disc 6.6689e-01 (6.6919e-01)	Acc@1   0.62 (  0.59)	Loss Pred 4.2800e-01 (4.4189e-01)	Macro F1   0.58 (  0.60)	Loss TOTAL 2.8886e+00 (2.8738e+00)
VALIDATION RESULTS
Epoch: [2299][1/1]	Time  0.000 ( 0.000)	Data  0.002 ( 0.002)	Loss Source 5.4240e+00 (5.4240e+00)	Acc@1  29.27 ( 29.27)	Loss Target 5.5188e+00 (5.5188e+00)	Acc@1  21.95 ( 21.95)	Loss Sour-Tar CL 5.5188e+00 (5.5188e+00)	Acc@1  68.29 ( 68.29)	Loss Sour-Tar Disc 6.8476e-01 (6.8476e-01)	Acc@1   0.52 (  0.52)	Loss Pred 5.3740e-01 (5.3740e-01)	Macro F1   0.53 (  0.53)	Loss TOTAL 2.6212e+00 (2.6212e+00)
VALIDATION SOURCE PREDICTIONS
Accuracy score is : 0.7561 
Macro F1 score is : 0.5280 
Weighted F1 score is : 0.7132 
VALIDATION TARGET PREDICTIONS
Accuracy score is : 0.7073 
Macro F1 score is : 0.4891 
Weighted F1 score is : 0.6710 
Epoch: [2399][1/2]	Time  1.032 ( 1.040)	Data  0.007 ( 0.007)	Loss Source 6.0134e+00 (6.1151e+00)	Acc@1   1.56 (  1.27)	Loss Target 6.0920e+00 (6.0892e+00)	Acc@1   1.56 (  1.17)	Loss Sour-Tar CL 6.0920e+00 (6.0892e+00)	Acc@1  32.81 ( 31.87)	Loss Sour-Tar Disc 6.6932e-01 (6.6731e-01)	Acc@1   0.58 (  0.59)	Loss Pred 4.1237e-01 (4.0779e-01)	Macro F1   0.67 (  0.64)	Loss TOTAL 2.8225e+00 (2.8303e+00)
VALIDATION RESULTS
Epoch: [2399][1/1]	Time  0.000 ( 0.000)	Data  0.002 ( 0.002)	Loss Source 5.6463e+00 (5.6463e+00)	Acc@1  17.07 ( 17.07)	Loss Target 5.5685e+00 (5.5685e+00)	Acc@1  17.07 ( 17.07)	Loss Sour-Tar CL 5.5685e+00 (5.5685e+00)	Acc@1  80.49 ( 80.49)	Loss Sour-Tar Disc 6.8361e-01 (6.8361e-01)	Acc@1   0.57 (  0.57)	Loss Pred 4.9658e-01 (4.9658e-01)	Macro F1   0.57 (  0.57)	Loss TOTAL 2.6206e+00 (2.6206e+00)
VALIDATION SOURCE PREDICTIONS
Accuracy score is : 0.7805 
Macro F1 score is : 0.5690 
Weighted F1 score is : 0.7450 
Best model is updated!
VALIDATION TARGET PREDICTIONS
Accuracy score is : 0.7317 
Macro F1 score is : 0.5255 
Weighted F1 score is : 0.6988 
Epoch: [2499][1/2]	Time  1.039 ( 1.038)	Data  0.007 ( 0.007)	Loss Source 6.0527e+00 (6.1008e+00)	Acc@1   3.12 (  1.25)	Loss Target 6.1288e+00 (6.0730e+00)	Acc@1   2.34 (  1.20)	Loss Sour-Tar CL 6.1288e+00 (6.0730e+00)	Acc@1  27.34 ( 31.61)	Loss Sour-Tar Disc 6.6103e-01 (6.6760e-01)	Acc@1   0.62 (  0.58)	Loss Pred 3.6358e-01 (3.7649e-01)	Macro F1   0.68 (  0.67)	Loss TOTAL 2.7816e+00 (2.7940e+00)
VALIDATION RESULTS
Epoch: [2499][1/1]	Time  0.000 ( 0.000)	Data  0.002 ( 0.002)	Loss Source 5.2274e+00 (5.2274e+00)	Acc@1  29.27 ( 29.27)	Loss Target 5.5257e+00 (5.5257e+00)	Acc@1  17.07 ( 17.07)	Loss Sour-Tar CL 5.5257e+00 (5.5257e+00)	Acc@1  73.17 ( 73.17)	Loss Sour-Tar Disc 6.8461e-01 (6.8461e-01)	Acc@1   0.52 (  0.52)	Loss Pred 5.0905e-01 (5.0905e-01)	Macro F1   0.57 (  0.57)	Loss TOTAL 2.5983e+00 (2.5983e+00)
VALIDATION SOURCE PREDICTIONS
Accuracy score is : 0.7805 
Macro F1 score is : 0.5690 
Weighted F1 score is : 0.7450 
VALIDATION TARGET PREDICTIONS
Accuracy score is : 0.7561 
Macro F1 score is : 0.5411 
Weighted F1 score is : 0.7183 
Epoch: [2599][1/2]	Time  1.044 ( 1.037)	Data  0.007 ( 0.007)	Loss Source 6.1315e+00 (6.0745e+00)	Acc@1   0.78 (  1.08)	Loss Target 6.0061e+00 (6.0409e+00)	Acc@1   3.12 (  1.05)	Loss Sour-Tar CL 6.0061e+00 (6.0409e+00)	Acc@1  36.72 ( 31.94)	Loss Sour-Tar Disc 6.7010e-01 (6.6766e-01)	Acc@1   0.58 (  0.58)	Loss Pred 3.4930e-01 (3.5243e-01)	Macro F1   0.68 (  0.69)	Loss TOTAL 2.7487e+00 (2.7601e+00)
VALIDATION RESULTS
Epoch: [2599][1/1]	Time  0.000 ( 0.000)	Data  0.002 ( 0.002)	Loss Source 5.3436e+00 (5.3436e+00)	Acc@1  29.27 ( 29.27)	Loss Target 5.4598e+00 (5.4598e+00)	Acc@1  19.51 ( 19.51)	Loss Sour-Tar CL 5.4598e+00 (5.4598e+00)	Acc@1  75.61 ( 75.61)	Loss Sour-Tar Disc 6.8362e-01 (6.8362e-01)	Acc@1   0.49 (  0.49)	Loss Pred 4.6960e-01 (4.6960e-01)	Macro F1   0.65 (  0.65)	Loss TOTAL 2.5342e+00 (2.5342e+00)
VALIDATION SOURCE PREDICTIONS
Accuracy score is : 0.8293 
Macro F1 score is : 0.6509 
Weighted F1 score is : 0.8072 
Best model is updated!
VALIDATION TARGET PREDICTIONS
Accuracy score is : 0.7317 
Macro F1 score is : 0.4956 
Weighted F1 score is : 0.6966 
Epoch: [2699][1/2]	Time  1.033 ( 1.040)	Data  0.007 ( 0.007)	Loss Source 6.0162e+00 (6.0263e+00)	Acc@1   1.56 (  1.14)	Loss Target 5.9156e+00 (6.0468e+00)	Acc@1   0.78 (  1.19)	Loss Sour-Tar CL 5.9156e+00 (6.0468e+00)	Acc@1  32.81 ( 31.72)	Loss Sour-Tar Disc 6.6970e-01 (6.6710e-01)	Acc@1   0.59 (  0.58)	Loss Pred 3.1186e-01 (3.2310e-01)	Macro F1   0.73 (  0.71)	Loss TOTAL 2.6808e+00 (2.7256e+00)
VALIDATION RESULTS
Epoch: [2699][1/1]	Time  0.000 ( 0.000)	Data  0.002 ( 0.002)	Loss Source 5.2430e+00 (5.2430e+00)	Acc@1  29.27 ( 29.27)	Loss Target 5.4537e+00 (5.4537e+00)	Acc@1  21.95 ( 21.95)	Loss Sour-Tar CL 5.4537e+00 (5.4537e+00)	Acc@1  60.98 ( 60.98)	Loss Sour-Tar Disc 6.8196e-01 (6.8196e-01)	Acc@1   0.54 (  0.54)	Loss Pred 5.2009e-01 (5.2009e-01)	Macro F1   0.57 (  0.57)	Loss TOTAL 2.6019e+00 (2.6019e+00)
VALIDATION SOURCE PREDICTIONS
Accuracy score is : 0.7805 
Macro F1 score is : 0.5690 
Weighted F1 score is : 0.7450 
VALIDATION TARGET PREDICTIONS
Accuracy score is : 0.8049 
Macro F1 score is : 0.6097 
Weighted F1 score is : 0.7762 
Epoch: [2799][1/2]	Time  1.048 ( 1.040)	Data  0.007 ( 0.007)	Loss Source 6.0400e+00 (6.0229e+00)	Acc@1   1.56 (  1.10)	Loss Target 5.9119e+00 (6.0281e+00)	Acc@1   3.91 (  1.16)	Loss Sour-Tar CL 5.9119e+00 (6.0281e+00)	Acc@1  38.28 ( 32.12)	Loss Sour-Tar Disc 6.7103e-01 (6.6658e-01)	Acc@1   0.55 (  0.59)	Loss Pred 3.0142e-01 (3.0167e-01)	Macro F1   0.72 (  0.72)	Loss TOTAL 2.6652e+00 (2.6997e+00)
VALIDATION RESULTS
Epoch: [2799][1/1]	Time  0.000 ( 0.000)	Data  0.003 ( 0.003)	Loss Source 5.6298e+00 (5.6298e+00)	Acc@1  17.07 ( 17.07)	Loss Target 5.3641e+00 (5.3641e+00)	Acc@1  21.95 ( 21.95)	Loss Sour-Tar CL 5.3641e+00 (5.3641e+00)	Acc@1  73.17 ( 73.17)	Loss Sour-Tar Disc 6.8117e-01 (6.8117e-01)	Acc@1   0.52 (  0.52)	Loss Pred 5.9296e-01 (5.9296e-01)	Macro F1   0.58 (  0.58)	Loss TOTAL 2.6591e+00 (2.6591e+00)
VALIDATION SOURCE PREDICTIONS
Accuracy score is : 0.7805 
Macro F1 score is : 0.5812 
Weighted F1 score is : 0.7457 
VALIDATION TARGET PREDICTIONS
Accuracy score is : 0.8049 
Macro F1 score is : 0.6279 
Weighted F1 score is : 0.7842 
Epoch: [2899][1/2]	Time  1.058 ( 1.060)	Data  0.007 ( 0.007)	Loss Source 5.8608e+00 (5.9693e+00)	Acc@1   0.00 (  1.30)	Loss Target 5.9934e+00 (6.0025e+00)	Acc@1   0.78 (  0.99)	Loss Sour-Tar CL 5.9934e+00 (6.0025e+00)	Acc@1  37.50 ( 31.79)	Loss Sour-Tar Disc 6.7013e-01 (6.6550e-01)	Acc@1   0.57 (  0.59)	Loss Pred 2.6321e-01 (2.7678e-01)	Macro F1   0.78 (  0.73)	Loss TOTAL 2.6197e+00 (2.6628e+00)
VALIDATION RESULTS
Epoch: [2899][1/1]	Time  0.000 ( 0.000)	Data  0.003 ( 0.003)	Loss Source 5.3345e+00 (5.3345e+00)	Acc@1  24.39 ( 24.39)	Loss Target 5.2655e+00 (5.2655e+00)	Acc@1  31.71 ( 31.71)	Loss Sour-Tar CL 5.2655e+00 (5.2655e+00)	Acc@1  63.41 ( 63.41)	Loss Sour-Tar Disc 6.8488e-01 (6.8488e-01)	Acc@1   0.52 (  0.52)	Loss Pred 4.0753e-01 (4.0753e-01)	Macro F1   0.65 (  0.65)	Loss TOTAL 2.4564e+00 (2.4564e+00)
VALIDATION SOURCE PREDICTIONS
Accuracy score is : 0.8293 
Macro F1 score is : 0.6509 
Weighted F1 score is : 0.8072 
VALIDATION TARGET PREDICTIONS
Accuracy score is : 0.7561 
Macro F1 score is : 0.5979 
Weighted F1 score is : 0.7451 
Epoch: [2999][1/2]	Time  1.046 ( 1.050)	Data  0.007 ( 0.007)	Loss Source 5.9484e+00 (5.9650e+00)	Acc@1   1.56 (  1.22)	Loss Target 5.9512e+00 (5.9947e+00)	Acc@1   1.56 (  1.15)	Loss Sour-Tar CL 5.9512e+00 (5.9947e+00)	Acc@1  25.00 ( 32.55)	Loss Sour-Tar Disc 6.6647e-01 (6.6386e-01)	Acc@1   0.59 (  0.59)	Loss Pred 2.2354e-01 (2.5447e-01)	Macro F1   0.77 (  0.74)	Loss TOTAL 2.6084e+00 (2.6336e+00)
VALIDATION RESULTS
Epoch: [2999][1/1]	Time  0.000 ( 0.000)	Data  0.002 ( 0.002)	Loss Source 5.3596e+00 (5.3596e+00)	Acc@1  26.83 ( 26.83)	Loss Target 5.2653e+00 (5.2653e+00)	Acc@1  34.15 ( 34.15)	Loss Sour-Tar CL 5.2653e+00 (5.2653e+00)	Acc@1  75.61 ( 75.61)	Loss Sour-Tar Disc 6.7729e-01 (6.7729e-01)	Acc@1   0.52 (  0.52)	Loss Pred 5.7897e-01 (5.7897e-01)	Macro F1   0.62 (  0.62)	Loss TOTAL 2.6210e+00 (2.6210e+00)
VALIDATION SOURCE PREDICTIONS
Accuracy score is : 0.7805 
Macro F1 score is : 0.6188 
Weighted F1 score is : 0.7617 
VALIDATION TARGET PREDICTIONS
Accuracy score is : 0.7073 
Macro F1 score is : 0.5714 
Weighted F1 score is : 0.7050 
Epoch: [3099][1/2]	Time  1.034 ( 1.050)	Data  0.007 ( 0.007)	Loss Source 6.1067e+00 (5.9437e+00)	Acc@1   0.78 (  1.20)	Loss Target 5.8932e+00 (5.9667e+00)	Acc@1   1.56 (  1.04)	Loss Sour-Tar CL 5.8932e+00 (5.9667e+00)	Acc@1  39.84 ( 32.38)	Loss Sour-Tar Disc 6.6008e-01 (6.6479e-01)	Acc@1   0.61 (  0.60)	Loss Pred 2.1704e-01 (2.3699e-01)	Macro F1   0.76 (  0.75)	Loss TOTAL 2.5734e+00 (2.6095e+00)
VALIDATION RESULTS
Epoch: [3099][1/1]	Time  0.000 ( 0.000)	Data  0.002 ( 0.002)	Loss Source 5.4329e+00 (5.4329e+00)	Acc@1  26.83 ( 26.83)	Loss Target 5.2909e+00 (5.2909e+00)	Acc@1  31.71 ( 31.71)	Loss Sour-Tar CL 5.2909e+00 (5.2909e+00)	Acc@1  65.85 ( 65.85)	Loss Sour-Tar Disc 6.7437e-01 (6.7437e-01)	Acc@1   0.55 (  0.55)	Loss Pred 3.6443e-01 (3.6443e-01)	Macro F1   0.68 (  0.68)	Loss TOTAL 2.4297e+00 (2.4297e+00)
VALIDATION SOURCE PREDICTIONS
Accuracy score is : 0.8537 
Macro F1 score is : 0.6841 
Weighted F1 score is : 0.8344 
Best model is updated!
VALIDATION TARGET PREDICTIONS
Accuracy score is : 0.7805 
Macro F1 score is : 0.6094 
Weighted F1 score is : 0.7704 
Epoch: [3199][1/2]	Time  1.042 ( 1.039)	Data  0.007 ( 0.007)	Loss Source 6.1281e+00 (5.9256e+00)	Acc@1   1.56 (  1.23)	Loss Target 5.9657e+00 (5.9512e+00)	Acc@1   0.00 (  1.23)	Loss Sour-Tar CL 5.9657e+00 (5.9512e+00)	Acc@1  31.25 ( 32.30)	Loss Sour-Tar Disc 6.6979e-01 (6.6265e-01)	Acc@1   0.58 (  0.60)	Loss Pred 1.9844e-01 (2.2104e-01)	Macro F1   0.77 (  0.76)	Loss TOTAL 2.6034e+00 (2.5877e+00)
VALIDATION RESULTS
Epoch: [3199][1/1]	Time  0.000 ( 0.000)	Data  0.002 ( 0.002)	Loss Source 5.1700e+00 (5.1700e+00)	Acc@1  29.27 ( 29.27)	Loss Target 5.3494e+00 (5.3494e+00)	Acc@1  19.51 ( 19.51)	Loss Sour-Tar CL 5.3494e+00 (5.3494e+00)	Acc@1  63.41 ( 63.41)	Loss Sour-Tar Disc 6.7750e-01 (6.7750e-01)	Acc@1   0.59 (  0.59)	Loss Pred 4.4389e-01 (4.4389e-01)	Macro F1   0.65 (  0.65)	Loss TOTAL 2.4775e+00 (2.4775e+00)
VALIDATION SOURCE PREDICTIONS
Accuracy score is : 0.8293 
Macro F1 score is : 0.6509 
Weighted F1 score is : 0.8072 
VALIDATION TARGET PREDICTIONS
Accuracy score is : 0.7561 
Macro F1 score is : 0.5920 
Weighted F1 score is : 0.7417 
Epoch: [3299][1/2]	Time  1.033 ( 1.041)	Data  0.007 ( 0.007)	Loss Source 6.0083e+00 (5.9013e+00)	Acc@1   1.56 (  1.25)	Loss Target 5.9595e+00 (5.9411e+00)	Acc@1   1.56 (  1.30)	Loss Sour-Tar CL 5.9595e+00 (5.9411e+00)	Acc@1  40.62 ( 32.75)	Loss Sour-Tar Disc 6.5669e-01 (6.6307e-01)	Acc@1   0.62 (  0.60)	Loss Pred 1.8832e-01 (2.0577e-01)	Macro F1   0.78 (  0.76)	Loss TOTAL 2.5312e+00 (2.5645e+00)
VALIDATION RESULTS
Epoch: [3299][1/1]	Time  0.000 ( 0.000)	Data  0.002 ( 0.002)	Loss Source 5.1754e+00 (5.1754e+00)	Acc@1  26.83 ( 26.83)	Loss Target 5.4655e+00 (5.4655e+00)	Acc@1  24.39 ( 24.39)	Loss Sour-Tar CL 5.4655e+00 (5.4655e+00)	Acc@1  56.10 ( 56.10)	Loss Sour-Tar Disc 6.7799e-01 (6.7799e-01)	Acc@1   0.59 (  0.59)	Loss Pred 4.1133e-01 (4.1133e-01)	Macro F1   0.65 (  0.65)	Loss TOTAL 2.4648e+00 (2.4648e+00)
VALIDATION SOURCE PREDICTIONS
Accuracy score is : 0.8293 
Macro F1 score is : 0.6509 
Weighted F1 score is : 0.8072 
VALIDATION TARGET PREDICTIONS
Accuracy score is : 0.7073 
Macro F1 score is : 0.5283 
Weighted F1 score is : 0.6913 
Epoch: [3399][1/2]	Time  1.037 ( 1.039)	Data  0.007 ( 0.007)	Loss Source 5.8162e+00 (5.8734e+00)	Acc@1   1.56 (  1.30)	Loss Target 5.9523e+00 (5.9490e+00)	Acc@1   1.56 (  1.13)	Loss Sour-Tar CL 5.9523e+00 (5.9490e+00)	Acc@1  33.59 ( 32.72)	Loss Sour-Tar Disc 6.6042e-01 (6.6282e-01)	Acc@1   0.59 (  0.60)	Loss Pred 2.3249e-01 (1.9014e-01)	Macro F1   0.72 (  0.77)	Loss TOTAL 2.5833e+00 (2.5490e+00)
VALIDATION RESULTS
Epoch: [3399][1/1]	Time  0.000 ( 0.000)	Data  0.002 ( 0.002)	Loss Source 5.4244e+00 (5.4244e+00)	Acc@1  26.83 ( 26.83)	Loss Target 5.2219e+00 (5.2219e+00)	Acc@1  34.15 ( 34.15)	Loss Sour-Tar CL 5.2219e+00 (5.2219e+00)	Acc@1  68.29 ( 68.29)	Loss Sour-Tar Disc 6.8648e-01 (6.8648e-01)	Acc@1   0.52 (  0.52)	Loss Pred 5.4925e-01 (5.4925e-01)	Macro F1   0.65 (  0.65)	Loss TOTAL 2.6282e+00 (2.6282e+00)
VALIDATION SOURCE PREDICTIONS
Accuracy score is : 0.8049 
Macro F1 score is : 0.6483 
Weighted F1 score is : 0.7882 
VALIDATION TARGET PREDICTIONS
Accuracy score is : 0.7561 
Macro F1 score is : 0.5784 
Weighted F1 score is : 0.7361 
Epoch: [3499][1/2]	Time  1.037 ( 1.038)	Data  0.007 ( 0.007)	Loss Source 5.9060e+00 (5.8632e+00)	Acc@1   1.56 (  1.20)	Loss Target 5.9467e+00 (5.9277e+00)	Acc@1   0.78 (  1.34)	Loss Sour-Tar CL 5.9467e+00 (5.9277e+00)	Acc@1  33.59 ( 32.73)	Loss Sour-Tar Disc 6.5846e-01 (6.6308e-01)	Acc@1   0.59 (  0.61)	Loss Pred 2.2162e-01 (1.8029e-01)	Macro F1   0.73 (  0.77)	Loss TOTAL 2.5850e+00 (2.5346e+00)
VALIDATION RESULTS
Epoch: [3499][1/1]	Time  0.000 ( 0.000)	Data  0.002 ( 0.002)	Loss Source 5.3293e+00 (5.3293e+00)	Acc@1  26.83 ( 26.83)	Loss Target 5.3744e+00 (5.3744e+00)	Acc@1  26.83 ( 26.83)	Loss Sour-Tar CL 5.3744e+00 (5.3744e+00)	Acc@1  58.54 ( 58.54)	Loss Sour-Tar Disc 6.6514e-01 (6.6514e-01)	Acc@1   0.61 (  0.61)	Loss Pred 6.0230e-01 (6.0230e-01)	Macro F1   0.64 (  0.64)	Loss TOTAL 2.6312e+00 (2.6312e+00)
VALIDATION SOURCE PREDICTIONS
Accuracy score is : 0.8049 
Macro F1 score is : 0.6428 
Weighted F1 score is : 0.7846 
VALIDATION TARGET PREDICTIONS
Accuracy score is : 0.7317 
Macro F1 score is : 0.5668 
Weighted F1 score is : 0.7222 
Epoch: [3599][1/2]	Time  1.026 ( 1.050)	Data  0.007 ( 0.007)	Loss Source 5.9285e+00 (5.8557e+00)	Acc@1   1.56 (  1.38)	Loss Target 5.9686e+00 (5.9196e+00)	Acc@1   0.78 (  1.21)	Loss Sour-Tar CL 5.9686e+00 (5.9196e+00)	Acc@1  35.16 ( 32.84)	Loss Sour-Tar Disc 6.6109e-01 (6.6287e-01)	Acc@1   0.62 (  0.61)	Loss Pred 1.7045e-01 (1.6913e-01)	Macro F1   0.78 (  0.77)	Loss TOTAL 2.5378e+00 (2.5195e+00)
VALIDATION RESULTS
Epoch: [3599][1/1]	Time  0.000 ( 0.000)	Data  0.003 ( 0.003)	Loss Source 5.1730e+00 (5.1730e+00)	Acc@1  29.27 ( 29.27)	Loss Target 5.2742e+00 (5.2742e+00)	Acc@1  36.59 ( 36.59)	Loss Sour-Tar CL 5.2742e+00 (5.2742e+00)	Acc@1  68.29 ( 68.29)	Loss Sour-Tar Disc 6.6968e-01 (6.6968e-01)	Acc@1   0.61 (  0.61)	Loss Pred 4.2156e-01 (4.2156e-01)	Macro F1   0.65 (  0.65)	Loss TOTAL 2.4298e+00 (2.4298e+00)
VALIDATION SOURCE PREDICTIONS
Accuracy score is : 0.8293 
Macro F1 score is : 0.6509 
Weighted F1 score is : 0.8072 
VALIDATION TARGET PREDICTIONS
Accuracy score is : 0.7317 
Macro F1 score is : 0.5487 
Weighted F1 score is : 0.7236 
Epoch: [3699][1/2]	Time  1.043 ( 1.043)	Data  0.007 ( 0.007)	Loss Source 5.8129e+00 (5.8485e+00)	Acc@1   0.78 (  1.38)	Loss Target 6.0641e+00 (5.9110e+00)	Acc@1   0.78 (  1.08)	Loss Sour-Tar CL 6.0641e+00 (5.9110e+00)	Acc@1  30.47 ( 33.30)	Loss Sour-Tar Disc 6.6005e-01 (6.6262e-01)	Acc@1   0.62 (  0.61)	Loss Pred 1.5384e-01 (1.5938e-01)	Macro F1   0.78 (  0.77)	Loss TOTAL 2.5348e+00 (2.5059e+00)
VALIDATION RESULTS
Epoch: [3699][1/1]	Time  0.000 ( 0.000)	Data  0.002 ( 0.002)	Loss Source 5.1084e+00 (5.1084e+00)	Acc@1  41.46 ( 41.46)	Loss Target 5.2137e+00 (5.2137e+00)	Acc@1  41.46 ( 41.46)	Loss Sour-Tar CL 5.2137e+00 (5.2137e+00)	Acc@1  68.29 ( 68.29)	Loss Sour-Tar Disc 6.6738e-01 (6.6738e-01)	Acc@1   0.61 (  0.61)	Loss Pred 3.4558e-01 (3.4558e-01)	Macro F1   0.65 (  0.65)	Loss TOTAL 2.3471e+00 (2.3471e+00)
VALIDATION SOURCE PREDICTIONS
Accuracy score is : 0.8293 
Macro F1 score is : 0.6509 
Weighted F1 score is : 0.8072 
VALIDATION TARGET PREDICTIONS
Accuracy score is : 0.8049 
Macro F1 score is : 0.6270 
Weighted F1 score is : 0.7886 
Epoch: [3799][1/2]	Time  1.039 ( 1.042)	Data  0.007 ( 0.007)	Loss Source 5.8323e+00 (5.8371e+00)	Acc@1   2.34 (  1.24)	Loss Target 5.8181e+00 (5.9041e+00)	Acc@1   0.78 (  1.25)	Loss Sour-Tar CL 5.8181e+00 (5.9041e+00)	Acc@1  39.06 ( 32.62)	Loss Sour-Tar Disc 6.6452e-01 (6.6303e-01)	Acc@1   0.58 (  0.61)	Loss Pred 1.3364e-01 (1.5256e-01)	Macro F1   0.80 (  0.77)	Loss TOTAL 2.4505e+00 (2.4963e+00)
VALIDATION RESULTS
Epoch: [3799][1/1]	Time  0.000 ( 0.000)	Data  0.003 ( 0.003)	Loss Source 5.2621e+00 (5.2621e+00)	Acc@1  39.02 ( 39.02)	Loss Target 5.3201e+00 (5.3201e+00)	Acc@1  26.83 ( 26.83)	Loss Sour-Tar CL 5.3201e+00 (5.3201e+00)	Acc@1  70.73 ( 70.73)	Loss Sour-Tar Disc 6.7801e-01 (6.7801e-01)	Acc@1   0.61 (  0.61)	Loss Pred 5.0357e-01 (5.0357e-01)	Macro F1   0.64 (  0.64)	Loss TOTAL 2.5645e+00 (2.5645e+00)
VALIDATION SOURCE PREDICTIONS
Accuracy score is : 0.8049 
Macro F1 score is : 0.6388 
Weighted F1 score is : 0.7823 
VALIDATION TARGET PREDICTIONS
Accuracy score is : 0.8049 
Macro F1 score is : 0.6406 
Weighted F1 score is : 0.7886 
Epoch: [3899][1/2]	Time  1.067 ( 1.044)	Data  0.007 ( 0.007)	Loss Source 5.8045e+00 (5.8310e+00)	Acc@1   0.00 (  1.31)	Loss Target 5.7744e+00 (5.8828e+00)	Acc@1   3.12 (  1.33)	Loss Sour-Tar CL 5.7744e+00 (5.8828e+00)	Acc@1  35.16 ( 33.25)	Loss Sour-Tar Disc 6.6550e-01 (6.6507e-01)	Acc@1   0.60 (  0.60)	Loss Pred 1.5394e-01 (1.4741e-01)	Macro F1   0.78 (  0.78)	Loss TOTAL 2.4706e+00 (2.4895e+00)
VALIDATION RESULTS
Epoch: [3899][1/1]	Time  0.000 ( 0.000)	Data  0.002 ( 0.002)	Loss Source 5.3010e+00 (5.3010e+00)	Acc@1  26.83 ( 26.83)	Loss Target 5.3415e+00 (5.3415e+00)	Acc@1  34.15 ( 34.15)	Loss Sour-Tar CL 5.3415e+00 (5.3415e+00)	Acc@1  70.73 ( 70.73)	Loss Sour-Tar Disc 6.6300e-01 (6.6300e-01)	Acc@1   0.65 (  0.65)	Loss Pred 5.2331e-01 (5.2331e-01)	Macro F1   0.58 (  0.58)	Loss TOTAL 2.5454e+00 (2.5454e+00)
VALIDATION SOURCE PREDICTIONS
Accuracy score is : 0.7805 
Macro F1 score is : 0.5842 
Weighted F1 score is : 0.7517 
VALIDATION TARGET PREDICTIONS
Accuracy score is : 0.8049 
Macro F1 score is : 0.6406 
Weighted F1 score is : 0.7886 
Epoch: [3999][1/2]	Time  1.086 ( 1.045)	Data  0.007 ( 0.007)	Loss Source 5.7253e+00 (5.8129e+00)	Acc@1   2.34 (  1.44)	Loss Target 5.9095e+00 (5.8769e+00)	Acc@1   2.34 (  1.21)	Loss Sour-Tar CL 5.9095e+00 (5.8769e+00)	Acc@1  32.03 ( 33.61)	Loss Sour-Tar Disc 6.5959e-01 (6.6463e-01)	Acc@1   0.62 (  0.60)	Loss Pred 1.3347e-01 (1.4053e-01)	Macro F1   0.78 (  0.77)	Loss TOTAL 2.4695e+00 (2.4786e+00)
VALIDATION RESULTS
Epoch: [3999][1/1]	Time  0.000 ( 0.000)	Data  0.003 ( 0.003)	Loss Source 5.1727e+00 (5.1727e+00)	Acc@1  26.83 ( 26.83)	Loss Target 5.3169e+00 (5.3169e+00)	Acc@1  31.71 ( 31.71)	Loss Sour-Tar CL 5.3169e+00 (5.3169e+00)	Acc@1  70.73 ( 70.73)	Loss Sour-Tar Disc 6.7590e-01 (6.7590e-01)	Acc@1   0.57 (  0.57)	Loss Pred 2.8752e-01 (2.8752e-01)	Macro F1   0.65 (  0.65)	Loss TOTAL 2.2974e+00 (2.2974e+00)
VALIDATION SOURCE PREDICTIONS
Accuracy score is : 0.8293 
Macro F1 score is : 0.6509 
Weighted F1 score is : 0.8072 
VALIDATION TARGET PREDICTIONS
Accuracy score is : 0.7073 
Macro F1 score is : 0.5407 
Weighted F1 score is : 0.7069 
Epoch: [4099][1/2]	Time  1.042 ( 1.043)	Data  0.007 ( 0.007)	Loss Source 5.7728e+00 (5.7992e+00)	Acc@1   0.00 (  1.21)	Loss Target 5.8851e+00 (5.8752e+00)	Acc@1   3.91 (  1.54)	Loss Sour-Tar CL 5.8851e+00 (5.8752e+00)	Acc@1  36.72 ( 32.75)	Loss Sour-Tar Disc 6.6302e-01 (6.6676e-01)	Acc@1   0.62 (  0.60)	Loss Pred 1.4320e-01 (1.3770e-01)	Macro F1   0.77 (  0.78)	Loss TOTAL 2.4657e+00 (2.4750e+00)
VALIDATION RESULTS
Epoch: [4099][1/1]	Time  0.000 ( 0.000)	Data  0.003 ( 0.003)	Loss Source 5.2670e+00 (5.2670e+00)	Acc@1  36.59 ( 36.59)	Loss Target 5.1324e+00 (5.1324e+00)	Acc@1  31.71 ( 31.71)	Loss Sour-Tar CL 5.1324e+00 (5.1324e+00)	Acc@1  73.17 ( 73.17)	Loss Sour-Tar Disc 6.6029e-01 (6.6029e-01)	Acc@1   0.63 (  0.63)	Loss Pred 3.1353e-01 (3.1353e-01)	Macro F1   0.65 (  0.65)	Loss TOTAL 2.3070e+00 (2.3070e+00)
VALIDATION SOURCE PREDICTIONS
Accuracy score is : 0.8293 
Macro F1 score is : 0.6509 
Weighted F1 score is : 0.8072 
VALIDATION TARGET PREDICTIONS
Accuracy score is : 0.7805 
Macro F1 score is : 0.6125 
Weighted F1 score is : 0.7688 
Epoch: [4199][1/2]	Time  1.043 ( 1.046)	Data  0.007 ( 0.007)	Loss Source 5.8672e+00 (5.7800e+00)	Acc@1   0.78 (  1.23)	Loss Target 5.9163e+00 (5.8748e+00)	Acc@1   1.56 (  1.34)	Loss Sour-Tar CL 5.9163e+00 (5.8748e+00)	Acc@1  32.03 ( 33.20)	Loss Sour-Tar Disc 6.7045e-01 (6.6772e-01)	Acc@1   0.59 (  0.60)	Loss Pred 1.1908e-01 (1.2631e-01)	Macro F1   0.79 (  0.78)	Loss TOTAL 2.4812e+00 (2.4613e+00)
VALIDATION RESULTS
Epoch: [4199][1/1]	Time  0.000 ( 0.000)	Data  0.003 ( 0.003)	Loss Source 5.1072e+00 (5.1072e+00)	Acc@1  29.27 ( 29.27)	Loss Target 5.4059e+00 (5.4059e+00)	Acc@1  31.71 ( 31.71)	Loss Sour-Tar CL 5.4059e+00 (5.4059e+00)	Acc@1  65.85 ( 65.85)	Loss Sour-Tar Disc 6.7744e-01 (6.7744e-01)	Acc@1   0.59 (  0.59)	Loss Pred 2.0360e-01 (2.0360e-01)	Macro F1   0.74 (  0.74)	Loss TOTAL 2.2334e+00 (2.2334e+00)
VALIDATION SOURCE PREDICTIONS
Accuracy score is : 0.9024 
Macro F1 score is : 0.7374 
Weighted F1 score is : 0.8837 
Best model is updated!
VALIDATION TARGET PREDICTIONS
Accuracy score is : 0.7317 
Macro F1 score is : 0.5827 
Weighted F1 score is : 0.7233 
Epoch: [4299][1/2]	Time  1.039 ( 1.041)	Data  0.007 ( 0.007)	Loss Source 5.8019e+00 (5.7768e+00)	Acc@1   0.78 (  1.19)	Loss Target 5.8685e+00 (5.8467e+00)	Acc@1   0.00 (  1.17)	Loss Sour-Tar CL 5.8685e+00 (5.8467e+00)	Acc@1  27.34 ( 33.67)	Loss Sour-Tar Disc 6.7602e-01 (6.6911e-01)	Acc@1   0.57 (  0.59)	Loss Pred 1.2466e-01 (1.2216e-01)	Macro F1   0.78 (  0.78)	Loss TOTAL 2.4801e+00 (2.4510e+00)
VALIDATION RESULTS
Epoch: [4299][1/1]	Time  0.000 ( 0.000)	Data  0.003 ( 0.003)	Loss Source 5.2458e+00 (5.2458e+00)	Acc@1  34.15 ( 34.15)	Loss Target 5.2652e+00 (5.2652e+00)	Acc@1  41.46 ( 41.46)	Loss Sour-Tar CL 5.2652e+00 (5.2652e+00)	Acc@1  78.05 ( 78.05)	Loss Sour-Tar Disc 6.7034e-01 (6.7034e-01)	Acc@1   0.57 (  0.57)	Loss Pred 2.3782e-01 (2.3782e-01)	Macro F1   0.67 (  0.67)	Loss TOTAL 2.2739e+00 (2.2739e+00)
VALIDATION SOURCE PREDICTIONS
Accuracy score is : 0.8537 
Macro F1 score is : 0.6714 
Weighted F1 score is : 0.8289 
VALIDATION TARGET PREDICTIONS
Accuracy score is : 0.8049 
Macro F1 score is : 0.6406 
Weighted F1 score is : 0.7886 
Epoch: [4399][1/2]	Time  1.036 ( 1.040)	Data  0.007 ( 0.007)	Loss Source 5.8840e+00 (5.7497e+00)	Acc@1   0.00 (  1.24)	Loss Target 5.9003e+00 (5.8498e+00)	Acc@1   0.78 (  1.17)	Loss Sour-Tar CL 5.9003e+00 (5.8498e+00)	Acc@1  28.91 ( 33.98)	Loss Sour-Tar Disc 6.7060e-01 (6.7096e-01)	Acc@1   0.57 (  0.59)	Loss Pred 1.1517e-01 (1.1825e-01)	Macro F1   0.79 (  0.78)	Loss TOTAL 2.4633e+00 (2.4450e+00)
VALIDATION RESULTS
Epoch: [4399][1/1]	Time  0.000 ( 0.000)	Data  0.003 ( 0.003)	Loss Source 5.1153e+00 (5.1153e+00)	Acc@1  36.59 ( 36.59)	Loss Target 5.3704e+00 (5.3704e+00)	Acc@1  24.39 ( 24.39)	Loss Sour-Tar CL 5.3704e+00 (5.3704e+00)	Acc@1  65.85 ( 65.85)	Loss Sour-Tar Disc 6.7794e-01 (6.7794e-01)	Acc@1   0.55 (  0.55)	Loss Pred 3.6329e-01 (3.6329e-01)	Macro F1   0.65 (  0.65)	Loss TOTAL 2.3897e+00 (2.3897e+00)
VALIDATION SOURCE PREDICTIONS
Accuracy score is : 0.8293 
Macro F1 score is : 0.6509 
Weighted F1 score is : 0.8072 
VALIDATION TARGET PREDICTIONS
Accuracy score is : 0.7073 
Macro F1 score is : 0.5306 
Weighted F1 score is : 0.7043 
Epoch: [4499][1/2]	Time  1.037 ( 1.041)	Data  0.007 ( 0.007)	Loss Source 5.6011e+00 (5.7552e+00)	Acc@1   3.12 (  1.28)	Loss Target 5.8920e+00 (5.8352e+00)	Acc@1   0.00 (  1.23)	Loss Sour-Tar CL 5.8920e+00 (5.8352e+00)	Acc@1  32.03 ( 33.29)	Loss Sour-Tar Disc 6.7866e-01 (6.7357e-01)	Acc@1   0.58 (  0.59)	Loss Pred 1.1212e-01 (1.1915e-01)	Macro F1   0.78 (  0.78)	Loss TOTAL 2.4553e+00 (2.4480e+00)
VALIDATION RESULTS
Epoch: [4499][1/1]	Time  0.000 ( 0.000)	Data  0.002 ( 0.002)	Loss Source 5.1146e+00 (5.1146e+00)	Acc@1  34.15 ( 34.15)	Loss Target 5.3490e+00 (5.3490e+00)	Acc@1  34.15 ( 34.15)	Loss Sour-Tar CL 5.3490e+00 (5.3490e+00)	Acc@1  65.85 ( 65.85)	Loss Sour-Tar Disc 6.7005e-01 (6.7005e-01)	Acc@1   0.59 (  0.59)	Loss Pred 4.4522e-01 (4.4522e-01)	Macro F1   0.65 (  0.65)	Loss TOTAL 2.4694e+00 (2.4694e+00)
VALIDATION SOURCE PREDICTIONS
Accuracy score is : 0.8293 
Macro F1 score is : 0.6549 
Weighted F1 score is : 0.8095 
VALIDATION TARGET PREDICTIONS
Accuracy score is : 0.7805 
Macro F1 score is : 0.6036 
Weighted F1 score is : 0.7596 
Epoch: [4599][1/2]	Time  1.049 ( 1.040)	Data  0.007 ( 0.007)	Loss Source 5.7625e+00 (5.7408e+00)	Acc@1   0.00 (  1.39)	Loss Target 5.9302e+00 (5.8456e+00)	Acc@1   1.56 (  1.37)	Loss Sour-Tar CL 5.9302e+00 (5.8456e+00)	Acc@1  28.12 ( 33.95)	Loss Sour-Tar Disc 6.7499e-01 (6.7491e-01)	Acc@1   0.59 (  0.58)	Loss Pred 1.0530e-01 (1.1481e-01)	Macro F1   0.79 (  0.78)	Loss TOTAL 2.4474e+00 (2.4438e+00)
VALIDATION RESULTS
Epoch: [4599][1/1]	Time  0.000 ( 0.000)	Data  0.002 ( 0.002)	Loss Source 5.0245e+00 (5.0245e+00)	Acc@1  41.46 ( 41.46)	Loss Target 5.5261e+00 (5.5261e+00)	Acc@1  26.83 ( 26.83)	Loss Sour-Tar CL 5.5261e+00 (5.5261e+00)	Acc@1  60.98 ( 60.98)	Loss Sour-Tar Disc 6.8121e-01 (6.8121e-01)	Acc@1   0.54 (  0.54)	Loss Pred 2.6912e-01 (2.6912e-01)	Macro F1   0.69 (  0.69)	Loss TOTAL 2.3433e+00 (2.3433e+00)
VALIDATION SOURCE PREDICTIONS
Accuracy score is : 0.8537 
Macro F1 score is : 0.6884 
Weighted F1 score is : 0.8374 
VALIDATION TARGET PREDICTIONS
Accuracy score is : 0.7561 
Macro F1 score is : 0.5780 
Weighted F1 score is : 0.7408 
Epoch: [4699][1/2]	Time  1.035 ( 1.041)	Data  0.007 ( 0.007)	Loss Source 5.7495e+00 (5.7229e+00)	Acc@1   0.00 (  1.42)	Loss Target 5.8565e+00 (5.8240e+00)	Acc@1   0.00 (  1.49)	Loss Sour-Tar CL 5.8565e+00 (5.8240e+00)	Acc@1  27.34 ( 34.95)	Loss Sour-Tar Disc 6.7292e-01 (6.7491e-01)	Acc@1   0.58 (  0.58)	Loss Pred 1.1026e-01 (1.1025e-01)	Macro F1   0.78 (  0.78)	Loss TOTAL 2.4462e+00 (2.4276e+00)
VALIDATION RESULTS
Epoch: [4699][1/1]	Time  0.000 ( 0.000)	Data  0.003 ( 0.003)	Loss Source 5.1670e+00 (5.1670e+00)	Acc@1  39.02 ( 39.02)	Loss Target 5.4083e+00 (5.4083e+00)	Acc@1  39.02 ( 39.02)	Loss Sour-Tar CL 5.4083e+00 (5.4083e+00)	Acc@1  75.61 ( 75.61)	Loss Sour-Tar Disc 6.7979e-01 (6.7979e-01)	Acc@1   0.50 (  0.50)	Loss Pred 2.6133e-01 (2.6133e-01)	Macro F1   0.71 (  0.71)	Loss TOTAL 2.3230e+00 (2.3230e+00)
VALIDATION SOURCE PREDICTIONS
Accuracy score is : 0.8780 
Macro F1 score is : 0.7134 
Weighted F1 score is : 0.8607 
VALIDATION TARGET PREDICTIONS
Accuracy score is : 0.7561 
Macro F1 score is : 0.5920 
Weighted F1 score is : 0.7417 
Epoch: [4799][1/2]	Time  1.039 ( 1.048)	Data  0.007 ( 0.007)	Loss Source 5.6601e+00 (5.7195e+00)	Acc@1   0.78 (  1.21)	Loss Target 5.7529e+00 (5.8157e+00)	Acc@1   0.78 (  1.34)	Loss Sour-Tar CL 5.7529e+00 (5.8157e+00)	Acc@1  32.03 ( 34.31)	Loss Sour-Tar Disc 6.8057e-01 (6.7611e-01)	Acc@1   0.57 (  0.58)	Loss Pred 1.1969e-01 (1.1165e-01)	Macro F1   0.79 (  0.78)	Loss TOTAL 2.4370e+00 (2.4315e+00)
VALIDATION RESULTS
Epoch: [4799][1/1]	Time  0.000 ( 0.000)	Data  0.003 ( 0.003)	Loss Source 5.0700e+00 (5.0700e+00)	Acc@1  34.15 ( 34.15)	Loss Target 5.1249e+00 (5.1249e+00)	Acc@1  39.02 ( 39.02)	Loss Sour-Tar CL 5.1249e+00 (5.1249e+00)	Acc@1  63.41 ( 63.41)	Loss Sour-Tar Disc 6.6861e-01 (6.6861e-01)	Acc@1   0.59 (  0.59)	Loss Pred 3.2052e-01 (3.2052e-01)	Macro F1   0.65 (  0.65)	Loss TOTAL 2.2781e+00 (2.2781e+00)
VALIDATION SOURCE PREDICTIONS
Accuracy score is : 0.8293 
Macro F1 score is : 0.6509 
Weighted F1 score is : 0.8072 
VALIDATION TARGET PREDICTIONS
Accuracy score is : 0.7561 
Macro F1 score is : 0.5755 
Weighted F1 score is : 0.7362 
Epoch: [4899][1/2]	Time  1.090 ( 1.066)	Data  0.007 ( 0.007)	Loss Source 5.5702e+00 (5.6903e+00)	Acc@1   3.12 (  1.30)	Loss Target 5.8741e+00 (5.8172e+00)	Acc@1   1.56 (  1.38)	Loss Sour-Tar CL 5.8741e+00 (5.8172e+00)	Acc@1  27.34 ( 34.14)	Loss Sour-Tar Disc 6.7774e-01 (6.7710e-01)	Acc@1   0.56 (  0.57)	Loss Pred 1.0481e-01 (1.0723e-01)	Macro F1   0.77 (  0.78)	Loss TOTAL 2.4218e+00 (2.4223e+00)
VALIDATION RESULTS
Epoch: [4899][1/1]	Time  0.000 ( 0.000)	Data  0.003 ( 0.003)	Loss Source 4.9772e+00 (4.9772e+00)	Acc@1  41.46 ( 41.46)	Loss Target 5.2614e+00 (5.2614e+00)	Acc@1  34.15 ( 34.15)	Loss Sour-Tar CL 5.2614e+00 (5.2614e+00)	Acc@1  65.85 ( 65.85)	Loss Sour-Tar Disc 6.7263e-01 (6.7263e-01)	Acc@1   0.54 (  0.54)	Loss Pred 2.2483e-01 (2.2483e-01)	Macro F1   0.70 (  0.70)	Loss TOTAL 2.2045e+00 (2.2045e+00)
VALIDATION SOURCE PREDICTIONS
Accuracy score is : 0.8780 
Macro F1 score is : 0.6962 
Weighted F1 score is : 0.8534 
VALIDATION TARGET PREDICTIONS
Accuracy score is : 0.7317 
Macro F1 score is : 0.5640 
Weighted F1 score is : 0.7185 
Epoch: [4999][1/2]	Time  1.042 ( 1.071)	Data  0.007 ( 0.007)	Loss Source 5.6761e+00 (5.6947e+00)	Acc@1   3.91 (  1.18)	Loss Target 5.9910e+00 (5.8049e+00)	Acc@1   1.56 (  1.52)	Loss Sour-Tar CL 5.9910e+00 (5.8049e+00)	Acc@1  34.38 ( 34.73)	Loss Sour-Tar Disc 6.7914e-01 (6.7878e-01)	Acc@1   0.54 (  0.57)	Loss Pred 1.2516e-01 (1.0601e-01)	Macro F1   0.77 (  0.78)	Loss TOTAL 2.4759e+00 (2.4219e+00)
VALIDATION RESULTS
Epoch: [4999][1/1]	Time  0.000 ( 0.000)	Data  0.003 ( 0.003)	Loss Source 5.1004e+00 (5.1004e+00)	Acc@1  51.22 ( 51.22)	Loss Target 5.0828e+00 (5.0828e+00)	Acc@1  39.02 ( 39.02)	Loss Sour-Tar CL 5.0828e+00 (5.0828e+00)	Acc@1  63.41 ( 63.41)	Loss Sour-Tar Disc 6.7729e-01 (6.7729e-01)	Acc@1   0.52 (  0.52)	Loss Pred 4.7665e-01 (4.7665e-01)	Macro F1   0.58 (  0.58)	Loss TOTAL 2.4736e+00 (2.4736e+00)
VALIDATION SOURCE PREDICTIONS
Accuracy score is : 0.7805 
Macro F1 score is : 0.5777 
Weighted F1 score is : 0.7501 
VALIDATION TARGET PREDICTIONS
Accuracy score is : 0.7805 
Macro F1 score is : 0.6262 
Weighted F1 score is : 0.7690 
